[INFO ] 2024-05-16 15:53:02.255 [main] ReportManager - 
[0;7m------------------------------------------------------------------------------------------------------------------------------------------------
                                                    Powered by [1mSHAFT v.8.2.20240411[22m                                                    
------------------------------------------------------------------------------------------------------------------------------------------------
[0m
[INFO ] 2024-05-16 15:53:02.270 [] ReportManager - Checking for engine updates...
[INFO ] 2024-05-16 15:53:02.329 [] ReportManager - Initializing Allure Reporting Environment...
[INFO ] 2024-05-16 15:53:02.331 [] ReportManager - Initializing Summary Reporting Environment...
[INFO ] 2024-05-16 15:53:02.357 [main] ReportManager - TestNG run detected...
[INFO ] 2024-05-16 15:53:02.962 [main] Utils - [TestNG] Running:
  C:\Users\M.Taher\AppData\Local\JetBrains\IdeaIC2023.3\temp-testng-customsuite.xml

[INFO ] 2024-05-16 15:53:03.044 [main] ReportManager - 
[0;7m------------------------------------------------------------------------------------------------------------------------------------------------
                                             Starting execution of suite setup configuration method                                             
                                          'com.shaft.listeners.internal.ConfigurationHelper.suiteSetup'                                          
------------------------------------------------------------------------------------------------------------------------------------------------
[0m
[INFO ] 2024-05-16 15:53:03.138 [main] ReportManager - Initializing Important Links...
[INFO ] 2024-05-16 15:53:03.158 [main] ReportManager - Initializing Properties...
[INFO ] 2024-05-16 15:53:04.116 [] ReportManager - Loaded OpenCV "opencv_java490".
[INFO ] 2024-05-16 15:53:05.707 [main] ReportManager - @Smoke
[INFO ] 2024-05-16 15:53:05.707 [main] ReportManager - Scenario: Verify that user can sign up successfully            [90m# src/main/resources/Features/AccountSignUp.feature:7[0m
[ERROR] 2024-05-16 15:53:05.711 [main] AllureLifecycle - Could not update test case: no test case running
[ERROR] 2024-05-16 15:53:05.712 [main] AllureLifecycle - Could not update test case: no test case running
[ERROR] 2024-05-16 15:53:05.713 [main] AllureLifecycle - Could not update test case: no test case running
[INFO ] 2024-05-16 15:53:05.719 [main] ReportManager - 
[0;7m------------------------------------------------------------------------------------------------------------------------------------------------
                                     Starting Execution: "1 out of 5" scenarios in the "User Signup" feature                                     
                                           Scenario Name: "Verify that user can sign up successfully"                                           
                                                                 Scenario Steps:                                                                 
                                                Given I click on the Sign up button in the Header                                                
                                          When I fill in the username and password in the sign up form                                          
                                                          And I submit the sign up form                                                          
                                               Then I should see the message "Sign up successful."                                               
------------------------------------------------------------------------------------------------------------------------------------------------
[0m
[INFO ] 2024-05-16 15:53:05.761 [main] ReportManager - Scenario Hook: BEFORE
[INFO ] 2024-05-16 15:53:05.769 [main] ReportManager - Loaded Test Data: "src/test/resources/DynamicData.json".
[INFO ] 2024-05-16 15:53:05.774 [main] ReportManager - Successfully created attachment 'Test Data - JSON'
[INFO ] 2024-05-16 15:53:05.808 [main] ReportManager - Setting "targetOperatingSystem" property with "windows".
[INFO ] 2024-05-16 15:53:05.831 [main] ReportManager - Capabilities {acceptInsecureCerts: true, browserName: chrome, goog:chromeOptions: {args: [--start-maximized], extensions: [], prefs: {download.default_directory: D:\JDK\project\Web-Automati..., download.prompt_for_download: false, profile.default_content_settings.popups: 0}}, pageLoadStrategy: normal, timeouts: {pageLoad: 60000, script: 60000}, unhandledPromptBehavior: ignore, webSocketUrl: true}
[INFO ] 2024-05-16 15:53:05.832 [main] ReportManager - Attempting to run locally on: "Windows | Chrome".
[INFO ] 2024-05-16 15:53:05.833 [main] ReportManager - Identifying OS/Driver combination. Please note that if a new browser/driver executable will be downloaded it may take some time depending on your connection...
[DEBUG] 2024-05-16 15:53:06.357 [] BasicClientConnectionManager - Get connection for route {s}->https://api.github.com:443
[DEBUG] 2024-05-16 15:53:06.455 [] DefaultClientConnectionOperator - Connecting to api.github.com:443
[DEBUG] 2024-05-16 15:53:06.859 [] RequestAddCookies - CookieSpec selected: ignoreCookies
[DEBUG] 2024-05-16 15:53:06.874 [] RequestAuthCache - Auth cache not set in the context
[DEBUG] 2024-05-16 15:53:06.875 [] RequestTargetAuthentication - Target auth state: UNCHALLENGED
[DEBUG] 2024-05-16 15:53:06.875 [] RequestProxyAuthentication - Proxy auth state: UNCHALLENGED
[DEBUG] 2024-05-16 15:53:06.875 [] DefaultClientConnection - Sending request: GET /repos/ShaftHQ/SHAFT_ENGINE/releases/latest HTTP/1.1
[DEBUG] 2024-05-16 15:53:06.875 [] wire -  >> "GET /repos/ShaftHQ/SHAFT_ENGINE/releases/latest HTTP/1.1[\r][\n]"
[DEBUG] 2024-05-16 15:53:06.876 [] wire -  >> "Accept: */*[\r][\n]"
[DEBUG] 2024-05-16 15:53:06.876 [] wire -  >> "Host: api.github.com[\r][\n]"
[DEBUG] 2024-05-16 15:53:06.876 [] wire -  >> "Connection: Keep-Alive[\r][\n]"
[DEBUG] 2024-05-16 15:53:06.877 [] wire -  >> "User-Agent: Apache-HttpClient/4.5.13 (Java/22.0.1)[\r][\n]"
[DEBUG] 2024-05-16 15:53:06.877 [] wire -  >> "Accept-Encoding: gzip,deflate[\r][\n]"
[DEBUG] 2024-05-16 15:53:06.877 [] wire -  >> "[\r][\n]"
[DEBUG] 2024-05-16 15:53:06.877 [] headers - >> GET /repos/ShaftHQ/SHAFT_ENGINE/releases/latest HTTP/1.1
[DEBUG] 2024-05-16 15:53:06.877 [] headers - >> Accept: */*
[DEBUG] 2024-05-16 15:53:06.877 [] headers - >> Host: api.github.com
[DEBUG] 2024-05-16 15:53:06.877 [] headers - >> Connection: Keep-Alive
[DEBUG] 2024-05-16 15:53:06.877 [] headers - >> User-Agent: Apache-HttpClient/4.5.13 (Java/22.0.1)
[DEBUG] 2024-05-16 15:53:06.877 [] headers - >> Accept-Encoding: gzip,deflate
[DEBUG] 2024-05-16 15:53:07.126 [] wire -  << "HTTP/1.1 200 OK[\r][\n]"
[DEBUG] 2024-05-16 15:53:07.128 [] wire -  << "Server: GitHub.com[\r][\n]"
[DEBUG] 2024-05-16 15:53:07.128 [] wire -  << "Date: Thu, 16 May 2024 12:53:07 GMT[\r][\n]"
[DEBUG] 2024-05-16 15:53:07.128 [] wire -  << "Content-Type: application/json; charset=utf-8[\r][\n]"
[DEBUG] 2024-05-16 15:53:07.128 [] wire -  << "Cache-Control: public, max-age=60, s-maxage=60[\r][\n]"
[DEBUG] 2024-05-16 15:53:07.128 [] wire -  << "Vary: Accept, Accept-Encoding, Accept, X-Requested-With[\r][\n]"
[DEBUG] 2024-05-16 15:53:07.128 [] wire -  << "ETag: W/"eb81a86056557e148808d85149dd270fcf7bb270ab393ed3ad576696057fe6ff"[\r][\n]"
[DEBUG] 2024-05-16 15:53:07.128 [] wire -  << "Last-Modified: Thu, 11 Apr 2024 15:11:51 GMT[\r][\n]"
[DEBUG] 2024-05-16 15:53:07.128 [] wire -  << "X-GitHub-Media-Type: github.v3; format=json[\r][\n]"
[DEBUG] 2024-05-16 15:53:07.128 [] wire -  << "x-github-api-version-selected: 2022-11-28[\r][\n]"
[DEBUG] 2024-05-16 15:53:07.128 [] wire -  << "Access-Control-Expose-Headers: ETag, Link, Location, Retry-After, X-GitHub-OTP, X-RateLimit-Limit, X-RateLimit-Remaining, X-RateLimit-Used, X-RateLimit-Resource, X-RateLimit-Reset, X-OAuth-Scopes, X-Accepted-OAuth-Scopes, X-Poll-Interval, X-GitHub-Media-Type, X-GitHub-SSO, X-GitHub-Request-Id, Deprecation, Sunset[\r][\n]"
[DEBUG] 2024-05-16 15:53:07.128 [] wire -  << "Access-Control-Allow-Origin: *[\r][\n]"
[DEBUG] 2024-05-16 15:53:07.128 [] wire -  << "Strict-Transport-Security: max-age=31536000; includeSubdomains; preload[\r][\n]"
[DEBUG] 2024-05-16 15:53:07.129 [] wire -  << "X-Frame-Options: deny[\r][\n]"
[DEBUG] 2024-05-16 15:53:07.129 [] wire -  << "X-Content-Type-Options: nosniff[\r][\n]"
[DEBUG] 2024-05-16 15:53:07.129 [] wire -  << "X-XSS-Protection: 0[\r][\n]"
[DEBUG] 2024-05-16 15:53:07.129 [] wire -  << "Referrer-Policy: origin-when-cross-origin, strict-origin-when-cross-origin[\r][\n]"
[DEBUG] 2024-05-16 15:53:07.129 [] wire -  << "Content-Security-Policy: default-src 'none'[\r][\n]"
[DEBUG] 2024-05-16 15:53:07.129 [] wire -  << "Content-Encoding: gzip[\r][\n]"
[DEBUG] 2024-05-16 15:53:07.129 [] wire -  << "X-RateLimit-Limit: 60[\r][\n]"
[DEBUG] 2024-05-16 15:53:07.129 [] wire -  << "X-RateLimit-Remaining: 52[\r][\n]"
[DEBUG] 2024-05-16 15:53:07.129 [] wire -  << "X-RateLimit-Reset: 1715864097[\r][\n]"
[DEBUG] 2024-05-16 15:53:07.129 [] wire -  << "X-RateLimit-Resource: core[\r][\n]"
[DEBUG] 2024-05-16 15:53:07.129 [] wire -  << "X-RateLimit-Used: 8[\r][\n]"
[DEBUG] 2024-05-16 15:53:07.129 [] wire -  << "Accept-Ranges: bytes[\r][\n]"
[DEBUG] 2024-05-16 15:53:07.129 [] wire -  << "Content-Length: 981[\r][\n]"
[DEBUG] 2024-05-16 15:53:07.129 [] wire -  << "X-GitHub-Request-Id: DF9D:3B53CD:8481E15:8531C6A:664601B3[\r][\n]"
[DEBUG] 2024-05-16 15:53:07.129 [] wire -  << "[\r][\n]"
[DEBUG] 2024-05-16 15:53:07.130 [] DefaultClientConnection - Receiving response: HTTP/1.1 200 OK
[DEBUG] 2024-05-16 15:53:07.130 [] headers - << HTTP/1.1 200 OK
[DEBUG] 2024-05-16 15:53:07.130 [] headers - << Server: GitHub.com
[DEBUG] 2024-05-16 15:53:07.130 [] headers - << Date: Thu, 16 May 2024 12:53:07 GMT
[DEBUG] 2024-05-16 15:53:07.130 [] headers - << Content-Type: application/json; charset=utf-8
[DEBUG] 2024-05-16 15:53:07.130 [] headers - << Cache-Control: public, max-age=60, s-maxage=60
[DEBUG] 2024-05-16 15:53:07.131 [] headers - << Vary: Accept, Accept-Encoding, Accept, X-Requested-With
[DEBUG] 2024-05-16 15:53:07.131 [] headers - << ETag: W/"eb81a86056557e148808d85149dd270fcf7bb270ab393ed3ad576696057fe6ff"
[DEBUG] 2024-05-16 15:53:07.131 [] headers - << Last-Modified: Thu, 11 Apr 2024 15:11:51 GMT
[DEBUG] 2024-05-16 15:53:07.131 [] headers - << X-GitHub-Media-Type: github.v3; format=json
[DEBUG] 2024-05-16 15:53:07.131 [] headers - << x-github-api-version-selected: 2022-11-28
[DEBUG] 2024-05-16 15:53:07.131 [] headers - << Access-Control-Expose-Headers: ETag, Link, Location, Retry-After, X-GitHub-OTP, X-RateLimit-Limit, X-RateLimit-Remaining, X-RateLimit-Used, X-RateLimit-Resource, X-RateLimit-Reset, X-OAuth-Scopes, X-Accepted-OAuth-Scopes, X-Poll-Interval, X-GitHub-Media-Type, X-GitHub-SSO, X-GitHub-Request-Id, Deprecation, Sunset
[DEBUG] 2024-05-16 15:53:07.131 [] headers - << Access-Control-Allow-Origin: *
[DEBUG] 2024-05-16 15:53:07.131 [] headers - << Strict-Transport-Security: max-age=31536000; includeSubdomains; preload
[DEBUG] 2024-05-16 15:53:07.131 [] headers - << X-Frame-Options: deny
[DEBUG] 2024-05-16 15:53:07.131 [] headers - << X-Content-Type-Options: nosniff
[DEBUG] 2024-05-16 15:53:07.131 [] headers - << X-XSS-Protection: 0
[DEBUG] 2024-05-16 15:53:07.131 [] headers - << Referrer-Policy: origin-when-cross-origin, strict-origin-when-cross-origin
[DEBUG] 2024-05-16 15:53:07.131 [] headers - << Content-Security-Policy: default-src 'none'
[DEBUG] 2024-05-16 15:53:07.131 [] headers - << Content-Encoding: gzip
[DEBUG] 2024-05-16 15:53:07.131 [] headers - << X-RateLimit-Limit: 60
[DEBUG] 2024-05-16 15:53:07.131 [] headers - << X-RateLimit-Remaining: 52
[DEBUG] 2024-05-16 15:53:07.131 [] headers - << X-RateLimit-Reset: 1715864097
[DEBUG] 2024-05-16 15:53:07.131 [] headers - << X-RateLimit-Resource: core
[DEBUG] 2024-05-16 15:53:07.131 [] headers - << X-RateLimit-Used: 8
[DEBUG] 2024-05-16 15:53:07.131 [] headers - << Accept-Ranges: bytes
[DEBUG] 2024-05-16 15:53:07.131 [] headers - << Content-Length: 981
[DEBUG] 2024-05-16 15:53:07.131 [] headers - << X-GitHub-Request-Id: DF9D:3B53CD:8481E15:8531C6A:664601B3
[DEBUG] 2024-05-16 15:53:07.159 [] RestAssuredHttpBuilder - Parsing response as: application/json; charset=utf-8
[DEBUG] 2024-05-16 15:53:07.161 [] wire -  << "[0x1f][0x8b][0x8][0x0][0x0][0x0][0x0][0x0][0x0][0x3][0xad][0x96][0x8f]k[0xdb]8[0x14][0xc7][0xff][0x15][0xe3]1[0xe]B#[0xc7][0xce][0xcf][0x1a][0xc6][0xee][0xba][0xb4][[0xe1][0xda][0xb2][[0xd9][0xc1][0xed]F[0x90][0xed][0x17][[0x9b],i[0x92][0x9c]^[0x16][0xfa][0xbf][0xdf][0x93]"
[DEBUG] 2024-05-16 15:53:07.162 [] wire -  << "[0xed][0x86][0xc4][0xdc][0xa5]c[0x9][0x81]Dv[0xa4][0xcf]{z?[0xbe][0xd2][0xc6][0xaf]4[0xf7]c[0xbf][0xb0]V[0x99]8[0x8][0xa8]b$g[0xb6][0xa8][0x12][0x92][0xca]2[0xd0][0xa0][0xa4][0x9]>[0x14]ti[0xdf][0xbd][0xf]>[0xbc][0xfb][0xed][0xea]~qy[0xfb][0xf6][0xfa][0xf6][0x12][0xff][0xe2]@[\r][0x98] [0x1c][0xf][0xa6][0xd3]Y[0x14]N[0xfd]3[0x9f][0x1a][0x3][0xd6],N[0xc7][0xc][0x1a]"[0xa2]+[0xc5]%[0xcd]:[0xe8][0xe6][0xa5][0xf9]i[0x97][[0xfc][0xe6][0xb5][0xa0]%[0x9c]q[0x9a][0x0]D[[0x85]-y[0xc7][0xd2]NP[0xe][0x87][0xc3][0xd2]<[0x98][0x91][0x88]D[0x83]h4[0x18][0x85]![0xe2]X[0xe6][0xc7][0xdb](a[0x90]*[H[0xed][0xc7][0x1b][0x9f][0xcb][0x9c][0x9][0x8c]~[0x3][0xef][0xd3][0xd4]2)[0xcc][0xa7]D[0xda][0xcf][0xed][0xb2]Q8;[0x9f]E[0xb3][0xe8][0xcc][0x17]2[0x83][0x85]#[0xf9]7[0xf3][0x9b][0xc9][0xfb][0xf2]|p;[0xbf][0x1c][0xdd][0xdd][0xe7][0xeb][0xbb][0xf9][0xf5]+[0x17][0xfb][0x15][0xb5]Twc_[0xbf]|[\n]"
[DEBUG] 2024-05-16 15:53:07.162 [] wire -  << "Pe@[0xa7]RX[0x10][0xb6]N/[0x13][0x98][0xbd][0xe1]d[0xf6]z[0xf5]j[0x84][0x84]\[0xb7][0x8c][0xda][0x8c][0x8b][0xf9][0xa1][0xda]p0[0x13][0xec][0xbb][0xfe]r|[0x81][0xce][0xbf][0x1c][0xcf][0x9f][\r]"U[0xaa][0xbb][0x18][0xd7],%[0xe7][0xf2][0x1][0xb9][0xdd]m[0xec][0x97][0xe5]A[0xd3][0xc1][0x16][0xb2][0x5]2[0x91][0x1f][0xf]D[0xc8]&[0x90][0xb6][0x0][0x8c]1n[0xdd][0xd5]I[0xce][0xcc]s[0xd5]~[0xd8][0xd5][0x1a][0xb0][0xc1] [0x1a][0x8b][0xb9]uH[0x83][0xe9][0xd2][0xd0][0xad][0xf3]N[[0x1e][0x86][0xb6][0x8]t[0xf6]A[0xa0][0x9f][0x9b][0xba][0x8b]kv[0x95][0x98]T3UW[0xd9]1[0x1][0xd9][0x3]!X[0xea][0x9c][\n]"
[DEBUG] 2024-05-16 15:53:07.162 [] wire -  << "[0xf6][0x9d][0x1e][\r]F[0x90]A^-;[0xc7]8X[0x3][0x10][0x4]+,[0xf5][0xa3]H[\r]a[0x13]([0xcd]V4][0xbb]0jH[0x81][0xad]0G[0xc7][0xd3];([0x84][0xdb][0xb5][0x2]l[0xbe][0xb]i][0xc2][0x98][0x85][0x5][0xcd]J'[0x12]K[0xca][\r]<[0xee][0xea][0xc0][0x1f][0x97][0x8b][0xaf][0xf][0xf3][0xbb]7o[0xe1]~bF[0xd7][0x8b][0xdf][0xaf][0x94][0x3][0xd0]|[0xe1][0xd4][0xc]![0x1d][0x19][0xc2][0xca][0xca][0xc1].[0xb0][0xf1]Kf[0x99])pFI[0x11][0x8d][0xcc][0xff][0x9c][0x9f]i[0x94][0xfd][0xd6][0xf0][0x99][0xaf]4[0xb4][0x92][0xbf]}[0x95]j[0xa0][0x16][0xe3]@q[0x96][0xef][0xf4][0xae]?[0x18][0xf5][0xc3][0xf0]>[0x1c][0xc7]a[0x18]G[0xc3][0xbf][0x10][0xad][0xaa][0x84][0xa3][0xad][0xff][0x9d]5[0xe][0xdd][0xac]V[0xe5][0xe3]O[0x9f][0xdd][0x6]tByW[0xfc]`j[0xd7]wE[0xf8];SGa[0xdb][0xf5]]l"[0xb3]5[0xee][0xfe][0xc5][0xb][0xef][0xcf][0x82][0xda]_[0x8c][0xf7][0xa6][0xa0]"[0x87][0xec]o[0xd1][0xf3].[0xaa]Ry[0x18]n[0x92]K[0x99]s [0xa9]^++[0x89]e[0xe2]k[0xec][0xbe][0xbc][0xa5][0x96][0xa5][0x17][0x92]0"[0x3][0xcf]J7[0x1a][0xe2](Y{[0xbf]f[0xa0]@d[0x14][0xc5][0xd4]c[0xc2]{:[0x9d][0x9f];[0x84]T[0xc5]9*[0xfa]l[0xe0][0xac]W[\n]"
[DEBUG] 2024-05-16 15:53:07.163 [] wire -  << "[0xf5]<[0x3][0x7]N[0xb1][0xb]4[0xe5][0x9e][0x91][0x82][0xba][0x2]k[0xc]s[0xc8][0xb1][0xa2]=iLm[0xf2]F[0x16]4[0xc1]/[0x6]?c2[0xdc]n[0x18]{[0x98]PE[0xd3][0x2]HI[0xb1][0xff][0x88][0xe2][0x15][0x1e]s&[0xae][0x9f][0xfa]FV:[0x85]~[0xf3][0xb2]qdH[0xdc][0xb6][0xd1]O7[0x8]O[0xb0][0xff][0xe1][0xd6][0x19]&[0x9f][0xee][0x6][0x89][0x14],[0xa7]:e4~[0x80]$[0xc3]v[0x6]]RAs[0xd0][0x8d][0x17]c2m[0xbc][0x18][0x93][0xd9]I[0xb2][0x10][0xed][0xd5]@[0xc9]R-[0x8d]\Zb[0xbe]a'k4[0x1f][0x97][0x6][0xc7][0xfd]/Y[0x92][0xb6][0xa5][0x10][0x91][0x9][0x9][0xc9][0x17][\r]aX[0x17]D[0xe4]|j[0x9e][0xfb][0xd8][0x80]+[0x6][0xf]'[0x8][0xcf]h/W[0x16][0x8c][0x15]y[0xdc][0xfc]4~L[0xc9]y[0x13][0x8a])[0x9][0x7]'[0xc9][0xc8]t7#[0xdf]Pn,%[0xd8][0xe4][0x95][0x86][0xb8][0xf9][0xe9]'[0xd8][\n]"
[DEBUG] 2024-05-16 15:53:07.163 [] wire -  << "u?[0xe0][0xd5]i[0xd2]X[0xc7][0x91]K[0xc9][0xf1][0xfd]0q[0xd6][0xaf][0xd8]?[0xde]Gf*[0xca]?R[0xce][0xb2][0xe6][0xb0][0xf2][0x98]1[0x15][0x9c][0xa0][0xfe][0xcf][0x9d][0x89]][0xc1]=[0x9e]y[0x8e]=[0xe5]>[0xbd][0xde][0x15][0xf6]u+,xe[0xec][0xf5][0xe2][0x1f]V[0x4]T[0x1f]E5[0xec][0xa8][0xd6] "[0x4][0xb]|[0xef][0x82]Z[0xa2]>[0xd4]w[0x82]TV[0x2][0xc5]<z[0xfc][0x17][0x13][0xa2]n*[0x18][0xc][0x0][0x0]"
[DEBUG] 2024-05-16 15:53:07.163 [] RestAssuredHttpBuilder - Parsed data to instance of: class org.apache.http.conn.EofSensorInputStream
[DEBUG] 2024-05-16 15:53:07.381 [] BasicClientConnectionManager - Releasing connection org.apache.http.impl.conn.ManagedClientConnectionImpl@3f02bfaa
[DEBUG] 2024-05-16 15:53:07.381 [] BasicClientConnectionManager - Connection can be kept alive indefinitely
[INFO ] 2024-05-16 15:53:08.315 [] ReportManager - Engine Update check done for the day. ðŸ‘
[DEBUG] 2024-05-16 15:53:08.346 [Finalizer] DefaultClientConnection - Connection 0.0.0.0:57245<->140.82.121.5:443 closed
[WARN ] 2024-05-16 15:53:12.702 [main] ReportManager - May 16, 2024 3:53:12 PM org.openqa.selenium.devtools.CdpVersionFinder findNearestMatch
[WARN ] 2024-05-16 15:53:12.702 [main] ReportManager - WARNING: Unable to find an exact match for CDP version 124, returning the closest version; found: 123; Please update to a Selenium version that supports CDP version 124
[INFO ] 2024-05-16 15:53:12.714 [main] ReportManager - Successfully Opened: "Windows | Chrome".
[INFO ] 2024-05-16 15:53:12.992 [main] ReportManager - Target URL: "https://www.demoblaze.com/index.html"
[INFO ] 2024-05-16 15:53:13.028 [main] ReportManager - Initial URL: "about:blank"
[INFO ] 2024-05-16 15:53:14.001 [main] ReportManager - Navigate to url "https://www.demoblaze.com/index.html".
[INFO ] 2024-05-16 15:53:14.044 [main] ReportManager - Expected "STORE", and actual "STORE"
[INFO ] 2024-05-16 15:53:18.051 [main] ReportManager - Successfully created attachment 'Screenshot - Verify_15-53-18-047_16052024'
[INFO ] 2024-05-16 15:53:18.053 [main] ReportManager - Verification passed
[INFO ] 2024-05-16 15:53:18.182 [main] ReportManager - Scenario Step: Given I click on the Sign up button in the Header
[INFO ] 2024-05-16 15:53:21.221 [main] ReportManager - Moved the mouse to the middle of the element.
[INFO ] 2024-05-16 15:53:21.268 [main] ReportManager - Click "Sign up".
[INFO ] 2024-05-16 15:53:21.269 [main] ReportManager -   [32mGiven [0m[32mI click on the Sign up button in the Header[0m            [90m# org.example.StepDefinitions.Signup.i_click_on_the_sign_up_button_in_the_header()[0m
[INFO ] 2024-05-16 15:53:21.271 [main] ReportManager - Scenario Step: When I fill in the username and password in the sign up form
[DEBUG] 2024-05-16 15:53:22.164 [main] ReportManager - Text cleared Using Native Clear
[INFO ] 2024-05-16 15:53:22.212 [main] ReportManager - Type "Brooks Prosacco" into "Username:".
[DEBUG] 2024-05-16 15:53:22.302 [main] ReportManager - Text cleared Using Native Clear
[INFO ] 2024-05-16 15:53:22.343 [main] ReportManager - Type "ropiz15zmpp" into "Password:".
[INFO ] 2024-05-16 15:53:22.344 [main] ReportManager -   [32mWhen [0m[32mI fill in the username and password in the sign up form[0m [90m# org.example.StepDefinitions.Signup.i_fill_in_the_username_and_password_in_the_sign_up_form()[0m
[INFO ] 2024-05-16 15:53:22.344 [main] ReportManager - Scenario Step: And I submit the sign up form
[INFO ] 2024-05-16 15:53:22.507 [main] ReportManager - Moved the mouse to the middle of the element.
[INFO ] 2024-05-16 15:53:22.535 [main] ReportManager - Click "Sign up".
[INFO ] 2024-05-16 15:53:22.536 [main] ReportManager -   [32mAnd [0m[32mI submit the sign up form[0m                                [90m# org.example.StepDefinitions.Signup.i_submit_the_sign_up_form()[0m
[INFO ] 2024-05-16 15:53:22.536 [main] ReportManager - Scenario Step: Then I should see the message "Sign up successful."
[INFO ] 2024-05-16 15:53:23.711 [main] ReportManager -   [32mThen [0m[32mI should see the message [0m[32m[1m"Sign up successful."[0m          [90m# org.example.StepDefinitions.Signup.i_should_see_the_message(java.lang.String)[0m
[INFO ] 2024-05-16 15:53:23.712 [main] ReportManager - Scenario Hook: AFTER
[INFO ] 2024-05-16 15:53:25.390 [main] ReportManager - Successfully Closed Driver.
[ERROR] 2024-05-16 15:53:25.416 [main] AllureLifecycle - Could not add attachment: no test is running
[INFO ] 2024-05-16 15:53:25.417 [main] ReportManager - Successfully created attachment 'SHAFT Engine Logs - Current Method log: runScenario'
[INFO ] 2024-05-16 15:53:25.470 [main] ReportManager - @Smoke
[INFO ] 2024-05-16 15:53:25.470 [main] ReportManager - Scenario: LogIn With Invalid UserName                       [90m# src/main/resources/Features/AccountSignUp.feature:13[0m
[ERROR] 2024-05-16 15:53:25.670 [main] AllureLifecycle - Could not update test case: no test case running
[ERROR] 2024-05-16 15:53:25.672 [main] AllureLifecycle - Could not update test case: no test case running
[ERROR] 2024-05-16 15:53:25.673 [main] AllureLifecycle - Could not update test case: no test case running
[INFO ] 2024-05-16 15:53:25.675 [main] ReportManager - 
[0;7m------------------------------------------------------------------------------------------------------------------------------------------------
                                     Starting Execution: "2 out of 5" scenarios in the "User Signup" feature                                     
                                                  Scenario Name: "LogIn With Invalid UserName"                                                  
                                                                 Scenario Steps:                                                                 
                                                    Given I enter invalid username "Moh@med"                                                    
                                                        When I click on the Login button                                                        
                                            Then I should see an error message "User does not exist."                                            
------------------------------------------------------------------------------------------------------------------------------------------------
[0m
[INFO ] 2024-05-16 15:53:25.684 [main] ReportManager - Scenario Hook: BEFORE
[INFO ] 2024-05-16 15:53:25.686 [main] ReportManager - Loaded Test Data: "src/test/resources/DynamicData.json".
[INFO ] 2024-05-16 15:53:25.687 [main] ReportManager - Successfully created attachment 'Test Data - JSON'
[INFO ] 2024-05-16 15:53:25.694 [main] ReportManager - Setting "targetOperatingSystem" property with "windows".
[INFO ] 2024-05-16 15:53:25.701 [main] ReportManager - Capabilities {acceptInsecureCerts: true, browserName: chrome, goog:chromeOptions: {args: [--start-maximized], extensions: [], prefs: {download.default_directory: D:\JDK\project\Web-Automati..., download.prompt_for_download: false, profile.default_content_settings.popups: 0}}, pageLoadStrategy: normal, timeouts: {pageLoad: 60000, script: 60000}, unhandledPromptBehavior: ignore, webSocketUrl: true}
[INFO ] 2024-05-16 15:53:25.702 [main] ReportManager - Attempting to run locally on: "Windows | Chrome".
[INFO ] 2024-05-16 15:53:25.704 [main] ReportManager - Identifying OS/Driver combination. Please note that if a new browser/driver executable will be downloaded it may take some time depending on your connection...
[WARN ] 2024-05-16 15:53:30.180 [main] ReportManager - May 16, 2024 3:53:30 PM org.openqa.selenium.devtools.CdpVersionFinder findNearestMatch
[WARN ] 2024-05-16 15:53:30.180 [main] ReportManager - WARNING: Unable to find an exact match for CDP version 124, returning the closest version; found: 123; Please update to a Selenium version that supports CDP version 124
[INFO ] 2024-05-16 15:53:30.181 [main] ReportManager - Successfully Opened: "Windows | Chrome".
[INFO ] 2024-05-16 15:53:30.183 [main] ReportManager - Target URL: "https://www.demoblaze.com/index.html"
[INFO ] 2024-05-16 15:53:30.210 [main] ReportManager - Initial URL: "about:blank"
[INFO ] 2024-05-16 15:53:31.126 [main] ReportManager - Navigate to url "https://www.demoblaze.com/index.html".
[INFO ] 2024-05-16 15:53:31.153 [main] ReportManager - Expected "STORE", and actual "STORE"
[INFO ] 2024-05-16 15:53:31.613 [main] ReportManager - Successfully created attachment 'Screenshot - Verify_15-53-31-610_16052024'
[INFO ] 2024-05-16 15:53:31.614 [main] ReportManager - Verification passed
[INFO ] 2024-05-16 15:53:31.615 [main] ReportManager - Scenario Step: Given I enter invalid username "Moh@med"
[INFO ] 2024-05-16 15:53:32.893 [main] ReportManager - Moved the mouse to the middle of the element.
[INFO ] 2024-05-16 15:53:32.934 [main] ReportManager - Click "Log in".
[DEBUG] 2024-05-16 15:53:33.242 [main] ReportManager - Text cleared Using Native Clear
[INFO ] 2024-05-16 15:53:33.284 [main] ReportManager - Type "Moh@med" into "By.id: loginusername".
[DEBUG] 2024-05-16 15:53:33.359 [main] ReportManager - Text cleared Using Native Clear
[INFO ] 2024-05-16 15:53:33.388 [main] ReportManager - Type "123" into "By.id: loginpassword".
[INFO ] 2024-05-16 15:53:33.388 [main] ReportManager -   [32mGiven [0m[32mI enter invalid username [0m[32m[1m"Moh@med"[0m                  [90m# org.example.StepDefinitions.InvalidUserName.InvalidUser(java.lang.String)[0m
[INFO ] 2024-05-16 15:53:33.389 [main] ReportManager - Scenario Step: When I click on the Login button
[INFO ] 2024-05-16 15:53:33.547 [main] ReportManager - Moved the mouse to the middle of the element.
[INFO ] 2024-05-16 15:53:33.577 [main] ReportManager - Click "Log in".
[INFO ] 2024-05-16 15:53:33.578 [main] ReportManager -   [32mWhen [0m[32mI click on the Login button[0m                          [90m# org.example.StepDefinitions.InvalidUserName.iClickOnLoginButton()[0m
[INFO ] 2024-05-16 15:53:33.579 [main] ReportManager - Scenario Step: Then I should see an error message "User does not exist."
[INFO ] 2024-05-16 15:53:33.717 [main] ReportManager -   [31mThen [0m[31mI should see an error message [0m[31m[1m"User does not exist."[0m [90m# org.example.StepDefinitions.InvalidUserName.iShouldSeeErrorMessage(java.lang.String)[0m
[INFO ] 2024-05-16 15:53:33.717 [main] ReportManager -       [31mjava.lang.AssertionError: expected [User does not exist.] but found [Please fill out Username and Password.]
[INFO ] 2024-05-16 15:53:33.718 [main] ReportManager - 	at org.testng.Assert.fail(Assert.java:111)
[INFO ] 2024-05-16 15:53:33.718 [main] ReportManager - 	at org.testng.Assert.failNotEquals(Assert.java:1578)
[INFO ] 2024-05-16 15:53:33.718 [main] ReportManager - 	at org.testng.Assert.assertEqualsImpl(Assert.java:150)
[INFO ] 2024-05-16 15:53:33.718 [main] ReportManager - 	at org.testng.Assert.assertEquals(Assert.java:132)
[INFO ] 2024-05-16 15:53:33.718 [main] ReportManager - 	at org.testng.Assert.assertEquals(Assert.java:656)
[INFO ] 2024-05-16 15:53:33.718 [main] ReportManager - 	at org.testng.Assert.assertEquals(Assert.java:666)
[INFO ] 2024-05-16 15:53:33.718 [main] ReportManager - 	at coreElements.Alerts.ConfirmAlertMessage(Alerts.java:47)
[INFO ] 2024-05-16 15:53:33.718 [main] ReportManager - 	at org.example.StepDefinitions.InvalidUserName.iShouldSeeErrorMessage(InvalidUserName.java:27)
[INFO ] 2024-05-16 15:53:33.718 [main] ReportManager - 	at ï¿¢ï¾œï¾½.I should see an error message "User does not exist."(file:///D:/JDK/project/Web-Automation-Assessment/Web_Automation_Assessment/src/main/resources/Features/AccountSignUp.feature:16)
[INFO ] 2024-05-16 15:53:33.718 [main] ReportManager - [0m
[INFO ] 2024-05-16 15:53:33.719 [main] ReportManager - Scenario Hook: AFTER
[INFO ] 2024-05-16 15:53:35.215 [main] ReportManager - Successfully Closed Driver.
[ERROR] 2024-05-16 15:53:35.219 [main] AllureLifecycle - Could not add attachment: no test is running
[INFO ] 2024-05-16 15:53:35.220 [main] ReportManager - Successfully created attachment 'SHAFT Engine Logs - Current Method log: runScenario'
[INFO ] 2024-05-16 15:53:35.246 [main] ReportManager - @Smoke
[INFO ] 2024-05-16 15:53:35.246 [main] ReportManager - Scenario: LogIn With Invalid Password                [90m# src/main/resources/Features/AccountSignUp.feature:19[0m
[ERROR] 2024-05-16 15:53:35.248 [main] AllureLifecycle - Could not update test case: no test case running
[ERROR] 2024-05-16 15:53:35.248 [main] AllureLifecycle - Could not update test case: no test case running
[ERROR] 2024-05-16 15:53:35.249 [main] AllureLifecycle - Could not update test case: no test case running
[INFO ] 2024-05-16 15:53:35.249 [main] ReportManager - 
[0;7m------------------------------------------------------------------------------------------------------------------------------------------------
                                     Starting Execution: "3 out of 5" scenarios in the "User Signup" feature                                     
                                                  Scenario Name: "LogIn With Invalid Password"                                                  
                                                                 Scenario Steps:                                                                 
                                                     Given I enter invalid password "123456"                                                     
                                                          When I click on  Login button                                                          
                                               Then I should see  error message "Wrong password."                                               
------------------------------------------------------------------------------------------------------------------------------------------------
[0m
[INFO ] 2024-05-16 15:53:35.252 [main] ReportManager - Scenario Hook: BEFORE
[INFO ] 2024-05-16 15:53:35.255 [main] ReportManager - Loaded Test Data: "src/test/resources/DynamicData.json".
[INFO ] 2024-05-16 15:53:35.256 [main] ReportManager - Successfully created attachment 'Test Data - JSON'
[INFO ] 2024-05-16 15:53:35.259 [main] ReportManager - Setting "targetOperatingSystem" property with "windows".
[INFO ] 2024-05-16 15:53:35.261 [main] ReportManager - Capabilities {acceptInsecureCerts: true, browserName: chrome, goog:chromeOptions: {args: [--start-maximized], extensions: [], prefs: {download.default_directory: D:\JDK\project\Web-Automati..., download.prompt_for_download: false, profile.default_content_settings.popups: 0}}, pageLoadStrategy: normal, timeouts: {pageLoad: 60000, script: 60000}, unhandledPromptBehavior: ignore, webSocketUrl: true}
[INFO ] 2024-05-16 15:53:35.262 [main] ReportManager - Attempting to run locally on: "Windows | Chrome".
[INFO ] 2024-05-16 15:53:35.264 [main] ReportManager - Identifying OS/Driver combination. Please note that if a new browser/driver executable will be downloaded it may take some time depending on your connection...
[WARN ] 2024-05-16 15:53:36.841 [main] ReportManager - May 16, 2024 3:53:36 PM org.openqa.selenium.devtools.CdpVersionFinder findNearestMatch
[WARN ] 2024-05-16 15:53:36.841 [main] ReportManager - WARNING: Unable to find an exact match for CDP version 124, returning the closest version; found: 123; Please update to a Selenium version that supports CDP version 124
[INFO ] 2024-05-16 15:53:36.842 [main] ReportManager - Successfully Opened: "Windows | Chrome".
[INFO ] 2024-05-16 15:53:36.844 [main] ReportManager - Target URL: "https://www.demoblaze.com/index.html"
[INFO ] 2024-05-16 15:53:36.913 [main] ReportManager - Initial URL: "about:blank"
[INFO ] 2024-05-16 15:53:37.657 [main] ReportManager - Navigate to url "https://www.demoblaze.com/index.html".
[INFO ] 2024-05-16 15:53:37.680 [main] ReportManager - Expected "STORE", and actual "STORE"
[INFO ] 2024-05-16 15:53:38.135 [main] ReportManager - Successfully created attachment 'Screenshot - Verify_15-53-38-131_16052024'
[INFO ] 2024-05-16 15:53:38.136 [main] ReportManager - Verification passed
[INFO ] 2024-05-16 15:53:38.139 [main] ReportManager - Scenario Step: Given I enter invalid password "123456"
[INFO ] 2024-05-16 15:53:38.318 [main] ReportManager - Moved the mouse to the middle of the element.
[INFO ] 2024-05-16 15:53:38.438 [main] ReportManager - Click "Log in".
[DEBUG] 2024-05-16 15:53:38.653 [main] ReportManager - Text cleared Using Native Clear
[INFO ] 2024-05-16 15:53:38.693 [main] ReportManager - Type "123" into "By.id: loginusername".
[DEBUG] 2024-05-16 15:53:38.767 [main] ReportManager - Text cleared Using Native Clear
[INFO ] 2024-05-16 15:53:38.800 [main] ReportManager - Type "123456" into "By.id: loginpassword".
[INFO ] 2024-05-16 15:53:38.800 [main] ReportManager -   [32mGiven [0m[32mI enter invalid password [0m[32m[1m"123456"[0m            [90m# org.example.StepDefinitions.InvalidPass.iEnterInvalidPassword(java.lang.String)[0m
[INFO ] 2024-05-16 15:53:38.801 [main] ReportManager - Scenario Step: When I click on  Login button
[INFO ] 2024-05-16 15:53:38.958 [main] ReportManager - Moved the mouse to the middle of the element.
[INFO ] 2024-05-16 15:53:38.986 [main] ReportManager - Click "Log in".
[INFO ] 2024-05-16 15:53:38.986 [main] ReportManager -   [32mWhen [0m[32mI click on  Login button[0m                      [90m# org.example.StepDefinitions.InvalidPass.iClickOnLoginButton()[0m
[INFO ] 2024-05-16 15:53:38.987 [main] ReportManager - Scenario Step: Then I should see  error message "Wrong password."
[INFO ] 2024-05-16 15:53:39.032 [main] ReportManager - Alert action failed.
[ERROR] 2024-05-16 15:53:39.035 [main] ReportManager - java.lang.reflect.InvocationTargetException: null
 java.base/jdk.internal.reflect.DirectMethodHandleAccessor.invoke(DirectMethodHandleAccessor.java:118)
 java.base/java.lang.reflect.Method.invoke(Method.java:580)
 org.openqa.selenium.support.decorators.WebDriverDecorator.call(WebDriverDecorator.java:249)
 org.openqa.selenium.support.decorators.DefaultDecorated.call(DefaultDecorated.java:48)
 org.openqa.selenium.support.decorators.WebDriverDecorator.lambda$createProxy$2(WebDriverDecorator.java:321)
 net.bytebuddy.renamed.java.lang.Object$ByteBuddy$FI2zLSZU.alert(Unknown Source)
 coreElements.Alerts.lambda$ConfirmAlertMessage$1(Alerts.java:42)
 org.openqa.selenium.support.ui.FluentWait.until(FluentWait.java:203)
 coreElements.Alerts.ConfirmAlertMessage(Alerts.java:40)
 org.example.StepDefinitions.InvalidPass.iShouldSeeErrorMessage(InvalidPass.java:26)
 java.base/jdk.internal.reflect.DirectMethodHandleAccessor.invoke(DirectMethodHandleAccessor.java:103)
 java.base/java.lang.reflect.Method.invoke(Method.java:580)
 io.cucumber.java.Invoker.doInvoke(Invoker.java:66)
 io.cucumber.java.Invoker.invoke(Invoker.java:24)
 io.cucumber.java.AbstractGlueDefinition.invokeMethod(AbstractGlueDefinition.java:47)
 io.cucumber.java.JavaStepDefinition.execute(JavaStepDefinition.java:29)
 io.cucumber.core.runner.CoreStepDefinition.execute(CoreStepDefinition.java:66)
 io.cucumber.core.runner.PickleStepDefinitionMatch.runStep(PickleStepDefinitionMatch.java:63)
 io.cucumber.core.runner.ExecutionMode$1.execute(ExecutionMode.java:10)
 io.cucumber.core.runner.TestStep.executeStep(TestStep.java:81)
 io.cucumber.core.runner.TestStep.run(TestStep.java:53)
 io.cucumber.core.runner.PickleStepTestStep.run(PickleStepTestStep.java:51)
 io.cucumber.core.runner.TestCase.run(TestCase.java:84)
 io.cucumber.core.runner.Runner.runPickle(Runner.java:75)
 io.cucumber.testng.TestNGCucumberRunner.lambda$runScenario$1(TestNGCucumberRunner.java:132)
 io.cucumber.core.runtime.CucumberExecutionContext.lambda$runTestCase$5(CucumberExecutionContext.java:136)
 io.cucumber.core.runtime.RethrowingThrowableCollector.executeAndThrow(RethrowingThrowableCollector.java:23)
 io.cucumber.core.runtime.CucumberExecutionContext.runTestCase(CucumberExecutionContext.java:136)
 io.cucumber.testng.TestNGCucumberRunner.runScenario(TestNGCucumberRunner.java:129)
 io.cucumber.testng.AbstractTestNGCucumberTests.runScenario(AbstractTestNGCucumberTests.java:35)
 java.base/jdk.internal.reflect.DirectMethodHandleAccessor.invoke(DirectMethodHandleAccessor.java:103)
 java.base/java.lang.reflect.Method.invoke(Method.java:580)
 org.testng.internal.invokers.MethodInvocationHelper.invokeMethod(MethodInvocationHelper.java:141)
 org.testng.internal.invokers.TestInvoker.invokeMethod(TestInvoker.java:686)
 org.testng.internal.invokers.TestInvoker.invokeTestMethod(TestInvoker.java:230)
 org.testng.internal.invokers.MethodRunner.runInSequence(MethodRunner.java:63)
 org.testng.internal.invokers.TestInvoker$MethodInvocationAgent.invoke(TestInvoker.java:992)
 org.testng.internal.invokers.TestInvoker.invokeTestMethods(TestInvoker.java:203)
 org.testng.internal.invokers.TestMethodWorker.invokeTestMethods(TestMethodWorker.java:154)
 org.testng.internal.invokers.TestMethodWorker.run(TestMethodWorker.java:134)
 java.base/java.util.ArrayList.forEach(ArrayList.java:1597)
 org.testng.TestRunner.privateRun(TestRunner.java:739)
 org.testng.TestRunner.run(TestRunner.java:614)
 org.testng.SuiteRunner.runTest(SuiteRunner.java:421)
 org.testng.SuiteRunner.runSequentially(SuiteRunner.java:413)
 org.testng.SuiteRunner.privateRun(SuiteRunner.java:373)
 org.testng.SuiteRunner.run(SuiteRunner.java:312)
 org.testng.SuiteRunnerWorker.runSuite(SuiteRunnerWorker.java:52)
 org.testng.SuiteRunnerWorker.run(SuiteRunnerWorker.java:95)
 org.testng.TestNG.runSuitesSequentially(TestNG.java:1274)
 org.testng.TestNG.runSuitesLocally(TestNG.java:1208)
 org.testng.TestNG.runSuites(TestNG.java:1112)
 org.testng.TestNG.run(TestNG.java:1079)
 com.intellij.rt.testng.IDEARemoteTestNG.run(IDEARemoteTestNG.java:65)
 com.intellij.rt.testng.RemoteTestNGStarter.main(RemoteTestNGStarter.java:105)

Caused by: org.openqa.selenium.NoAlertPresentException: no such alert
  (Session info: chrome=124.0.6367.203)
Build info: version: '4.19.1', revision: 'abe0ee07dc'
System info: os.name: 'Windows 10', os.arch: 'amd64', os.version: '10.0', java.version: '22.0.1'
Driver info: org.openqa.selenium.chrome.ChromeDriver
Command: [10f0f06e5757dadc4c1a77ac4f0cda8d, getAlertText {}]
Capabilities {acceptInsecureCerts: true, browserName: chrome, browserVersion: 124.0.6367.203, chrome: {chromedriverVersion: 124.0.6367.207 (a9001a6e39f..., userDataDir: C:\Users\MED5B~1.TAH\AppDat...}, fedcm:accounts: true, goog:chromeOptions: {debuggerAddress: localhost:57388}, networkConnectionEnabled: false, pageLoadStrategy: normal, platformName: windows, proxy: Proxy(), se:cdp: ws://localhost:57388/devtoo..., se:cdpVersion: 124.0.6367.203, setWindowRect: true, strictFileInteractability: false, timeouts: {implicit: 0, pageLoad: 60000, script: 60000}, unhandledPromptBehavior: ignore, webSocketUrl: ws://localhost:8763/session..., webauthn:extension:credBlob: true, webauthn:extension:largeBlob: true, webauthn:extension:minPinLength: true, webauthn:extension:prf: true, webauthn:virtualAuthenticators: true}
Session ID: 10f0f06e5757dadc4c1a77ac4f0cda8d
 java.base/jdk.internal.reflect.DirectConstructorHandleAccessor.newInstance(DirectConstructorHandleAccessor.java:62)
 java.base/java.lang.reflect.Constructor.newInstanceWithCaller(Constructor.java:502)
 java.base/java.lang.reflect.Constructor.newInstance(Constructor.java:486)
 org.openqa.selenium.remote.ErrorCodec.decode(ErrorCodec.java:167)
 org.openqa.selenium.remote.codec.w3c.W3CHttpResponseCodec.decode(W3CHttpResponseCodec.java:138)
 org.openqa.selenium.remote.codec.w3c.W3CHttpResponseCodec.decode(W3CHttpResponseCodec.java:50)
 org.openqa.selenium.remote.HttpCommandExecutor.execute(HttpCommandExecutor.java:190)
 org.openqa.selenium.remote.service.DriverCommandExecutor.invokeExecute(DriverCommandExecutor.java:216)
 org.openqa.selenium.remote.service.DriverCommandExecutor.execute(DriverCommandExecutor.java:174)
 org.openqa.selenium.remote.RemoteWebDriver.execute(RemoteWebDriver.java:518)
 org.openqa.selenium.remote.RemoteWebDriver.execute(RemoteWebDriver.java:591)
 org.openqa.selenium.remote.RemoteWebDriver.execute(RemoteWebDriver.java:595)
 org.openqa.selenium.remote.RemoteWebDriver$RemoteTargetLocator.alert(RemoteWebDriver.java:1163)
 java.base/jdk.internal.reflect.DirectMethodHandleAccessor.invoke(DirectMethodHandleAccessor.java:103)
 java.base/java.lang.reflect.Method.invoke(Method.java:580)
 org.openqa.selenium.support.decorators.WebDriverDecorator.call(WebDriverDecorator.java:249)
 org.openqa.selenium.support.decorators.DefaultDecorated.call(DefaultDecorated.java:48)
 org.openqa.selenium.support.decorators.WebDriverDecorator.lambda$createProxy$2(WebDriverDecorator.java:321)
 net.bytebuddy.renamed.java.lang.Object$ByteBuddy$FI2zLSZU.alert(Unknown Source)
 coreElements.Alerts.lambda$ConfirmAlertMessage$1(Alerts.java:42)
 org.openqa.selenium.support.ui.FluentWait.until(FluentWait.java:203)
 coreElements.Alerts.ConfirmAlertMessage(Alerts.java:40)
 org.example.StepDefinitions.InvalidPass.iShouldSeeErrorMessage(InvalidPass.java:26)
 java.base/jdk.internal.reflect.DirectMethodHandleAccessor.invoke(DirectMethodHandleAccessor.java:103)
 java.base/java.lang.reflect.Method.invoke(Method.java:580)
 io.cucumber.java.Invoker.doInvoke(Invoker.java:66)
 io.cucumber.java.Invoker.invoke(Invoker.java:24)
 io.cucumber.java.AbstractGlueDefinition.invokeMethod(AbstractGlueDefinition.java:47)
 io.cucumber.java.JavaStepDefinition.execute(JavaStepDefinition.java:29)
 io.cucumber.core.runner.CoreStepDefinition.execute(CoreStepDefinition.java:66)
 io.cucumber.core.runner.PickleStepDefinitionMatch.runStep(PickleStepDefinitionMatch.java:63)
 io.cucumber.core.runner.ExecutionMode$1.execute(ExecutionMode.java:10)
 io.cucumber.core.runner.TestStep.executeStep(TestStep.java:81)
 io.cucumber.core.runner.TestStep.run(TestStep.java:53)
 io.cucumber.core.runner.PickleStepTestStep.run(PickleStepTestStep.java:51)
 io.cucumber.core.runner.TestCase.run(TestCase.java:84)
 io.cucumber.core.runner.Runner.runPickle(Runner.java:75)
 io.cucumber.testng.TestNGCucumberRunner.lambda$runScenario$1(TestNGCucumberRunner.java:132)
 io.cucumber.core.runtime.CucumberExecutionContext.lambda$runTestCase$5(CucumberExecutionContext.java:136)
 io.cucumber.core.runtime.RethrowingThrowableCollector.executeAndThrow(RethrowingThrowableCollector.java:23)
 io.cucumber.core.runtime.CucumberExecutionContext.runTestCase(CucumberExecutionContext.java:136)
 io.cucumber.testng.TestNGCucumberRunner.runScenario(TestNGCucumberRunner.java:129)
 io.cucumber.testng.AbstractTestNGCucumberTests.runScenario(AbstractTestNGCucumberTests.java:35)
 java.base/jdk.internal.reflect.DirectMethodHandleAccessor.invoke(DirectMethodHandleAccessor.java:103)
 java.base/java.lang.reflect.Method.invoke(Method.java:580)
 org.testng.internal.invokers.MethodInvocationHelper.invokeMethod(MethodInvocationHelper.java:141)
 org.testng.internal.invokers.TestInvoker.invokeMethod(TestInvoker.java:686)
 org.testng.internal.invokers.TestInvoker.invokeTestMethod(TestInvoker.java:230)
 org.testng.internal.invokers.MethodRunner.runInSequence(MethodRunner.java:63)
 org.testng.internal.invokers.TestInvoker$MethodInvocationAgent.invoke(TestInvoker.java:992)
 org.testng.internal.invokers.TestInvoker.invokeTestMethods(TestInvoker.java:203)
 org.testng.internal.invokers.TestMethodWorker.invokeTestMethods(TestMethodWorker.java:154)
 org.testng.internal.invokers.TestMethodWorker.run(TestMethodWorker.java:134)
 java.base/java.util.ArrayList.forEach(ArrayList.java:1597)
 org.testng.TestRunner.privateRun(TestRunner.java:739)
 org.testng.TestRunner.run(TestRunner.java:614)
 org.testng.SuiteRunner.runTest(SuiteRunner.java:421)
 org.testng.SuiteRunner.runSequentially(SuiteRunner.java:413)
 org.testng.SuiteRunner.privateRun(SuiteRunner.java:373)
 org.testng.SuiteRunner.run(SuiteRunner.java:312)
 org.testng.SuiteRunnerWorker.runSuite(SuiteRunnerWorker.java:52)
 org.testng.SuiteRunnerWorker.run(SuiteRunnerWorker.java:95)
 org.testng.TestNG.runSuitesSequentially(TestNG.java:1274)
 org.testng.TestNG.runSuitesLocally(TestNG.java:1208)
 org.testng.TestNG.runSuites(TestNG.java:1112)
 org.testng.TestNG.run(TestNG.java:1079)
 com.intellij.rt.testng.IDEARemoteTestNG.run(IDEARemoteTestNG.java:65)
 com.intellij.rt.testng.RemoteTestNGStarter.main(RemoteTestNGStarter.java:105)
[INFO ] 2024-05-16 15:53:39.363 [main] ReportManager - Alert action failed.
[ERROR] 2024-05-16 15:53:39.364 [main] ReportManager - java.lang.reflect.InvocationTargetException: null
 java.base/jdk.internal.reflect.DirectMethodHandleAccessor.invoke(DirectMethodHandleAccessor.java:118)
 java.base/java.lang.reflect.Method.invoke(Method.java:580)
 org.openqa.selenium.support.decorators.WebDriverDecorator.call(WebDriverDecorator.java:249)
 org.openqa.selenium.support.decorators.DefaultDecorated.call(DefaultDecorated.java:48)
 org.openqa.selenium.support.decorators.WebDriverDecorator.lambda$createProxy$2(WebDriverDecorator.java:321)
 net.bytebuddy.renamed.java.lang.Object$ByteBuddy$7vZYmTWC.alert(Unknown Source)
 coreElements.Alerts.lambda$ConfirmAlertMessage$1(Alerts.java:42)
 org.openqa.selenium.support.ui.FluentWait.until(FluentWait.java:203)
 coreElements.Alerts.ConfirmAlertMessage(Alerts.java:40)
 org.example.StepDefinitions.InvalidPass.iShouldSeeErrorMessage(InvalidPass.java:26)
 java.base/jdk.internal.reflect.DirectMethodHandleAccessor.invoke(DirectMethodHandleAccessor.java:103)
 java.base/java.lang.reflect.Method.invoke(Method.java:580)
 io.cucumber.java.Invoker.doInvoke(Invoker.java:66)
 io.cucumber.java.Invoker.invoke(Invoker.java:24)
 io.cucumber.java.AbstractGlueDefinition.invokeMethod(AbstractGlueDefinition.java:47)
 io.cucumber.java.JavaStepDefinition.execute(JavaStepDefinition.java:29)
 io.cucumber.core.runner.CoreStepDefinition.execute(CoreStepDefinition.java:66)
 io.cucumber.core.runner.PickleStepDefinitionMatch.runStep(PickleStepDefinitionMatch.java:63)
 io.cucumber.core.runner.ExecutionMode$1.execute(ExecutionMode.java:10)
 io.cucumber.core.runner.TestStep.executeStep(TestStep.java:81)
 io.cucumber.core.runner.TestStep.run(TestStep.java:53)
 io.cucumber.core.runner.PickleStepTestStep.run(PickleStepTestStep.java:51)
 io.cucumber.core.runner.TestCase.run(TestCase.java:84)
 io.cucumber.core.runner.Runner.runPickle(Runner.java:75)
 io.cucumber.testng.TestNGCucumberRunner.lambda$runScenario$1(TestNGCucumberRunner.java:132)
 io.cucumber.core.runtime.CucumberExecutionContext.lambda$runTestCase$5(CucumberExecutionContext.java:136)
 io.cucumber.core.runtime.RethrowingThrowableCollector.executeAndThrow(RethrowingThrowableCollector.java:23)
 io.cucumber.core.runtime.CucumberExecutionContext.runTestCase(CucumberExecutionContext.java:136)
 io.cucumber.testng.TestNGCucumberRunner.runScenario(TestNGCucumberRunner.java:129)
 io.cucumber.testng.AbstractTestNGCucumberTests.runScenario(AbstractTestNGCucumberTests.java:35)
 java.base/jdk.internal.reflect.DirectMethodHandleAccessor.invoke(DirectMethodHandleAccessor.java:103)
 java.base/java.lang.reflect.Method.invoke(Method.java:580)
 org.testng.internal.invokers.MethodInvocationHelper.invokeMethod(MethodInvocationHelper.java:141)
 org.testng.internal.invokers.TestInvoker.invokeMethod(TestInvoker.java:686)
 org.testng.internal.invokers.TestInvoker.invokeTestMethod(TestInvoker.java:230)
 org.testng.internal.invokers.MethodRunner.runInSequence(MethodRunner.java:63)
 org.testng.internal.invokers.TestInvoker$MethodInvocationAgent.invoke(TestInvoker.java:992)
 org.testng.internal.invokers.TestInvoker.invokeTestMethods(TestInvoker.java:203)
 org.testng.internal.invokers.TestMethodWorker.invokeTestMethods(TestMethodWorker.java:154)
 org.testng.internal.invokers.TestMethodWorker.run(TestMethodWorker.java:134)
 java.base/java.util.ArrayList.forEach(ArrayList.java:1597)
 org.testng.TestRunner.privateRun(TestRunner.java:739)
 org.testng.TestRunner.run(TestRunner.java:614)
 org.testng.SuiteRunner.runTest(SuiteRunner.java:421)
 org.testng.SuiteRunner.runSequentially(SuiteRunner.java:413)
 org.testng.SuiteRunner.privateRun(SuiteRunner.java:373)
 org.testng.SuiteRunner.run(SuiteRunner.java:312)
 org.testng.SuiteRunnerWorker.runSuite(SuiteRunnerWorker.java:52)
 org.testng.SuiteRunnerWorker.run(SuiteRunnerWorker.java:95)
 org.testng.TestNG.runSuitesSequentially(TestNG.java:1274)
 org.testng.TestNG.runSuitesLocally(TestNG.java:1208)
 org.testng.TestNG.runSuites(TestNG.java:1112)
 org.testng.TestNG.run(TestNG.java:1079)
 com.intellij.rt.testng.IDEARemoteTestNG.run(IDEARemoteTestNG.java:65)
 com.intellij.rt.testng.RemoteTestNGStarter.main(RemoteTestNGStarter.java:105)

Caused by: org.openqa.selenium.NoAlertPresentException: no such alert
  (Session info: chrome=124.0.6367.203)
Build info: version: '4.19.1', revision: 'abe0ee07dc'
System info: os.name: 'Windows 10', os.arch: 'amd64', os.version: '10.0', java.version: '22.0.1'
Driver info: org.openqa.selenium.chrome.ChromeDriver
Command: [10f0f06e5757dadc4c1a77ac4f0cda8d, getAlertText {}]
Capabilities {acceptInsecureCerts: true, browserName: chrome, browserVersion: 124.0.6367.203, chrome: {chromedriverVersion: 124.0.6367.207 (a9001a6e39f..., userDataDir: C:\Users\MED5B~1.TAH\AppDat...}, fedcm:accounts: true, goog:chromeOptions: {debuggerAddress: localhost:57388}, networkConnectionEnabled: false, pageLoadStrategy: normal, platformName: windows, proxy: Proxy(), se:cdp: ws://localhost:57388/devtoo..., se:cdpVersion: 124.0.6367.203, setWindowRect: true, strictFileInteractability: false, timeouts: {implicit: 0, pageLoad: 60000, script: 60000}, unhandledPromptBehavior: ignore, webSocketUrl: ws://localhost:8763/session..., webauthn:extension:credBlob: true, webauthn:extension:largeBlob: true, webauthn:extension:minPinLength: true, webauthn:extension:prf: true, webauthn:virtualAuthenticators: true}
Session ID: 10f0f06e5757dadc4c1a77ac4f0cda8d
 java.base/jdk.internal.reflect.DirectConstructorHandleAccessor.newInstance(DirectConstructorHandleAccessor.java:62)
 java.base/java.lang.reflect.Constructor.newInstanceWithCaller(Constructor.java:502)
 java.base/java.lang.reflect.Constructor.newInstance(Constructor.java:486)
 org.openqa.selenium.remote.ErrorCodec.decode(ErrorCodec.java:167)
 org.openqa.selenium.remote.codec.w3c.W3CHttpResponseCodec.decode(W3CHttpResponseCodec.java:138)
 org.openqa.selenium.remote.codec.w3c.W3CHttpResponseCodec.decode(W3CHttpResponseCodec.java:50)
 org.openqa.selenium.remote.HttpCommandExecutor.execute(HttpCommandExecutor.java:190)
 org.openqa.selenium.remote.service.DriverCommandExecutor.invokeExecute(DriverCommandExecutor.java:216)
 org.openqa.selenium.remote.service.DriverCommandExecutor.execute(DriverCommandExecutor.java:174)
 org.openqa.selenium.remote.RemoteWebDriver.execute(RemoteWebDriver.java:518)
 org.openqa.selenium.remote.RemoteWebDriver.execute(RemoteWebDriver.java:591)
 org.openqa.selenium.remote.RemoteWebDriver.execute(RemoteWebDriver.java:595)
 org.openqa.selenium.remote.RemoteWebDriver$RemoteTargetLocator.alert(RemoteWebDriver.java:1163)
 java.base/jdk.internal.reflect.DirectMethodHandleAccessor.invoke(DirectMethodHandleAccessor.java:103)
 java.base/java.lang.reflect.Method.invoke(Method.java:580)
 org.openqa.selenium.support.decorators.WebDriverDecorator.call(WebDriverDecorator.java:249)
 org.openqa.selenium.support.decorators.DefaultDecorated.call(DefaultDecorated.java:48)
 org.openqa.selenium.support.decorators.WebDriverDecorator.lambda$createProxy$2(WebDriverDecorator.java:321)
 net.bytebuddy.renamed.java.lang.Object$ByteBuddy$7vZYmTWC.alert(Unknown Source)
 coreElements.Alerts.lambda$ConfirmAlertMessage$1(Alerts.java:42)
 org.openqa.selenium.support.ui.FluentWait.until(FluentWait.java:203)
 coreElements.Alerts.ConfirmAlertMessage(Alerts.java:40)
 org.example.StepDefinitions.InvalidPass.iShouldSeeErrorMessage(InvalidPass.java:26)
 java.base/jdk.internal.reflect.DirectMethodHandleAccessor.invoke(DirectMethodHandleAccessor.java:103)
 java.base/java.lang.reflect.Method.invoke(Method.java:580)
 io.cucumber.java.Invoker.doInvoke(Invoker.java:66)
 io.cucumber.java.Invoker.invoke(Invoker.java:24)
 io.cucumber.java.AbstractGlueDefinition.invokeMethod(AbstractGlueDefinition.java:47)
 io.cucumber.java.JavaStepDefinition.execute(JavaStepDefinition.java:29)
 io.cucumber.core.runner.CoreStepDefinition.execute(CoreStepDefinition.java:66)
 io.cucumber.core.runner.PickleStepDefinitionMatch.runStep(PickleStepDefinitionMatch.java:63)
 io.cucumber.core.runner.ExecutionMode$1.execute(ExecutionMode.java:10)
 io.cucumber.core.runner.TestStep.executeStep(TestStep.java:81)
 io.cucumber.core.runner.TestStep.run(TestStep.java:53)
 io.cucumber.core.runner.PickleStepTestStep.run(PickleStepTestStep.java:51)
 io.cucumber.core.runner.TestCase.run(TestCase.java:84)
 io.cucumber.core.runner.Runner.runPickle(Runner.java:75)
 io.cucumber.testng.TestNGCucumberRunner.lambda$runScenario$1(TestNGCucumberRunner.java:132)
 io.cucumber.core.runtime.CucumberExecutionContext.lambda$runTestCase$5(CucumberExecutionContext.java:136)
 io.cucumber.core.runtime.RethrowingThrowableCollector.executeAndThrow(RethrowingThrowableCollector.java:23)
 io.cucumber.core.runtime.CucumberExecutionContext.runTestCase(CucumberExecutionContext.java:136)
 io.cucumber.testng.TestNGCucumberRunner.runScenario(TestNGCucumberRunner.java:129)
 io.cucumber.testng.AbstractTestNGCucumberTests.runScenario(AbstractTestNGCucumberTests.java:35)
 java.base/jdk.internal.reflect.DirectMethodHandleAccessor.invoke(DirectMethodHandleAccessor.java:103)
 java.base/java.lang.reflect.Method.invoke(Method.java:580)
 org.testng.internal.invokers.MethodInvocationHelper.invokeMethod(MethodInvocationHelper.java:141)
 org.testng.internal.invokers.TestInvoker.invokeMethod(TestInvoker.java:686)
 org.testng.internal.invokers.TestInvoker.invokeTestMethod(TestInvoker.java:230)
 org.testng.internal.invokers.MethodRunner.runInSequence(MethodRunner.java:63)
 org.testng.internal.invokers.TestInvoker$MethodInvocationAgent.invoke(TestInvoker.java:992)
 org.testng.internal.invokers.TestInvoker.invokeTestMethods(TestInvoker.java:203)
 org.testng.internal.invokers.TestMethodWorker.invokeTestMethods(TestMethodWorker.java:154)
 org.testng.internal.invokers.TestMethodWorker.run(TestMethodWorker.java:134)
 java.base/java.util.ArrayList.forEach(ArrayList.java:1597)
 org.testng.TestRunner.privateRun(TestRunner.java:739)
 org.testng.TestRunner.run(TestRunner.java:614)
 org.testng.SuiteRunner.runTest(SuiteRunner.java:421)
 org.testng.SuiteRunner.runSequentially(SuiteRunner.java:413)
 org.testng.SuiteRunner.privateRun(SuiteRunner.java:373)
 org.testng.SuiteRunner.run(SuiteRunner.java:312)
 org.testng.SuiteRunnerWorker.runSuite(SuiteRunnerWorker.java:52)
 org.testng.SuiteRunnerWorker.run(SuiteRunnerWorker.java:95)
 org.testng.TestNG.runSuitesSequentially(TestNG.java:1274)
 org.testng.TestNG.runSuitesLocally(TestNG.java:1208)
 org.testng.TestNG.runSuites(TestNG.java:1112)
 org.testng.TestNG.run(TestNG.java:1079)
 com.intellij.rt.testng.IDEARemoteTestNG.run(IDEARemoteTestNG.java:65)
 com.intellij.rt.testng.RemoteTestNGStarter.main(RemoteTestNGStarter.java:105)
[INFO ] 2024-05-16 15:53:39.729 [main] ReportManager -   [32mThen [0m[32mI should see  error message [0m[32m[1m"Wrong password."[0m [90m# org.example.StepDefinitions.InvalidPass.iShouldSeeErrorMessage(java.lang.String)[0m
[INFO ] 2024-05-16 15:53:39.730 [main] ReportManager - Scenario Hook: AFTER
[INFO ] 2024-05-16 15:53:39.982 [main] ReportManager - Successfully Closed Driver.
[ERROR] 2024-05-16 15:53:39.985 [main] AllureLifecycle - Could not add attachment: no test is running
[INFO ] 2024-05-16 15:53:39.985 [main] ReportManager - Successfully created attachment 'SHAFT Engine Logs - Current Method log: runScenario'
[INFO ] 2024-05-16 15:53:39.995 [main] ReportManager - @Smoke
[INFO ] 2024-05-16 15:53:39.995 [main] ReportManager - Scenario: Verify that two products are purchased successfully                      [90m# src/main/resources/Features/BuyProduct.feature:7[0m
[ERROR] 2024-05-16 15:53:40.012 [main] AllureLifecycle - Could not update test case: no test case running
[ERROR] 2024-05-16 15:53:40.012 [main] AllureLifecycle - Could not update test case: no test case running
[ERROR] 2024-05-16 15:53:40.013 [main] AllureLifecycle - Could not update test case: no test case running
[INFO ] 2024-05-16 15:53:40.013 [main] ReportManager - 
[0;7m------------------------------------------------------------------------------------------------------------------------------------------------
                                  Starting Execution: "4 out of 5" scenarios in the "Purchase Products" feature                                  
                                      Scenario Name: "Verify that two products are purchased successfully"                                      
                                                                 Scenario Steps:                                                                 
                                                     Given I click on Login button in Header                                                     
                                              When I fill in username  and password  in Login Form                                              
                                               And I validate that account is opened Successfully                                               
                                                And I click on Laptops in categories on home page                                                
                                                            And I choose product one                                                            
                                                And I click on Add to cart button for product one                                                
                                          And I validate that product one is successfully added to cart                                          
                                                            And I choose product two                                                            
                                                And I click on Add to cart button for product two                                                
                                          And I validate that product two is successfully added to cart                                          
                                                      And I click on Cart button in header                                                      
                                   Then I validate that both products are successfully added in products page                                   
                                          And I validate that the total amount is calculated correctly                                          
                                                        And I click on Place order button                                                        
                                And I validate that the total amount is calculated correctly in place order page                                
                                                         And I fill in  place order form                                                         
                                               And I click on Purchase button in place order Form                                               
                                        Then I validate that 'Thank you for your purchase!' is displayed                                        
------------------------------------------------------------------------------------------------------------------------------------------------
[0m
[INFO ] 2024-05-16 15:53:40.015 [main] ReportManager - Scenario Hook: BEFORE
[INFO ] 2024-05-16 15:53:40.016 [main] ReportManager - Loaded Test Data: "src/test/resources/DynamicData.json".
[INFO ] 2024-05-16 15:53:40.017 [main] ReportManager - Successfully created attachment 'Test Data - JSON'
[INFO ] 2024-05-16 15:53:40.018 [main] ReportManager - Setting "targetOperatingSystem" property with "windows".
[INFO ] 2024-05-16 15:53:40.020 [main] ReportManager - Capabilities {acceptInsecureCerts: true, browserName: chrome, goog:chromeOptions: {args: [--start-maximized], extensions: [], prefs: {download.default_directory: D:\JDK\project\Web-Automati..., download.prompt_for_download: false, profile.default_content_settings.popups: 0}}, pageLoadStrategy: normal, timeouts: {pageLoad: 60000, script: 60000}, unhandledPromptBehavior: ignore, webSocketUrl: true}
[INFO ] 2024-05-16 15:53:40.020 [main] ReportManager - Attempting to run locally on: "Windows | Chrome".
[INFO ] 2024-05-16 15:53:40.020 [main] ReportManager - Identifying OS/Driver combination. Please note that if a new browser/driver executable will be downloaded it may take some time depending on your connection...
[WARN ] 2024-05-16 15:53:41.788 [main] ReportManager - May 16, 2024 3:53:41 PM org.openqa.selenium.devtools.CdpVersionFinder findNearestMatch
[WARN ] 2024-05-16 15:53:41.788 [main] ReportManager - WARNING: Unable to find an exact match for CDP version 124, returning the closest version; found: 123; Please update to a Selenium version that supports CDP version 124
[INFO ] 2024-05-16 15:53:41.789 [main] ReportManager - Successfully Opened: "Windows | Chrome".
[INFO ] 2024-05-16 15:53:41.790 [main] ReportManager - Target URL: "https://www.demoblaze.com/index.html"
[INFO ] 2024-05-16 15:53:41.839 [main] ReportManager - Initial URL: "about:blank"
[INFO ] 2024-05-16 15:53:42.805 [main] ReportManager - Navigate to url "https://www.demoblaze.com/index.html".
[INFO ] 2024-05-16 15:53:42.841 [main] ReportManager - Expected "STORE", and actual "STORE"
[INFO ] 2024-05-16 15:53:43.412 [main] ReportManager - Successfully created attachment 'Screenshot - Verify_15-53-43-409_16052024'
[INFO ] 2024-05-16 15:53:43.412 [main] ReportManager - Verification passed
[INFO ] 2024-05-16 15:53:43.415 [main] ReportManager - Scenario Step: Given I click on Login button in Header
[INFO ] 2024-05-16 15:53:43.594 [main] ReportManager - Moved the mouse to the middle of the element.
[INFO ] 2024-05-16 15:53:43.646 [main] ReportManager - Click "Log in".
[INFO ] 2024-05-16 15:53:43.647 [main] ReportManager -   [32mGiven [0m[32mI click on Login button in Header[0m                                          [90m# org.example.StepDefinitions.BuyProduct.clickLoginButton()[0m
[INFO ] 2024-05-16 15:53:43.648 [main] ReportManager - Scenario Step: When I fill in username  and password  in Login Form
[DEBUG] 2024-05-16 15:53:43.901 [main] ReportManager - Text cleared Using Native Clear
[INFO ] 2024-05-16 15:53:43.945 [main] ReportManager - Type "Brooks Prosacco" into "By.id: loginusername".
[DEBUG] 2024-05-16 15:53:44.030 [main] ReportManager - Text cleared Using Native Clear
[INFO ] 2024-05-16 15:53:44.065 [main] ReportManager - Type "ropiz15zmpp" into "By.id: loginpassword".
[INFO ] 2024-05-16 15:53:44.229 [main] ReportManager - Moved the mouse to the middle of the element.
[INFO ] 2024-05-16 15:53:44.257 [main] ReportManager - Click "Log in".
[INFO ] 2024-05-16 15:53:44.257 [main] ReportManager -   [32mWhen [0m[32mI fill in username  and password  in Login Form[0m                             [90m# org.example.StepDefinitions.BuyProduct.fillLoginForm()[0m
[INFO ] 2024-05-16 15:53:44.258 [main] ReportManager - Scenario Step: And I validate that account is opened Successfully
[INFO ] 2024-05-16 15:53:44.307 [main] ReportManager - Expected "true", and actual "true"
[INFO ] 2024-05-16 15:53:45.696 [main] ReportManager - Successfully created attachment 'Screenshot - Assert_15-53-45-690_16052024'
[INFO ] 2024-05-16 15:53:45.697 [main] ReportManager - Assertion passed
[INFO ] 2024-05-16 15:53:45.698 [main] ReportManager -   [32mAnd [0m[32mI validate that account is opened Successfully[0m                               [90m# org.example.StepDefinitions.BuyProduct.ValidateLogIn()[0m
[INFO ] 2024-05-16 15:53:45.698 [main] ReportManager - Scenario Step: And I click on Laptops in categories on home page
[INFO ] 2024-05-16 15:53:45.858 [main] ReportManager - Moved the mouse to the middle of the element.
[INFO ] 2024-05-16 15:53:45.896 [main] ReportManager - Click "Laptops".
[INFO ] 2024-05-16 15:53:45.897 [main] ReportManager -   [32mAnd [0m[32mI click on Laptops in categories on home page[0m                                [90m# org.example.StepDefinitions.BuyProduct.ClickOnLapTop()[0m
[INFO ] 2024-05-16 15:53:45.901 [main] ReportManager - Scenario Step: And I choose product one
[INFO ] 2024-05-16 15:53:46.074 [main] ReportManager - Moved the mouse to the middle of the element.
[INFO ] 2024-05-16 15:53:46.607 [main] ReportManager - Click "Sony vaio i5".
[INFO ] 2024-05-16 15:53:46.607 [main] ReportManager -   [32mAnd [0m[32mI choose product one[0m                                                         [90m# org.example.StepDefinitions.BuyProduct.ProductOne()[0m
[INFO ] 2024-05-16 15:53:46.608 [main] ReportManager - Scenario Step: And I click on Add to cart button for product one
[INFO ] 2024-05-16 15:53:47.179 [main] ReportManager - Moved the mouse to the middle of the element.
[INFO ] 2024-05-16 15:53:47.219 [main] ReportManager - Click "Add to cart".
[INFO ] 2024-05-16 15:53:47.220 [main] ReportManager -   [32mAnd [0m[32mI click on Add to cart button for product one[0m                                [90m# org.example.StepDefinitions.BuyProduct.AddToCartOne()[0m
[INFO ] 2024-05-16 15:53:47.220 [main] ReportManager - Scenario Step: And I validate that product one is successfully added to cart
[INFO ] 2024-05-16 15:53:47.265 [main] ReportManager - Alert action failed.
[ERROR] 2024-05-16 15:53:47.267 [main] ReportManager - java.lang.reflect.InvocationTargetException: null
 java.base/jdk.internal.reflect.DirectMethodHandleAccessor.invoke(DirectMethodHandleAccessor.java:118)
 java.base/java.lang.reflect.Method.invoke(Method.java:580)
 org.openqa.selenium.support.decorators.WebDriverDecorator.call(WebDriverDecorator.java:249)
 org.openqa.selenium.support.decorators.DefaultDecorated.call(DefaultDecorated.java:48)
 org.openqa.selenium.support.decorators.WebDriverDecorator.lambda$createProxy$2(WebDriverDecorator.java:321)
 net.bytebuddy.renamed.java.lang.Object$ByteBuddy$pejHdLiD.alert(Unknown Source)
 coreElements.Alerts.lambda$AcceptAlert$0(Alerts.java:28)
 org.openqa.selenium.support.ui.FluentWait.until(FluentWait.java:203)
 coreElements.Alerts.AcceptAlert(Alerts.java:26)
 org.example.StepDefinitions.BuyProduct.ValidateAddToCart(BuyProduct.java:50)
 java.base/jdk.internal.reflect.DirectMethodHandleAccessor.invoke(DirectMethodHandleAccessor.java:103)
 java.base/java.lang.reflect.Method.invoke(Method.java:580)
 io.cucumber.java.Invoker.doInvoke(Invoker.java:66)
 io.cucumber.java.Invoker.invoke(Invoker.java:24)
 io.cucumber.java.AbstractGlueDefinition.invokeMethod(AbstractGlueDefinition.java:47)
 io.cucumber.java.JavaStepDefinition.execute(JavaStepDefinition.java:29)
 io.cucumber.core.runner.CoreStepDefinition.execute(CoreStepDefinition.java:66)
 io.cucumber.core.runner.PickleStepDefinitionMatch.runStep(PickleStepDefinitionMatch.java:63)
 io.cucumber.core.runner.ExecutionMode$1.execute(ExecutionMode.java:10)
 io.cucumber.core.runner.TestStep.executeStep(TestStep.java:81)
 io.cucumber.core.runner.TestStep.run(TestStep.java:53)
 io.cucumber.core.runner.PickleStepTestStep.run(PickleStepTestStep.java:51)
 io.cucumber.core.runner.TestCase.run(TestCase.java:84)
 io.cucumber.core.runner.Runner.runPickle(Runner.java:75)
 io.cucumber.testng.TestNGCucumberRunner.lambda$runScenario$1(TestNGCucumberRunner.java:132)
 io.cucumber.core.runtime.CucumberExecutionContext.lambda$runTestCase$5(CucumberExecutionContext.java:136)
 io.cucumber.core.runtime.RethrowingThrowableCollector.executeAndThrow(RethrowingThrowableCollector.java:23)
 io.cucumber.core.runtime.CucumberExecutionContext.runTestCase(CucumberExecutionContext.java:136)
 io.cucumber.testng.TestNGCucumberRunner.runScenario(TestNGCucumberRunner.java:129)
 io.cucumber.testng.AbstractTestNGCucumberTests.runScenario(AbstractTestNGCucumberTests.java:35)
 java.base/jdk.internal.reflect.DirectMethodHandleAccessor.invoke(DirectMethodHandleAccessor.java:103)
 java.base/java.lang.reflect.Method.invoke(Method.java:580)
 org.testng.internal.invokers.MethodInvocationHelper.invokeMethod(MethodInvocationHelper.java:141)
 org.testng.internal.invokers.TestInvoker.invokeMethod(TestInvoker.java:686)
 org.testng.internal.invokers.TestInvoker.invokeTestMethod(TestInvoker.java:230)
 org.testng.internal.invokers.MethodRunner.runInSequence(MethodRunner.java:63)
 org.testng.internal.invokers.TestInvoker$MethodInvocationAgent.invoke(TestInvoker.java:992)
 org.testng.internal.invokers.TestInvoker.invokeTestMethods(TestInvoker.java:203)
 org.testng.internal.invokers.TestMethodWorker.invokeTestMethods(TestMethodWorker.java:154)
 org.testng.internal.invokers.TestMethodWorker.run(TestMethodWorker.java:134)
 java.base/java.util.ArrayList.forEach(ArrayList.java:1597)
 org.testng.TestRunner.privateRun(TestRunner.java:739)
 org.testng.TestRunner.run(TestRunner.java:614)
 org.testng.SuiteRunner.runTest(SuiteRunner.java:421)
 org.testng.SuiteRunner.runSequentially(SuiteRunner.java:413)
 org.testng.SuiteRunner.privateRun(SuiteRunner.java:373)
 org.testng.SuiteRunner.run(SuiteRunner.java:312)
 org.testng.SuiteRunnerWorker.runSuite(SuiteRunnerWorker.java:52)
 org.testng.SuiteRunnerWorker.run(SuiteRunnerWorker.java:95)
 org.testng.TestNG.runSuitesSequentially(TestNG.java:1274)
 org.testng.TestNG.runSuitesLocally(TestNG.java:1208)
 org.testng.TestNG.runSuites(TestNG.java:1112)
 org.testng.TestNG.run(TestNG.java:1079)
 com.intellij.rt.testng.IDEARemoteTestNG.run(IDEARemoteTestNG.java:65)
 com.intellij.rt.testng.RemoteTestNGStarter.main(RemoteTestNGStarter.java:105)

Caused by: org.openqa.selenium.NoAlertPresentException: no such alert
  (Session info: chrome=124.0.6367.203)
Build info: version: '4.19.1', revision: 'abe0ee07dc'
System info: os.name: 'Windows 10', os.arch: 'amd64', os.version: '10.0', java.version: '22.0.1'
Driver info: org.openqa.selenium.chrome.ChromeDriver
Command: [bd473a7300a99e1276033a3c1cab1449, getAlertText {}]
Capabilities {acceptInsecureCerts: true, browserName: chrome, browserVersion: 124.0.6367.203, chrome: {chromedriverVersion: 124.0.6367.207 (a9001a6e39f..., userDataDir: C:\Users\MED5B~1.TAH\AppDat...}, fedcm:accounts: true, goog:chromeOptions: {debuggerAddress: localhost:57427}, networkConnectionEnabled: false, pageLoadStrategy: normal, platformName: windows, proxy: Proxy(), se:cdp: ws://localhost:57427/devtoo..., se:cdpVersion: 124.0.6367.203, setWindowRect: true, strictFileInteractability: false, timeouts: {implicit: 0, pageLoad: 60000, script: 60000}, unhandledPromptBehavior: ignore, webSocketUrl: ws://localhost:14110/sessio..., webauthn:extension:credBlob: true, webauthn:extension:largeBlob: true, webauthn:extension:minPinLength: true, webauthn:extension:prf: true, webauthn:virtualAuthenticators: true}
Session ID: bd473a7300a99e1276033a3c1cab1449
 java.base/jdk.internal.reflect.DirectConstructorHandleAccessor.newInstance(DirectConstructorHandleAccessor.java:62)
 java.base/java.lang.reflect.Constructor.newInstanceWithCaller(Constructor.java:502)
 java.base/java.lang.reflect.Constructor.newInstance(Constructor.java:486)
 org.openqa.selenium.remote.ErrorCodec.decode(ErrorCodec.java:167)
 org.openqa.selenium.remote.codec.w3c.W3CHttpResponseCodec.decode(W3CHttpResponseCodec.java:138)
 org.openqa.selenium.remote.codec.w3c.W3CHttpResponseCodec.decode(W3CHttpResponseCodec.java:50)
 org.openqa.selenium.remote.HttpCommandExecutor.execute(HttpCommandExecutor.java:190)
 org.openqa.selenium.remote.service.DriverCommandExecutor.invokeExecute(DriverCommandExecutor.java:216)
 org.openqa.selenium.remote.service.DriverCommandExecutor.execute(DriverCommandExecutor.java:174)
 org.openqa.selenium.remote.RemoteWebDriver.execute(RemoteWebDriver.java:518)
 org.openqa.selenium.remote.RemoteWebDriver.execute(RemoteWebDriver.java:591)
 org.openqa.selenium.remote.RemoteWebDriver.execute(RemoteWebDriver.java:595)
 org.openqa.selenium.remote.RemoteWebDriver$RemoteTargetLocator.alert(RemoteWebDriver.java:1163)
 java.base/jdk.internal.reflect.DirectMethodHandleAccessor.invoke(DirectMethodHandleAccessor.java:103)
 java.base/java.lang.reflect.Method.invoke(Method.java:580)
 org.openqa.selenium.support.decorators.WebDriverDecorator.call(WebDriverDecorator.java:249)
 org.openqa.selenium.support.decorators.DefaultDecorated.call(DefaultDecorated.java:48)
 org.openqa.selenium.support.decorators.WebDriverDecorator.lambda$createProxy$2(WebDriverDecorator.java:321)
 net.bytebuddy.renamed.java.lang.Object$ByteBuddy$pejHdLiD.alert(Unknown Source)
 coreElements.Alerts.lambda$AcceptAlert$0(Alerts.java:28)
 org.openqa.selenium.support.ui.FluentWait.until(FluentWait.java:203)
 coreElements.Alerts.AcceptAlert(Alerts.java:26)
 org.example.StepDefinitions.BuyProduct.ValidateAddToCart(BuyProduct.java:50)
 java.base/jdk.internal.reflect.DirectMethodHandleAccessor.invoke(DirectMethodHandleAccessor.java:103)
 java.base/java.lang.reflect.Method.invoke(Method.java:580)
 io.cucumber.java.Invoker.doInvoke(Invoker.java:66)
 io.cucumber.java.Invoker.invoke(Invoker.java:24)
 io.cucumber.java.AbstractGlueDefinition.invokeMethod(AbstractGlueDefinition.java:47)
 io.cucumber.java.JavaStepDefinition.execute(JavaStepDefinition.java:29)
 io.cucumber.core.runner.CoreStepDefinition.execute(CoreStepDefinition.java:66)
 io.cucumber.core.runner.PickleStepDefinitionMatch.runStep(PickleStepDefinitionMatch.java:63)
 io.cucumber.core.runner.ExecutionMode$1.execute(ExecutionMode.java:10)
 io.cucumber.core.runner.TestStep.executeStep(TestStep.java:81)
 io.cucumber.core.runner.TestStep.run(TestStep.java:53)
 io.cucumber.core.runner.PickleStepTestStep.run(PickleStepTestStep.java:51)
 io.cucumber.core.runner.TestCase.run(TestCase.java:84)
 io.cucumber.core.runner.Runner.runPickle(Runner.java:75)
 io.cucumber.testng.TestNGCucumberRunner.lambda$runScenario$1(TestNGCucumberRunner.java:132)
 io.cucumber.core.runtime.CucumberExecutionContext.lambda$runTestCase$5(CucumberExecutionContext.java:136)
 io.cucumber.core.runtime.RethrowingThrowableCollector.executeAndThrow(RethrowingThrowableCollector.java:23)
 io.cucumber.core.runtime.CucumberExecutionContext.runTestCase(CucumberExecutionContext.java:136)
 io.cucumber.testng.TestNGCucumberRunner.runScenario(TestNGCucumberRunner.java:129)
 io.cucumber.testng.AbstractTestNGCucumberTests.runScenario(AbstractTestNGCucumberTests.java:35)
 java.base/jdk.internal.reflect.DirectMethodHandleAccessor.invoke(DirectMethodHandleAccessor.java:103)
 java.base/java.lang.reflect.Method.invoke(Method.java:580)
 org.testng.internal.invokers.MethodInvocationHelper.invokeMethod(MethodInvocationHelper.java:141)
 org.testng.internal.invokers.TestInvoker.invokeMethod(TestInvoker.java:686)
 org.testng.internal.invokers.TestInvoker.invokeTestMethod(TestInvoker.java:230)
 org.testng.internal.invokers.MethodRunner.runInSequence(MethodRunner.java:63)
 org.testng.internal.invokers.TestInvoker$MethodInvocationAgent.invoke(TestInvoker.java:992)
 org.testng.internal.invokers.TestInvoker.invokeTestMethods(TestInvoker.java:203)
 org.testng.internal.invokers.TestMethodWorker.invokeTestMethods(TestMethodWorker.java:154)
 org.testng.internal.invokers.TestMethodWorker.run(TestMethodWorker.java:134)
 java.base/java.util.ArrayList.forEach(ArrayList.java:1597)
 org.testng.TestRunner.privateRun(TestRunner.java:739)
 org.testng.TestRunner.run(TestRunner.java:614)
 org.testng.SuiteRunner.runTest(SuiteRunner.java:421)
 org.testng.SuiteRunner.runSequentially(SuiteRunner.java:413)
 org.testng.SuiteRunner.privateRun(SuiteRunner.java:373)
 org.testng.SuiteRunner.run(SuiteRunner.java:312)
 org.testng.SuiteRunnerWorker.runSuite(SuiteRunnerWorker.java:52)
 org.testng.SuiteRunnerWorker.run(SuiteRunnerWorker.java:95)
 org.testng.TestNG.runSuitesSequentially(TestNG.java:1274)
 org.testng.TestNG.runSuitesLocally(TestNG.java:1208)
 org.testng.TestNG.runSuites(TestNG.java:1112)
 org.testng.TestNG.run(TestNG.java:1079)
 com.intellij.rt.testng.IDEARemoteTestNG.run(IDEARemoteTestNG.java:65)
 com.intellij.rt.testng.RemoteTestNGStarter.main(RemoteTestNGStarter.java:105)
[INFO ] 2024-05-16 15:53:47.604 [main] ReportManager - Alert action failed.
[ERROR] 2024-05-16 15:53:47.604 [main] ReportManager - java.lang.reflect.InvocationTargetException: null
 java.base/jdk.internal.reflect.DirectMethodHandleAccessor.invoke(DirectMethodHandleAccessor.java:118)
 java.base/java.lang.reflect.Method.invoke(Method.java:580)
 org.openqa.selenium.support.decorators.WebDriverDecorator.call(WebDriverDecorator.java:249)
 org.openqa.selenium.support.decorators.DefaultDecorated.call(DefaultDecorated.java:48)
 org.openqa.selenium.support.decorators.WebDriverDecorator.lambda$createProxy$2(WebDriverDecorator.java:321)
 net.bytebuddy.renamed.java.lang.Object$ByteBuddy$oBBodvH5.alert(Unknown Source)
 coreElements.Alerts.lambda$AcceptAlert$0(Alerts.java:28)
 org.openqa.selenium.support.ui.FluentWait.until(FluentWait.java:203)
 coreElements.Alerts.AcceptAlert(Alerts.java:26)
 org.example.StepDefinitions.BuyProduct.ValidateAddToCart(BuyProduct.java:50)
 java.base/jdk.internal.reflect.DirectMethodHandleAccessor.invoke(DirectMethodHandleAccessor.java:103)
 java.base/java.lang.reflect.Method.invoke(Method.java:580)
 io.cucumber.java.Invoker.doInvoke(Invoker.java:66)
 io.cucumber.java.Invoker.invoke(Invoker.java:24)
 io.cucumber.java.AbstractGlueDefinition.invokeMethod(AbstractGlueDefinition.java:47)
 io.cucumber.java.JavaStepDefinition.execute(JavaStepDefinition.java:29)
 io.cucumber.core.runner.CoreStepDefinition.execute(CoreStepDefinition.java:66)
 io.cucumber.core.runner.PickleStepDefinitionMatch.runStep(PickleStepDefinitionMatch.java:63)
 io.cucumber.core.runner.ExecutionMode$1.execute(ExecutionMode.java:10)
 io.cucumber.core.runner.TestStep.executeStep(TestStep.java:81)
 io.cucumber.core.runner.TestStep.run(TestStep.java:53)
 io.cucumber.core.runner.PickleStepTestStep.run(PickleStepTestStep.java:51)
 io.cucumber.core.runner.TestCase.run(TestCase.java:84)
 io.cucumber.core.runner.Runner.runPickle(Runner.java:75)
 io.cucumber.testng.TestNGCucumberRunner.lambda$runScenario$1(TestNGCucumberRunner.java:132)
 io.cucumber.core.runtime.CucumberExecutionContext.lambda$runTestCase$5(CucumberExecutionContext.java:136)
 io.cucumber.core.runtime.RethrowingThrowableCollector.executeAndThrow(RethrowingThrowableCollector.java:23)
 io.cucumber.core.runtime.CucumberExecutionContext.runTestCase(CucumberExecutionContext.java:136)
 io.cucumber.testng.TestNGCucumberRunner.runScenario(TestNGCucumberRunner.java:129)
 io.cucumber.testng.AbstractTestNGCucumberTests.runScenario(AbstractTestNGCucumberTests.java:35)
 java.base/jdk.internal.reflect.DirectMethodHandleAccessor.invoke(DirectMethodHandleAccessor.java:103)
 java.base/java.lang.reflect.Method.invoke(Method.java:580)
 org.testng.internal.invokers.MethodInvocationHelper.invokeMethod(MethodInvocationHelper.java:141)
 org.testng.internal.invokers.TestInvoker.invokeMethod(TestInvoker.java:686)
 org.testng.internal.invokers.TestInvoker.invokeTestMethod(TestInvoker.java:230)
 org.testng.internal.invokers.MethodRunner.runInSequence(MethodRunner.java:63)
 org.testng.internal.invokers.TestInvoker$MethodInvocationAgent.invoke(TestInvoker.java:992)
 org.testng.internal.invokers.TestInvoker.invokeTestMethods(TestInvoker.java:203)
 org.testng.internal.invokers.TestMethodWorker.invokeTestMethods(TestMethodWorker.java:154)
 org.testng.internal.invokers.TestMethodWorker.run(TestMethodWorker.java:134)
 java.base/java.util.ArrayList.forEach(ArrayList.java:1597)
 org.testng.TestRunner.privateRun(TestRunner.java:739)
 org.testng.TestRunner.run(TestRunner.java:614)
 org.testng.SuiteRunner.runTest(SuiteRunner.java:421)
 org.testng.SuiteRunner.runSequentially(SuiteRunner.java:413)
 org.testng.SuiteRunner.privateRun(SuiteRunner.java:373)
 org.testng.SuiteRunner.run(SuiteRunner.java:312)
 org.testng.SuiteRunnerWorker.runSuite(SuiteRunnerWorker.java:52)
 org.testng.SuiteRunnerWorker.run(SuiteRunnerWorker.java:95)
 org.testng.TestNG.runSuitesSequentially(TestNG.java:1274)
 org.testng.TestNG.runSuitesLocally(TestNG.java:1208)
 org.testng.TestNG.runSuites(TestNG.java:1112)
 org.testng.TestNG.run(TestNG.java:1079)
 com.intellij.rt.testng.IDEARemoteTestNG.run(IDEARemoteTestNG.java:65)
 com.intellij.rt.testng.RemoteTestNGStarter.main(RemoteTestNGStarter.java:105)

Caused by: org.openqa.selenium.NoAlertPresentException: no such alert
  (Session info: chrome=124.0.6367.203)
Build info: version: '4.19.1', revision: 'abe0ee07dc'
System info: os.name: 'Windows 10', os.arch: 'amd64', os.version: '10.0', java.version: '22.0.1'
Driver info: org.openqa.selenium.chrome.ChromeDriver
Command: [bd473a7300a99e1276033a3c1cab1449, getAlertText {}]
Capabilities {acceptInsecureCerts: true, browserName: chrome, browserVersion: 124.0.6367.203, chrome: {chromedriverVersion: 124.0.6367.207 (a9001a6e39f..., userDataDir: C:\Users\MED5B~1.TAH\AppDat...}, fedcm:accounts: true, goog:chromeOptions: {debuggerAddress: localhost:57427}, networkConnectionEnabled: false, pageLoadStrategy: normal, platformName: windows, proxy: Proxy(), se:cdp: ws://localhost:57427/devtoo..., se:cdpVersion: 124.0.6367.203, setWindowRect: true, strictFileInteractability: false, timeouts: {implicit: 0, pageLoad: 60000, script: 60000}, unhandledPromptBehavior: ignore, webSocketUrl: ws://localhost:14110/sessio..., webauthn:extension:credBlob: true, webauthn:extension:largeBlob: true, webauthn:extension:minPinLength: true, webauthn:extension:prf: true, webauthn:virtualAuthenticators: true}
Session ID: bd473a7300a99e1276033a3c1cab1449
 java.base/jdk.internal.reflect.DirectConstructorHandleAccessor.newInstance(DirectConstructorHandleAccessor.java:62)
 java.base/java.lang.reflect.Constructor.newInstanceWithCaller(Constructor.java:502)
 java.base/java.lang.reflect.Constructor.newInstance(Constructor.java:486)
 org.openqa.selenium.remote.ErrorCodec.decode(ErrorCodec.java:167)
 org.openqa.selenium.remote.codec.w3c.W3CHttpResponseCodec.decode(W3CHttpResponseCodec.java:138)
 org.openqa.selenium.remote.codec.w3c.W3CHttpResponseCodec.decode(W3CHttpResponseCodec.java:50)
 org.openqa.selenium.remote.HttpCommandExecutor.execute(HttpCommandExecutor.java:190)
 org.openqa.selenium.remote.service.DriverCommandExecutor.invokeExecute(DriverCommandExecutor.java:216)
 org.openqa.selenium.remote.service.DriverCommandExecutor.execute(DriverCommandExecutor.java:174)
 org.openqa.selenium.remote.RemoteWebDriver.execute(RemoteWebDriver.java:518)
 org.openqa.selenium.remote.RemoteWebDriver.execute(RemoteWebDriver.java:591)
 org.openqa.selenium.remote.RemoteWebDriver.execute(RemoteWebDriver.java:595)
 org.openqa.selenium.remote.RemoteWebDriver$RemoteTargetLocator.alert(RemoteWebDriver.java:1163)
 java.base/jdk.internal.reflect.DirectMethodHandleAccessor.invoke(DirectMethodHandleAccessor.java:103)
 java.base/java.lang.reflect.Method.invoke(Method.java:580)
 org.openqa.selenium.support.decorators.WebDriverDecorator.call(WebDriverDecorator.java:249)
 org.openqa.selenium.support.decorators.DefaultDecorated.call(DefaultDecorated.java:48)
 org.openqa.selenium.support.decorators.WebDriverDecorator.lambda$createProxy$2(WebDriverDecorator.java:321)
 net.bytebuddy.renamed.java.lang.Object$ByteBuddy$oBBodvH5.alert(Unknown Source)
 coreElements.Alerts.lambda$AcceptAlert$0(Alerts.java:28)
 org.openqa.selenium.support.ui.FluentWait.until(FluentWait.java:203)
 coreElements.Alerts.AcceptAlert(Alerts.java:26)
 org.example.StepDefinitions.BuyProduct.ValidateAddToCart(BuyProduct.java:50)
 java.base/jdk.internal.reflect.DirectMethodHandleAccessor.invoke(DirectMethodHandleAccessor.java:103)
 java.base/java.lang.reflect.Method.invoke(Method.java:580)
 io.cucumber.java.Invoker.doInvoke(Invoker.java:66)
 io.cucumber.java.Invoker.invoke(Invoker.java:24)
 io.cucumber.java.AbstractGlueDefinition.invokeMethod(AbstractGlueDefinition.java:47)
 io.cucumber.java.JavaStepDefinition.execute(JavaStepDefinition.java:29)
 io.cucumber.core.runner.CoreStepDefinition.execute(CoreStepDefinition.java:66)
 io.cucumber.core.runner.PickleStepDefinitionMatch.runStep(PickleStepDefinitionMatch.java:63)
 io.cucumber.core.runner.ExecutionMode$1.execute(ExecutionMode.java:10)
 io.cucumber.core.runner.TestStep.executeStep(TestStep.java:81)
 io.cucumber.core.runner.TestStep.run(TestStep.java:53)
 io.cucumber.core.runner.PickleStepTestStep.run(PickleStepTestStep.java:51)
 io.cucumber.core.runner.TestCase.run(TestCase.java:84)
 io.cucumber.core.runner.Runner.runPickle(Runner.java:75)
 io.cucumber.testng.TestNGCucumberRunner.lambda$runScenario$1(TestNGCucumberRunner.java:132)
 io.cucumber.core.runtime.CucumberExecutionContext.lambda$runTestCase$5(CucumberExecutionContext.java:136)
 io.cucumber.core.runtime.RethrowingThrowableCollector.executeAndThrow(RethrowingThrowableCollector.java:23)
 io.cucumber.core.runtime.CucumberExecutionContext.runTestCase(CucumberExecutionContext.java:136)
 io.cucumber.testng.TestNGCucumberRunner.runScenario(TestNGCucumberRunner.java:129)
 io.cucumber.testng.AbstractTestNGCucumberTests.runScenario(AbstractTestNGCucumberTests.java:35)
 java.base/jdk.internal.reflect.DirectMethodHandleAccessor.invoke(DirectMethodHandleAccessor.java:103)
 java.base/java.lang.reflect.Method.invoke(Method.java:580)
 org.testng.internal.invokers.MethodInvocationHelper.invokeMethod(MethodInvocationHelper.java:141)
 org.testng.internal.invokers.TestInvoker.invokeMethod(TestInvoker.java:686)
 org.testng.internal.invokers.TestInvoker.invokeTestMethod(TestInvoker.java:230)
 org.testng.internal.invokers.MethodRunner.runInSequence(MethodRunner.java:63)
 org.testng.internal.invokers.TestInvoker$MethodInvocationAgent.invoke(TestInvoker.java:992)
 org.testng.internal.invokers.TestInvoker.invokeTestMethods(TestInvoker.java:203)
 org.testng.internal.invokers.TestMethodWorker.invokeTestMethods(TestMethodWorker.java:154)
 org.testng.internal.invokers.TestMethodWorker.run(TestMethodWorker.java:134)
 java.base/java.util.ArrayList.forEach(ArrayList.java:1597)
 org.testng.TestRunner.privateRun(TestRunner.java:739)
 org.testng.TestRunner.run(TestRunner.java:614)
 org.testng.SuiteRunner.runTest(SuiteRunner.java:421)
 org.testng.SuiteRunner.runSequentially(SuiteRunner.java:413)
 org.testng.SuiteRunner.privateRun(SuiteRunner.java:373)
 org.testng.SuiteRunner.run(SuiteRunner.java:312)
 org.testng.SuiteRunnerWorker.runSuite(SuiteRunnerWorker.java:52)
 org.testng.SuiteRunnerWorker.run(SuiteRunnerWorker.java:95)
 org.testng.TestNG.runSuitesSequentially(TestNG.java:1274)
 org.testng.TestNG.runSuitesLocally(TestNG.java:1208)
 org.testng.TestNG.runSuites(TestNG.java:1112)
 org.testng.TestNG.run(TestNG.java:1079)
 com.intellij.rt.testng.IDEARemoteTestNG.run(IDEARemoteTestNG.java:65)
 com.intellij.rt.testng.RemoteTestNGStarter.main(RemoteTestNGStarter.java:105)
[INFO ] 2024-05-16 15:53:47.976 [main] ReportManager -   [32mAnd [0m[32mI validate that product one is successfully added to cart[0m                    [90m# org.example.StepDefinitions.BuyProduct.ValidateAddToCart()[0m
[INFO ] 2024-05-16 15:53:47.977 [main] ReportManager - Scenario Step: And I choose product two
[INFO ] 2024-05-16 15:53:48.131 [main] ReportManager - Moved the mouse to the middle of the element.
[INFO ] 2024-05-16 15:53:48.417 [main] ReportManager - Click "Home (current)".
[INFO ] 2024-05-16 15:53:48.624 [main] ReportManager - Moved the mouse to the middle of the element.
[INFO ] 2024-05-16 15:53:48.670 [main] ReportManager - Click "Laptops".
[INFO ] 2024-05-16 15:53:48.865 [main] ReportManager - Moved the mouse to the middle of the element.
[INFO ] 2024-05-16 15:53:49.141 [main] ReportManager - Click "Sony vaio i7".
[INFO ] 2024-05-16 15:53:49.142 [main] ReportManager -   [32mAnd [0m[32mI choose product two[0m                                                         [90m# org.example.StepDefinitions.BuyProduct.ProductTwo()[0m
[INFO ] 2024-05-16 15:53:49.145 [main] ReportManager - Scenario Step: And I click on Add to cart button for product two
[INFO ] 2024-05-16 15:53:49.756 [main] ReportManager - Moved the mouse to the middle of the element.
[INFO ] 2024-05-16 15:53:49.799 [main] ReportManager - Click "Add to cart".
[INFO ] 2024-05-16 15:53:49.799 [main] ReportManager -   [32mAnd [0m[32mI click on Add to cart button for product two[0m                                [90m# org.example.StepDefinitions.BuyProduct.AddToCartTwo()[0m
[INFO ] 2024-05-16 15:53:49.800 [main] ReportManager - Scenario Step: And I validate that product two is successfully added to cart
[INFO ] 2024-05-16 15:53:49.854 [main] ReportManager - Alert action failed.
[ERROR] 2024-05-16 15:53:49.855 [main] ReportManager - java.lang.reflect.InvocationTargetException: null
 java.base/jdk.internal.reflect.DirectMethodHandleAccessor.invoke(DirectMethodHandleAccessor.java:118)
 java.base/java.lang.reflect.Method.invoke(Method.java:580)
 org.openqa.selenium.support.decorators.WebDriverDecorator.call(WebDriverDecorator.java:249)
 org.openqa.selenium.support.decorators.DefaultDecorated.call(DefaultDecorated.java:48)
 org.openqa.selenium.support.decorators.WebDriverDecorator.lambda$createProxy$2(WebDriverDecorator.java:321)
 net.bytebuddy.renamed.java.lang.Object$ByteBuddy$1dsz1b0Z.alert(Unknown Source)
 coreElements.Alerts.lambda$AcceptAlert$0(Alerts.java:28)
 org.openqa.selenium.support.ui.FluentWait.until(FluentWait.java:203)
 coreElements.Alerts.AcceptAlert(Alerts.java:26)
 org.example.StepDefinitions.BuyProduct.ValidateAddToCart2(BuyProduct.java:64)
 java.base/jdk.internal.reflect.DirectMethodHandleAccessor.invoke(DirectMethodHandleAccessor.java:103)
 java.base/java.lang.reflect.Method.invoke(Method.java:580)
 io.cucumber.java.Invoker.doInvoke(Invoker.java:66)
 io.cucumber.java.Invoker.invoke(Invoker.java:24)
 io.cucumber.java.AbstractGlueDefinition.invokeMethod(AbstractGlueDefinition.java:47)
 io.cucumber.java.JavaStepDefinition.execute(JavaStepDefinition.java:29)
 io.cucumber.core.runner.CoreStepDefinition.execute(CoreStepDefinition.java:66)
 io.cucumber.core.runner.PickleStepDefinitionMatch.runStep(PickleStepDefinitionMatch.java:63)
 io.cucumber.core.runner.ExecutionMode$1.execute(ExecutionMode.java:10)
 io.cucumber.core.runner.TestStep.executeStep(TestStep.java:81)
 io.cucumber.core.runner.TestStep.run(TestStep.java:53)
 io.cucumber.core.runner.PickleStepTestStep.run(PickleStepTestStep.java:51)
 io.cucumber.core.runner.TestCase.run(TestCase.java:84)
 io.cucumber.core.runner.Runner.runPickle(Runner.java:75)
 io.cucumber.testng.TestNGCucumberRunner.lambda$runScenario$1(TestNGCucumberRunner.java:132)
 io.cucumber.core.runtime.CucumberExecutionContext.lambda$runTestCase$5(CucumberExecutionContext.java:136)
 io.cucumber.core.runtime.RethrowingThrowableCollector.executeAndThrow(RethrowingThrowableCollector.java:23)
 io.cucumber.core.runtime.CucumberExecutionContext.runTestCase(CucumberExecutionContext.java:136)
 io.cucumber.testng.TestNGCucumberRunner.runScenario(TestNGCucumberRunner.java:129)
 io.cucumber.testng.AbstractTestNGCucumberTests.runScenario(AbstractTestNGCucumberTests.java:35)
 java.base/jdk.internal.reflect.DirectMethodHandleAccessor.invoke(DirectMethodHandleAccessor.java:103)
 java.base/java.lang.reflect.Method.invoke(Method.java:580)
 org.testng.internal.invokers.MethodInvocationHelper.invokeMethod(MethodInvocationHelper.java:141)
 org.testng.internal.invokers.TestInvoker.invokeMethod(TestInvoker.java:686)
 org.testng.internal.invokers.TestInvoker.invokeTestMethod(TestInvoker.java:230)
 org.testng.internal.invokers.MethodRunner.runInSequence(MethodRunner.java:63)
 org.testng.internal.invokers.TestInvoker$MethodInvocationAgent.invoke(TestInvoker.java:992)
 org.testng.internal.invokers.TestInvoker.invokeTestMethods(TestInvoker.java:203)
 org.testng.internal.invokers.TestMethodWorker.invokeTestMethods(TestMethodWorker.java:154)
 org.testng.internal.invokers.TestMethodWorker.run(TestMethodWorker.java:134)
 java.base/java.util.ArrayList.forEach(ArrayList.java:1597)
 org.testng.TestRunner.privateRun(TestRunner.java:739)
 org.testng.TestRunner.run(TestRunner.java:614)
 org.testng.SuiteRunner.runTest(SuiteRunner.java:421)
 org.testng.SuiteRunner.runSequentially(SuiteRunner.java:413)
 org.testng.SuiteRunner.privateRun(SuiteRunner.java:373)
 org.testng.SuiteRunner.run(SuiteRunner.java:312)
 org.testng.SuiteRunnerWorker.runSuite(SuiteRunnerWorker.java:52)
 org.testng.SuiteRunnerWorker.run(SuiteRunnerWorker.java:95)
 org.testng.TestNG.runSuitesSequentially(TestNG.java:1274)
 org.testng.TestNG.runSuitesLocally(TestNG.java:1208)
 org.testng.TestNG.runSuites(TestNG.java:1112)
 org.testng.TestNG.run(TestNG.java:1079)
 com.intellij.rt.testng.IDEARemoteTestNG.run(IDEARemoteTestNG.java:65)
 com.intellij.rt.testng.RemoteTestNGStarter.main(RemoteTestNGStarter.java:105)

Caused by: org.openqa.selenium.NoAlertPresentException: no such alert
  (Session info: chrome=124.0.6367.203)
Build info: version: '4.19.1', revision: 'abe0ee07dc'
System info: os.name: 'Windows 10', os.arch: 'amd64', os.version: '10.0', java.version: '22.0.1'
Driver info: org.openqa.selenium.chrome.ChromeDriver
Command: [bd473a7300a99e1276033a3c1cab1449, getAlertText {}]
Capabilities {acceptInsecureCerts: true, browserName: chrome, browserVersion: 124.0.6367.203, chrome: {chromedriverVersion: 124.0.6367.207 (a9001a6e39f..., userDataDir: C:\Users\MED5B~1.TAH\AppDat...}, fedcm:accounts: true, goog:chromeOptions: {debuggerAddress: localhost:57427}, networkConnectionEnabled: false, pageLoadStrategy: normal, platformName: windows, proxy: Proxy(), se:cdp: ws://localhost:57427/devtoo..., se:cdpVersion: 124.0.6367.203, setWindowRect: true, strictFileInteractability: false, timeouts: {implicit: 0, pageLoad: 60000, script: 60000}, unhandledPromptBehavior: ignore, webSocketUrl: ws://localhost:14110/sessio..., webauthn:extension:credBlob: true, webauthn:extension:largeBlob: true, webauthn:extension:minPinLength: true, webauthn:extension:prf: true, webauthn:virtualAuthenticators: true}
Session ID: bd473a7300a99e1276033a3c1cab1449
 java.base/jdk.internal.reflect.DirectConstructorHandleAccessor.newInstance(DirectConstructorHandleAccessor.java:62)
 java.base/java.lang.reflect.Constructor.newInstanceWithCaller(Constructor.java:502)
 java.base/java.lang.reflect.Constructor.newInstance(Constructor.java:486)
 org.openqa.selenium.remote.ErrorCodec.decode(ErrorCodec.java:167)
 org.openqa.selenium.remote.codec.w3c.W3CHttpResponseCodec.decode(W3CHttpResponseCodec.java:138)
 org.openqa.selenium.remote.codec.w3c.W3CHttpResponseCodec.decode(W3CHttpResponseCodec.java:50)
 org.openqa.selenium.remote.HttpCommandExecutor.execute(HttpCommandExecutor.java:190)
 org.openqa.selenium.remote.service.DriverCommandExecutor.invokeExecute(DriverCommandExecutor.java:216)
 org.openqa.selenium.remote.service.DriverCommandExecutor.execute(DriverCommandExecutor.java:174)
 org.openqa.selenium.remote.RemoteWebDriver.execute(RemoteWebDriver.java:518)
 org.openqa.selenium.remote.RemoteWebDriver.execute(RemoteWebDriver.java:591)
 org.openqa.selenium.remote.RemoteWebDriver.execute(RemoteWebDriver.java:595)
 org.openqa.selenium.remote.RemoteWebDriver$RemoteTargetLocator.alert(RemoteWebDriver.java:1163)
 java.base/jdk.internal.reflect.DirectMethodHandleAccessor.invoke(DirectMethodHandleAccessor.java:103)
 java.base/java.lang.reflect.Method.invoke(Method.java:580)
 org.openqa.selenium.support.decorators.WebDriverDecorator.call(WebDriverDecorator.java:249)
 org.openqa.selenium.support.decorators.DefaultDecorated.call(DefaultDecorated.java:48)
 org.openqa.selenium.support.decorators.WebDriverDecorator.lambda$createProxy$2(WebDriverDecorator.java:321)
 net.bytebuddy.renamed.java.lang.Object$ByteBuddy$1dsz1b0Z.alert(Unknown Source)
 coreElements.Alerts.lambda$AcceptAlert$0(Alerts.java:28)
 org.openqa.selenium.support.ui.FluentWait.until(FluentWait.java:203)
 coreElements.Alerts.AcceptAlert(Alerts.java:26)
 org.example.StepDefinitions.BuyProduct.ValidateAddToCart2(BuyProduct.java:64)
 java.base/jdk.internal.reflect.DirectMethodHandleAccessor.invoke(DirectMethodHandleAccessor.java:103)
 java.base/java.lang.reflect.Method.invoke(Method.java:580)
 io.cucumber.java.Invoker.doInvoke(Invoker.java:66)
 io.cucumber.java.Invoker.invoke(Invoker.java:24)
 io.cucumber.java.AbstractGlueDefinition.invokeMethod(AbstractGlueDefinition.java:47)
 io.cucumber.java.JavaStepDefinition.execute(JavaStepDefinition.java:29)
 io.cucumber.core.runner.CoreStepDefinition.execute(CoreStepDefinition.java:66)
 io.cucumber.core.runner.PickleStepDefinitionMatch.runStep(PickleStepDefinitionMatch.java:63)
 io.cucumber.core.runner.ExecutionMode$1.execute(ExecutionMode.java:10)
 io.cucumber.core.runner.TestStep.executeStep(TestStep.java:81)
 io.cucumber.core.runner.TestStep.run(TestStep.java:53)
 io.cucumber.core.runner.PickleStepTestStep.run(PickleStepTestStep.java:51)
 io.cucumber.core.runner.TestCase.run(TestCase.java:84)
 io.cucumber.core.runner.Runner.runPickle(Runner.java:75)
 io.cucumber.testng.TestNGCucumberRunner.lambda$runScenario$1(TestNGCucumberRunner.java:132)
 io.cucumber.core.runtime.CucumberExecutionContext.lambda$runTestCase$5(CucumberExecutionContext.java:136)
 io.cucumber.core.runtime.RethrowingThrowableCollector.executeAndThrow(RethrowingThrowableCollector.java:23)
 io.cucumber.core.runtime.CucumberExecutionContext.runTestCase(CucumberExecutionContext.java:136)
 io.cucumber.testng.TestNGCucumberRunner.runScenario(TestNGCucumberRunner.java:129)
 io.cucumber.testng.AbstractTestNGCucumberTests.runScenario(AbstractTestNGCucumberTests.java:35)
 java.base/jdk.internal.reflect.DirectMethodHandleAccessor.invoke(DirectMethodHandleAccessor.java:103)
 java.base/java.lang.reflect.Method.invoke(Method.java:580)
 org.testng.internal.invokers.MethodInvocationHelper.invokeMethod(MethodInvocationHelper.java:141)
 org.testng.internal.invokers.TestInvoker.invokeMethod(TestInvoker.java:686)
 org.testng.internal.invokers.TestInvoker.invokeTestMethod(TestInvoker.java:230)
 org.testng.internal.invokers.MethodRunner.runInSequence(MethodRunner.java:63)
 org.testng.internal.invokers.TestInvoker$MethodInvocationAgent.invoke(TestInvoker.java:992)
 org.testng.internal.invokers.TestInvoker.invokeTestMethods(TestInvoker.java:203)
 org.testng.internal.invokers.TestMethodWorker.invokeTestMethods(TestMethodWorker.java:154)
 org.testng.internal.invokers.TestMethodWorker.run(TestMethodWorker.java:134)
 java.base/java.util.ArrayList.forEach(ArrayList.java:1597)
 org.testng.TestRunner.privateRun(TestRunner.java:739)
 org.testng.TestRunner.run(TestRunner.java:614)
 org.testng.SuiteRunner.runTest(SuiteRunner.java:421)
 org.testng.SuiteRunner.runSequentially(SuiteRunner.java:413)
 org.testng.SuiteRunner.privateRun(SuiteRunner.java:373)
 org.testng.SuiteRunner.run(SuiteRunner.java:312)
 org.testng.SuiteRunnerWorker.runSuite(SuiteRunnerWorker.java:52)
 org.testng.SuiteRunnerWorker.run(SuiteRunnerWorker.java:95)
 org.testng.TestNG.runSuitesSequentially(TestNG.java:1274)
 org.testng.TestNG.runSuitesLocally(TestNG.java:1208)
 org.testng.TestNG.runSuites(TestNG.java:1112)
 org.testng.TestNG.run(TestNG.java:1079)
 com.intellij.rt.testng.IDEARemoteTestNG.run(IDEARemoteTestNG.java:65)
 com.intellij.rt.testng.RemoteTestNGStarter.main(RemoteTestNGStarter.java:105)
[INFO ] 2024-05-16 15:53:50.218 [main] ReportManager -   [32mAnd [0m[32mI validate that product two is successfully added to cart[0m                    [90m# org.example.StepDefinitions.BuyProduct.ValidateAddToCart2()[0m
[INFO ] 2024-05-16 15:53:50.219 [main] ReportManager - Scenario Step: And I click on Cart button in header
[INFO ] 2024-05-16 15:53:50.388 [main] ReportManager - Moved the mouse to the middle of the element.
[INFO ] 2024-05-16 15:53:50.815 [main] ReportManager - Click "Cart".
[INFO ] 2024-05-16 15:53:50.816 [main] ReportManager -   [32mAnd [0m[32mI click on Cart button in header[0m                                             [90m# org.example.StepDefinitions.BuyProduct.CartButton()[0m
[INFO ] 2024-05-16 15:53:50.817 [main] ReportManager - Scenario Step: Then I validate that both products are successfully added in products page
[INFO ] 2024-05-16 15:53:51.474 [main] ReportManager - Expected "true", and actual "true"
[INFO ] 2024-05-16 15:53:51.889 [main] ReportManager - Successfully created attachment 'Screenshot - Assert_15-53-51-886_16052024'
[INFO ] 2024-05-16 15:53:51.889 [main] ReportManager - Assertion passed
[INFO ] 2024-05-16 15:53:51.924 [main] ReportManager - Expected "true", and actual "true"
[INFO ] 2024-05-16 15:53:52.281 [main] ReportManager - Successfully created attachment 'Screenshot - Assert_15-53-52-278_16052024'
[INFO ] 2024-05-16 15:53:52.282 [main] ReportManager - Assertion passed
[INFO ] 2024-05-16 15:53:52.315 [main] ReportManager - Expected "true", and actual "true"
[INFO ] 2024-05-16 15:53:52.681 [main] ReportManager - Successfully created attachment 'Screenshot - Assert_15-53-52-679_16052024'
[INFO ] 2024-05-16 15:53:52.681 [main] ReportManager - Assertion passed
[INFO ] 2024-05-16 15:53:52.717 [main] ReportManager - Expected "true", and actual "true"
[INFO ] 2024-05-16 15:53:53.166 [main] ReportManager - Successfully created attachment 'Screenshot - Assert_15-53-53-164_16052024'
[INFO ] 2024-05-16 15:53:53.166 [main] ReportManager - Assertion passed
[INFO ] 2024-05-16 15:53:53.167 [main] ReportManager -   [32mThen [0m[32mI validate that both products are successfully added in products page[0m       [90m# org.example.StepDefinitions.BuyProduct.ValidateProducts()[0m
[INFO ] 2024-05-16 15:53:53.167 [main] ReportManager - Scenario Step: And I validate that the total amount is calculated correctly
[INFO ] 2024-05-16 15:53:53.204 [main] ReportManager - Get text "790" from "790".
[INFO ] 2024-05-16 15:53:53.237 [main] ReportManager - Get text "790" from "790".
[INFO ] 2024-05-16 15:53:53.305 [main] ReportManager - Expected "1580", and actual "1580"
[INFO ] 2024-05-16 15:53:53.695 [main] ReportManager - Successfully created attachment 'Screenshot - Assert_15-53-53-693_16052024'
[INFO ] 2024-05-16 15:53:53.696 [main] ReportManager - Assertion passed
[INFO ] 2024-05-16 15:53:53.696 [main] ReportManager -   [32mAnd [0m[32mI validate that the total amount is calculated correctly[0m                     [90m# org.example.StepDefinitions.BuyProduct.ValidateTotalPrice()[0m
[INFO ] 2024-05-16 15:53:53.697 [main] ReportManager - Scenario Step: And I click on Place order button
[INFO ] 2024-05-16 15:53:53.851 [main] ReportManager - Moved the mouse to the middle of the element.
[INFO ] 2024-05-16 15:53:53.878 [main] ReportManager - Click "Place Order".
[INFO ] 2024-05-16 15:53:53.878 [main] ReportManager -   [32mAnd [0m[32mI click on Place order button[0m                                                [90m# org.example.StepDefinitions.BuyProduct.PlaceOrder()[0m
[INFO ] 2024-05-16 15:53:53.879 [main] ReportManager - Scenario Step: And I validate that the total amount is calculated correctly in place order page
[INFO ] 2024-05-16 15:53:53.988 [main] ReportManager - Expected "1580", and actual "Total: 1580"
[INFO ] 2024-05-16 15:53:54.334 [main] ReportManager - Successfully created attachment 'Screenshot - Assert_15-53-54-331_16052024'
[INFO ] 2024-05-16 15:53:54.335 [main] ReportManager - Assertion passed
[INFO ] 2024-05-16 15:53:54.336 [main] ReportManager -   [32mAnd [0m[32mI validate that the total amount is calculated correctly in place order page[0m [90m# org.example.StepDefinitions.BuyProduct.PlaceOrderTotal()[0m
[INFO ] 2024-05-16 15:53:54.338 [main] ReportManager - Scenario Step: And I fill in  place order form
[DEBUG] 2024-05-16 15:53:54.442 [main] ReportManager - Text cleared Using Native Clear
[INFO ] 2024-05-16 15:53:54.480 [main] ReportManager - Type "Mohamed" into "Total: 1580 Name:".
[DEBUG] 2024-05-16 15:53:54.604 [main] ReportManager - Text cleared Using Native Clear
[INFO ] 2024-05-16 15:53:54.637 [main] ReportManager - Type "Egypt" into "Country:".
[DEBUG] 2024-05-16 15:53:54.735 [main] ReportManager - Text cleared Using Native Clear
[INFO ] 2024-05-16 15:53:54.771 [main] ReportManager - Type "Cairo" into "City:".
[DEBUG] 2024-05-16 15:53:54.863 [main] ReportManager - Text cleared Using Native Clear
[INFO ] 2024-05-16 15:53:54.921 [main] ReportManager - Type "4263090408056914" into "Credit card:".
[DEBUG] 2024-05-16 15:53:55.019 [main] ReportManager - Text cleared Using Native Clear
[INFO ] 2024-05-16 15:53:55.046 [main] ReportManager - Type "5" into "Month:".
[DEBUG] 2024-05-16 15:53:55.156 [main] ReportManager - Text cleared Using Native Clear
[INFO ] 2024-05-16 15:53:55.189 [main] ReportManager - Type "2024" into "Year:".
[INFO ] 2024-05-16 15:53:55.190 [main] ReportManager -   [32mAnd [0m[32mI fill in  place order form[0m                                                  [90m# org.example.StepDefinitions.BuyProduct.FillForm()[0m
[INFO ] 2024-05-16 15:53:55.190 [main] ReportManager - Scenario Step: And I click on Purchase button in place order Form
[INFO ] 2024-05-16 15:53:55.358 [main] ReportManager - Moved the mouse to the middle of the element.
[INFO ] 2024-05-16 15:53:55.430 [main] ReportManager - Click "Purchase".
[INFO ] 2024-05-16 15:53:55.430 [main] ReportManager -   [32mAnd [0m[32mI click on Purchase button in place order Form[0m                               [90m# org.example.StepDefinitions.BuyProduct.PlaceOrderButton()[0m
[INFO ] 2024-05-16 15:53:55.431 [main] ReportManager - Scenario Step: Then I validate that 'Thank you for your purchase!' is displayed
[INFO ] 2024-05-16 15:53:55.519 [main] ReportManager - Expected "Thank you for your purchase!", and actual "Thank you for your purchase!"
[INFO ] 2024-05-16 15:53:55.856 [main] ReportManager - Successfully created attachment 'Screenshot - Assert_15-53-55-855_16052024'
[INFO ] 2024-05-16 15:53:55.856 [main] ReportManager - Assertion passed
[INFO ] 2024-05-16 15:53:56.013 [main] ReportManager - Moved the mouse to the middle of the element.
[INFO ] 2024-05-16 15:53:56.819 [main] ReportManager - Click "OK".
[INFO ] 2024-05-16 15:53:56.820 [main] ReportManager -   [32mThen [0m[32mI validate that [0m[32m[1m'Thank you for your purchase!'[0m[32m is displayed[0m                 [90m# org.example.StepDefinitions.BuyProduct.validateTextDisplayed(java.lang.String)[0m
[INFO ] 2024-05-16 15:53:56.820 [main] ReportManager - Scenario Hook: AFTER
[INFO ] 2024-05-16 15:53:57.459 [main] ReportManager - Successfully Closed Driver.
[ERROR] 2024-05-16 15:53:57.468 [main] AllureLifecycle - Could not add attachment: no test is running
[INFO ] 2024-05-16 15:53:57.471 [main] ReportManager - Successfully created attachment 'SHAFT Engine Logs - Current Method log: runScenario'
[INFO ] 2024-05-16 15:53:57.509 [main] ReportManager - @Smoke
[INFO ] 2024-05-16 15:53:57.510 [main] ReportManager - Scenario: Verify That an Alert message Please fill out Name and Creditcard should appear [90m# src/main/resources/Features/BuyProduct.feature:27[0m
[ERROR] 2024-05-16 15:53:57.517 [main] AllureLifecycle - Could not update test case: no test case running
[ERROR] 2024-05-16 15:53:57.518 [main] AllureLifecycle - Could not update test case: no test case running
[ERROR] 2024-05-16 15:53:57.518 [main] AllureLifecycle - Could not update test case: no test case running
[INFO ] 2024-05-16 15:53:57.518 [main] ReportManager - 
[0;7m------------------------------------------------------------------------------------------------------------------------------------------------
                                  Starting Execution: "5 out of 5" scenarios in the "Purchase Products" feature                                  
                         Scenario Name: "Verify That an Alert message Please fill out Name and Creditcard should appear"                         
                                                                 Scenario Steps:                                                                 
                                                     Given I click on Login button in Header                                                     
                                              When I fill in username  and password  in Login Form                                              
                                               And I validate that account is opened Successfully                                               
                                                And I click on Laptops in categories on home page                                                
                                                            And I choose product one                                                            
                                                And I click on Add to cart button for product one                                                
                                          And I validate that product one is successfully added to cart                                          
                                                      And I click on Cart button in header                                                      
                                                        And I click on Place order button                                                        
                                         And I fill in  place order without UserName and CreditCard form                                         
                                               And I click on Purchase button in place order Form                                               
                                 Then I validate that 'Please fill out Name and Creditcard.' Alert is displayed                                 
------------------------------------------------------------------------------------------------------------------------------------------------
[0m
[INFO ] 2024-05-16 15:53:57.537 [main] ReportManager - Scenario Hook: BEFORE
[INFO ] 2024-05-16 15:53:57.538 [main] ReportManager - Loaded Test Data: "src/test/resources/DynamicData.json".
[INFO ] 2024-05-16 15:53:57.539 [main] ReportManager - Successfully created attachment 'Test Data - JSON'
[INFO ] 2024-05-16 15:53:57.543 [main] ReportManager - Setting "targetOperatingSystem" property with "windows".
[INFO ] 2024-05-16 15:53:57.545 [main] ReportManager - Capabilities {acceptInsecureCerts: true, browserName: chrome, goog:chromeOptions: {args: [--start-maximized], extensions: [], prefs: {download.default_directory: D:\JDK\project\Web-Automati..., download.prompt_for_download: false, profile.default_content_settings.popups: 0}}, pageLoadStrategy: normal, timeouts: {pageLoad: 60000, script: 60000}, unhandledPromptBehavior: ignore, webSocketUrl: true}
[INFO ] 2024-05-16 15:53:57.545 [main] ReportManager - Attempting to run locally on: "Windows | Chrome".
[INFO ] 2024-05-16 15:53:57.545 [main] ReportManager - Identifying OS/Driver combination. Please note that if a new browser/driver executable will be downloaded it may take some time depending on your connection...
[WARN ] 2024-05-16 15:53:59.357 [main] ReportManager - May 16, 2024 3:53:59 PM org.openqa.selenium.devtools.CdpVersionFinder findNearestMatch
[WARN ] 2024-05-16 15:53:59.357 [main] ReportManager - WARNING: Unable to find an exact match for CDP version 124, returning the closest version; found: 123; Please update to a Selenium version that supports CDP version 124
[INFO ] 2024-05-16 15:53:59.358 [main] ReportManager - Successfully Opened: "Windows | Chrome".
[INFO ] 2024-05-16 15:53:59.359 [main] ReportManager - Target URL: "https://www.demoblaze.com/index.html"
[INFO ] 2024-05-16 15:53:59.428 [main] ReportManager - Initial URL: "about:blank"
[INFO ] 2024-05-16 15:54:00.399 [main] ReportManager - Navigate to url "https://www.demoblaze.com/index.html".
[INFO ] 2024-05-16 15:54:00.463 [main] ReportManager - Expected "STORE", and actual "STORE"
[INFO ] 2024-05-16 15:54:00.914 [main] ReportManager - Successfully created attachment 'Screenshot - Verify_15-54-00-911_16052024'
[INFO ] 2024-05-16 15:54:00.914 [main] ReportManager - Verification passed
[INFO ] 2024-05-16 15:54:00.916 [main] ReportManager - Scenario Step: Given I click on Login button in Header
[INFO ] 2024-05-16 15:54:01.071 [main] ReportManager - Moved the mouse to the middle of the element.
[INFO ] 2024-05-16 15:54:01.114 [main] ReportManager - Click "Log in".
[INFO ] 2024-05-16 15:54:01.115 [main] ReportManager -   [32mGiven [0m[32mI click on Login button in Header[0m                                                [90m# org.example.StepDefinitions.BuyProduct.clickLoginButton()[0m
[INFO ] 2024-05-16 15:54:01.116 [main] ReportManager - Scenario Step: When I fill in username  and password  in Login Form
[DEBUG] 2024-05-16 15:54:01.370 [main] ReportManager - Text cleared Using Native Clear
[INFO ] 2024-05-16 15:54:01.439 [main] ReportManager - Type "Brooks Prosacco" into "By.id: loginusername".
[DEBUG] 2024-05-16 15:54:01.506 [main] ReportManager - Text cleared Using Native Clear
[INFO ] 2024-05-16 15:54:01.547 [main] ReportManager - Type "ropiz15zmpp" into "By.id: loginpassword".
[INFO ] 2024-05-16 15:54:01.714 [main] ReportManager - Moved the mouse to the middle of the element.
[INFO ] 2024-05-16 15:54:01.747 [main] ReportManager - Click "Log in".
[INFO ] 2024-05-16 15:54:01.747 [main] ReportManager -   [32mWhen [0m[32mI fill in username  and password  in Login Form[0m                                   [90m# org.example.StepDefinitions.BuyProduct.fillLoginForm()[0m
[INFO ] 2024-05-16 15:54:01.748 [main] ReportManager - Scenario Step: And I validate that account is opened Successfully
[INFO ] 2024-05-16 15:54:01.788 [main] ReportManager - Expected "true", and actual "true"
[INFO ] 2024-05-16 15:54:02.700 [main] ReportManager - Successfully created attachment 'Screenshot - Assert_15-54-02-696_16052024'
[INFO ] 2024-05-16 15:54:02.701 [main] ReportManager - Assertion passed
[INFO ] 2024-05-16 15:54:02.701 [main] ReportManager -   [32mAnd [0m[32mI validate that account is opened Successfully[0m                                     [90m# org.example.StepDefinitions.BuyProduct.ValidateLogIn()[0m
[INFO ] 2024-05-16 15:54:02.702 [main] ReportManager - Scenario Step: And I click on Laptops in categories on home page
[INFO ] 2024-05-16 15:54:02.862 [main] ReportManager - Moved the mouse to the middle of the element.
[INFO ] 2024-05-16 15:54:02.896 [main] ReportManager - Click "Laptops".
[INFO ] 2024-05-16 15:54:02.896 [main] ReportManager -   [32mAnd [0m[32mI click on Laptops in categories on home page[0m                                      [90m# org.example.StepDefinitions.BuyProduct.ClickOnLapTop()[0m
[INFO ] 2024-05-16 15:54:02.897 [main] ReportManager - Scenario Step: And I choose product one
[INFO ] 2024-05-16 15:54:03.064 [main] ReportManager - Moved the mouse to the middle of the element.
[INFO ] 2024-05-16 15:54:03.521 [main] ReportManager - Click "Sony vaio i5".
[INFO ] 2024-05-16 15:54:03.521 [main] ReportManager -   [32mAnd [0m[32mI choose product one[0m                                                               [90m# org.example.StepDefinitions.BuyProduct.ProductOne()[0m
[INFO ] 2024-05-16 15:54:03.522 [main] ReportManager - Scenario Step: And I click on Add to cart button for product one
[INFO ] 2024-05-16 15:54:04.063 [main] ReportManager - Moved the mouse to the middle of the element.
[INFO ] 2024-05-16 15:54:04.103 [main] ReportManager - Click "Add to cart".
[INFO ] 2024-05-16 15:54:04.104 [main] ReportManager -   [32mAnd [0m[32mI click on Add to cart button for product one[0m                                      [90m# org.example.StepDefinitions.BuyProduct.AddToCartOne()[0m
[INFO ] 2024-05-16 15:54:04.104 [main] ReportManager - Scenario Step: And I validate that product one is successfully added to cart
[INFO ] 2024-05-16 15:54:04.159 [main] ReportManager - Alert action failed.
[ERROR] 2024-05-16 15:54:04.160 [main] ReportManager - java.lang.reflect.InvocationTargetException: null
 java.base/jdk.internal.reflect.DirectMethodHandleAccessor.invoke(DirectMethodHandleAccessor.java:118)
 java.base/java.lang.reflect.Method.invoke(Method.java:580)
 org.openqa.selenium.support.decorators.WebDriverDecorator.call(WebDriverDecorator.java:249)
 org.openqa.selenium.support.decorators.DefaultDecorated.call(DefaultDecorated.java:48)
 org.openqa.selenium.support.decorators.WebDriverDecorator.lambda$createProxy$2(WebDriverDecorator.java:321)
 net.bytebuddy.renamed.java.lang.Object$ByteBuddy$QVeBbFGe.alert(Unknown Source)
 coreElements.Alerts.lambda$AcceptAlert$0(Alerts.java:28)
 org.openqa.selenium.support.ui.FluentWait.until(FluentWait.java:203)
 coreElements.Alerts.AcceptAlert(Alerts.java:26)
 org.example.StepDefinitions.BuyProduct.ValidateAddToCart(BuyProduct.java:50)
 java.base/jdk.internal.reflect.DirectMethodHandleAccessor.invoke(DirectMethodHandleAccessor.java:103)
 java.base/java.lang.reflect.Method.invoke(Method.java:580)
 io.cucumber.java.Invoker.doInvoke(Invoker.java:66)
 io.cucumber.java.Invoker.invoke(Invoker.java:24)
 io.cucumber.java.AbstractGlueDefinition.invokeMethod(AbstractGlueDefinition.java:47)
 io.cucumber.java.JavaStepDefinition.execute(JavaStepDefinition.java:29)
 io.cucumber.core.runner.CoreStepDefinition.execute(CoreStepDefinition.java:66)
 io.cucumber.core.runner.PickleStepDefinitionMatch.runStep(PickleStepDefinitionMatch.java:63)
 io.cucumber.core.runner.ExecutionMode$1.execute(ExecutionMode.java:10)
 io.cucumber.core.runner.TestStep.executeStep(TestStep.java:81)
 io.cucumber.core.runner.TestStep.run(TestStep.java:53)
 io.cucumber.core.runner.PickleStepTestStep.run(PickleStepTestStep.java:51)
 io.cucumber.core.runner.TestCase.run(TestCase.java:84)
 io.cucumber.core.runner.Runner.runPickle(Runner.java:75)
 io.cucumber.testng.TestNGCucumberRunner.lambda$runScenario$1(TestNGCucumberRunner.java:132)
 io.cucumber.core.runtime.CucumberExecutionContext.lambda$runTestCase$5(CucumberExecutionContext.java:136)
 io.cucumber.core.runtime.RethrowingThrowableCollector.executeAndThrow(RethrowingThrowableCollector.java:23)
 io.cucumber.core.runtime.CucumberExecutionContext.runTestCase(CucumberExecutionContext.java:136)
 io.cucumber.testng.TestNGCucumberRunner.runScenario(TestNGCucumberRunner.java:129)
 io.cucumber.testng.AbstractTestNGCucumberTests.runScenario(AbstractTestNGCucumberTests.java:35)
 java.base/jdk.internal.reflect.DirectMethodHandleAccessor.invoke(DirectMethodHandleAccessor.java:103)
 java.base/java.lang.reflect.Method.invoke(Method.java:580)
 org.testng.internal.invokers.MethodInvocationHelper.invokeMethod(MethodInvocationHelper.java:141)
 org.testng.internal.invokers.TestInvoker.invokeMethod(TestInvoker.java:686)
 org.testng.internal.invokers.TestInvoker.invokeTestMethod(TestInvoker.java:230)
 org.testng.internal.invokers.MethodRunner.runInSequence(MethodRunner.java:63)
 org.testng.internal.invokers.TestInvoker$MethodInvocationAgent.invoke(TestInvoker.java:992)
 org.testng.internal.invokers.TestInvoker.invokeTestMethods(TestInvoker.java:203)
 org.testng.internal.invokers.TestMethodWorker.invokeTestMethods(TestMethodWorker.java:154)
 org.testng.internal.invokers.TestMethodWorker.run(TestMethodWorker.java:134)
 java.base/java.util.ArrayList.forEach(ArrayList.java:1597)
 org.testng.TestRunner.privateRun(TestRunner.java:739)
 org.testng.TestRunner.run(TestRunner.java:614)
 org.testng.SuiteRunner.runTest(SuiteRunner.java:421)
 org.testng.SuiteRunner.runSequentially(SuiteRunner.java:413)
 org.testng.SuiteRunner.privateRun(SuiteRunner.java:373)
 org.testng.SuiteRunner.run(SuiteRunner.java:312)
 org.testng.SuiteRunnerWorker.runSuite(SuiteRunnerWorker.java:52)
 org.testng.SuiteRunnerWorker.run(SuiteRunnerWorker.java:95)
 org.testng.TestNG.runSuitesSequentially(TestNG.java:1274)
 org.testng.TestNG.runSuitesLocally(TestNG.java:1208)
 org.testng.TestNG.runSuites(TestNG.java:1112)
 org.testng.TestNG.run(TestNG.java:1079)
 com.intellij.rt.testng.IDEARemoteTestNG.run(IDEARemoteTestNG.java:65)
 com.intellij.rt.testng.RemoteTestNGStarter.main(RemoteTestNGStarter.java:105)

Caused by: org.openqa.selenium.NoAlertPresentException: no such alert
  (Session info: chrome=124.0.6367.203)
Build info: version: '4.19.1', revision: 'abe0ee07dc'
System info: os.name: 'Windows 10', os.arch: 'amd64', os.version: '10.0', java.version: '22.0.1'
Driver info: org.openqa.selenium.chrome.ChromeDriver
Command: [69bcd123aa507b350732f48df937d6e8, getAlertText {}]
Capabilities {acceptInsecureCerts: true, browserName: chrome, browserVersion: 124.0.6367.203, chrome: {chromedriverVersion: 124.0.6367.207 (a9001a6e39f..., userDataDir: C:\Users\MED5B~1.TAH\AppDat...}, fedcm:accounts: true, goog:chromeOptions: {debuggerAddress: localhost:57504}, networkConnectionEnabled: false, pageLoadStrategy: normal, platformName: windows, proxy: Proxy(), se:cdp: ws://localhost:57504/devtoo..., se:cdpVersion: 124.0.6367.203, setWindowRect: true, strictFileInteractability: false, timeouts: {implicit: 0, pageLoad: 60000, script: 60000}, unhandledPromptBehavior: ignore, webSocketUrl: ws://localhost:26365/sessio..., webauthn:extension:credBlob: true, webauthn:extension:largeBlob: true, webauthn:extension:minPinLength: true, webauthn:extension:prf: true, webauthn:virtualAuthenticators: true}
Session ID: 69bcd123aa507b350732f48df937d6e8
 java.base/jdk.internal.reflect.DirectConstructorHandleAccessor.newInstance(DirectConstructorHandleAccessor.java:62)
 java.base/java.lang.reflect.Constructor.newInstanceWithCaller(Constructor.java:502)
 java.base/java.lang.reflect.Constructor.newInstance(Constructor.java:486)
 org.openqa.selenium.remote.ErrorCodec.decode(ErrorCodec.java:167)
 org.openqa.selenium.remote.codec.w3c.W3CHttpResponseCodec.decode(W3CHttpResponseCodec.java:138)
 org.openqa.selenium.remote.codec.w3c.W3CHttpResponseCodec.decode(W3CHttpResponseCodec.java:50)
 org.openqa.selenium.remote.HttpCommandExecutor.execute(HttpCommandExecutor.java:190)
 org.openqa.selenium.remote.service.DriverCommandExecutor.invokeExecute(DriverCommandExecutor.java:216)
 org.openqa.selenium.remote.service.DriverCommandExecutor.execute(DriverCommandExecutor.java:174)
 org.openqa.selenium.remote.RemoteWebDriver.execute(RemoteWebDriver.java:518)
 org.openqa.selenium.remote.RemoteWebDriver.execute(RemoteWebDriver.java:591)
 org.openqa.selenium.remote.RemoteWebDriver.execute(RemoteWebDriver.java:595)
 org.openqa.selenium.remote.RemoteWebDriver$RemoteTargetLocator.alert(RemoteWebDriver.java:1163)
 java.base/jdk.internal.reflect.DirectMethodHandleAccessor.invoke(DirectMethodHandleAccessor.java:103)
 java.base/java.lang.reflect.Method.invoke(Method.java:580)
 org.openqa.selenium.support.decorators.WebDriverDecorator.call(WebDriverDecorator.java:249)
 org.openqa.selenium.support.decorators.DefaultDecorated.call(DefaultDecorated.java:48)
 org.openqa.selenium.support.decorators.WebDriverDecorator.lambda$createProxy$2(WebDriverDecorator.java:321)
 net.bytebuddy.renamed.java.lang.Object$ByteBuddy$QVeBbFGe.alert(Unknown Source)
 coreElements.Alerts.lambda$AcceptAlert$0(Alerts.java:28)
 org.openqa.selenium.support.ui.FluentWait.until(FluentWait.java:203)
 coreElements.Alerts.AcceptAlert(Alerts.java:26)
 org.example.StepDefinitions.BuyProduct.ValidateAddToCart(BuyProduct.java:50)
 java.base/jdk.internal.reflect.DirectMethodHandleAccessor.invoke(DirectMethodHandleAccessor.java:103)
 java.base/java.lang.reflect.Method.invoke(Method.java:580)
 io.cucumber.java.Invoker.doInvoke(Invoker.java:66)
 io.cucumber.java.Invoker.invoke(Invoker.java:24)
 io.cucumber.java.AbstractGlueDefinition.invokeMethod(AbstractGlueDefinition.java:47)
 io.cucumber.java.JavaStepDefinition.execute(JavaStepDefinition.java:29)
 io.cucumber.core.runner.CoreStepDefinition.execute(CoreStepDefinition.java:66)
 io.cucumber.core.runner.PickleStepDefinitionMatch.runStep(PickleStepDefinitionMatch.java:63)
 io.cucumber.core.runner.ExecutionMode$1.execute(ExecutionMode.java:10)
 io.cucumber.core.runner.TestStep.executeStep(TestStep.java:81)
 io.cucumber.core.runner.TestStep.run(TestStep.java:53)
 io.cucumber.core.runner.PickleStepTestStep.run(PickleStepTestStep.java:51)
 io.cucumber.core.runner.TestCase.run(TestCase.java:84)
 io.cucumber.core.runner.Runner.runPickle(Runner.java:75)
 io.cucumber.testng.TestNGCucumberRunner.lambda$runScenario$1(TestNGCucumberRunner.java:132)
 io.cucumber.core.runtime.CucumberExecutionContext.lambda$runTestCase$5(CucumberExecutionContext.java:136)
 io.cucumber.core.runtime.RethrowingThrowableCollector.executeAndThrow(RethrowingThrowableCollector.java:23)
 io.cucumber.core.runtime.CucumberExecutionContext.runTestCase(CucumberExecutionContext.java:136)
 io.cucumber.testng.TestNGCucumberRunner.runScenario(TestNGCucumberRunner.java:129)
 io.cucumber.testng.AbstractTestNGCucumberTests.runScenario(AbstractTestNGCucumberTests.java:35)
 java.base/jdk.internal.reflect.DirectMethodHandleAccessor.invoke(DirectMethodHandleAccessor.java:103)
 java.base/java.lang.reflect.Method.invoke(Method.java:580)
 org.testng.internal.invokers.MethodInvocationHelper.invokeMethod(MethodInvocationHelper.java:141)
 org.testng.internal.invokers.TestInvoker.invokeMethod(TestInvoker.java:686)
 org.testng.internal.invokers.TestInvoker.invokeTestMethod(TestInvoker.java:230)
 org.testng.internal.invokers.MethodRunner.runInSequence(MethodRunner.java:63)
 org.testng.internal.invokers.TestInvoker$MethodInvocationAgent.invoke(TestInvoker.java:992)
 org.testng.internal.invokers.TestInvoker.invokeTestMethods(TestInvoker.java:203)
 org.testng.internal.invokers.TestMethodWorker.invokeTestMethods(TestMethodWorker.java:154)
 org.testng.internal.invokers.TestMethodWorker.run(TestMethodWorker.java:134)
 java.base/java.util.ArrayList.forEach(ArrayList.java:1597)
 org.testng.TestRunner.privateRun(TestRunner.java:739)
 org.testng.TestRunner.run(TestRunner.java:614)
 org.testng.SuiteRunner.runTest(SuiteRunner.java:421)
 org.testng.SuiteRunner.runSequentially(SuiteRunner.java:413)
 org.testng.SuiteRunner.privateRun(SuiteRunner.java:373)
 org.testng.SuiteRunner.run(SuiteRunner.java:312)
 org.testng.SuiteRunnerWorker.runSuite(SuiteRunnerWorker.java:52)
 org.testng.SuiteRunnerWorker.run(SuiteRunnerWorker.java:95)
 org.testng.TestNG.runSuitesSequentially(TestNG.java:1274)
 org.testng.TestNG.runSuitesLocally(TestNG.java:1208)
 org.testng.TestNG.runSuites(TestNG.java:1112)
 org.testng.TestNG.run(TestNG.java:1079)
 com.intellij.rt.testng.IDEARemoteTestNG.run(IDEARemoteTestNG.java:65)
 com.intellij.rt.testng.RemoteTestNGStarter.main(RemoteTestNGStarter.java:105)
[INFO ] 2024-05-16 15:54:04.480 [main] ReportManager - Alert action failed.
[ERROR] 2024-05-16 15:54:04.480 [main] ReportManager - java.lang.reflect.InvocationTargetException: null
 java.base/jdk.internal.reflect.DirectMethodHandleAccessor.invoke(DirectMethodHandleAccessor.java:118)
 java.base/java.lang.reflect.Method.invoke(Method.java:580)
 org.openqa.selenium.support.decorators.WebDriverDecorator.call(WebDriverDecorator.java:249)
 org.openqa.selenium.support.decorators.DefaultDecorated.call(DefaultDecorated.java:48)
 org.openqa.selenium.support.decorators.WebDriverDecorator.lambda$createProxy$2(WebDriverDecorator.java:321)
 net.bytebuddy.renamed.java.lang.Object$ByteBuddy$YSD6TXsZ.alert(Unknown Source)
 coreElements.Alerts.lambda$AcceptAlert$0(Alerts.java:28)
 org.openqa.selenium.support.ui.FluentWait.until(FluentWait.java:203)
 coreElements.Alerts.AcceptAlert(Alerts.java:26)
 org.example.StepDefinitions.BuyProduct.ValidateAddToCart(BuyProduct.java:50)
 java.base/jdk.internal.reflect.DirectMethodHandleAccessor.invoke(DirectMethodHandleAccessor.java:103)
 java.base/java.lang.reflect.Method.invoke(Method.java:580)
 io.cucumber.java.Invoker.doInvoke(Invoker.java:66)
 io.cucumber.java.Invoker.invoke(Invoker.java:24)
 io.cucumber.java.AbstractGlueDefinition.invokeMethod(AbstractGlueDefinition.java:47)
 io.cucumber.java.JavaStepDefinition.execute(JavaStepDefinition.java:29)
 io.cucumber.core.runner.CoreStepDefinition.execute(CoreStepDefinition.java:66)
 io.cucumber.core.runner.PickleStepDefinitionMatch.runStep(PickleStepDefinitionMatch.java:63)
 io.cucumber.core.runner.ExecutionMode$1.execute(ExecutionMode.java:10)
 io.cucumber.core.runner.TestStep.executeStep(TestStep.java:81)
 io.cucumber.core.runner.TestStep.run(TestStep.java:53)
 io.cucumber.core.runner.PickleStepTestStep.run(PickleStepTestStep.java:51)
 io.cucumber.core.runner.TestCase.run(TestCase.java:84)
 io.cucumber.core.runner.Runner.runPickle(Runner.java:75)
 io.cucumber.testng.TestNGCucumberRunner.lambda$runScenario$1(TestNGCucumberRunner.java:132)
 io.cucumber.core.runtime.CucumberExecutionContext.lambda$runTestCase$5(CucumberExecutionContext.java:136)
 io.cucumber.core.runtime.RethrowingThrowableCollector.executeAndThrow(RethrowingThrowableCollector.java:23)
 io.cucumber.core.runtime.CucumberExecutionContext.runTestCase(CucumberExecutionContext.java:136)
 io.cucumber.testng.TestNGCucumberRunner.runScenario(TestNGCucumberRunner.java:129)
 io.cucumber.testng.AbstractTestNGCucumberTests.runScenario(AbstractTestNGCucumberTests.java:35)
 java.base/jdk.internal.reflect.DirectMethodHandleAccessor.invoke(DirectMethodHandleAccessor.java:103)
 java.base/java.lang.reflect.Method.invoke(Method.java:580)
 org.testng.internal.invokers.MethodInvocationHelper.invokeMethod(MethodInvocationHelper.java:141)
 org.testng.internal.invokers.TestInvoker.invokeMethod(TestInvoker.java:686)
 org.testng.internal.invokers.TestInvoker.invokeTestMethod(TestInvoker.java:230)
 org.testng.internal.invokers.MethodRunner.runInSequence(MethodRunner.java:63)
 org.testng.internal.invokers.TestInvoker$MethodInvocationAgent.invoke(TestInvoker.java:992)
 org.testng.internal.invokers.TestInvoker.invokeTestMethods(TestInvoker.java:203)
 org.testng.internal.invokers.TestMethodWorker.invokeTestMethods(TestMethodWorker.java:154)
 org.testng.internal.invokers.TestMethodWorker.run(TestMethodWorker.java:134)
 java.base/java.util.ArrayList.forEach(ArrayList.java:1597)
 org.testng.TestRunner.privateRun(TestRunner.java:739)
 org.testng.TestRunner.run(TestRunner.java:614)
 org.testng.SuiteRunner.runTest(SuiteRunner.java:421)
 org.testng.SuiteRunner.runSequentially(SuiteRunner.java:413)
 org.testng.SuiteRunner.privateRun(SuiteRunner.java:373)
 org.testng.SuiteRunner.run(SuiteRunner.java:312)
 org.testng.SuiteRunnerWorker.runSuite(SuiteRunnerWorker.java:52)
 org.testng.SuiteRunnerWorker.run(SuiteRunnerWorker.java:95)
 org.testng.TestNG.runSuitesSequentially(TestNG.java:1274)
 org.testng.TestNG.runSuitesLocally(TestNG.java:1208)
 org.testng.TestNG.runSuites(TestNG.java:1112)
 org.testng.TestNG.run(TestNG.java:1079)
 com.intellij.rt.testng.IDEARemoteTestNG.run(IDEARemoteTestNG.java:65)
 com.intellij.rt.testng.RemoteTestNGStarter.main(RemoteTestNGStarter.java:105)

Caused by: org.openqa.selenium.NoAlertPresentException: no such alert
  (Session info: chrome=124.0.6367.203)
Build info: version: '4.19.1', revision: 'abe0ee07dc'
System info: os.name: 'Windows 10', os.arch: 'amd64', os.version: '10.0', java.version: '22.0.1'
Driver info: org.openqa.selenium.chrome.ChromeDriver
Command: [69bcd123aa507b350732f48df937d6e8, getAlertText {}]
Capabilities {acceptInsecureCerts: true, browserName: chrome, browserVersion: 124.0.6367.203, chrome: {chromedriverVersion: 124.0.6367.207 (a9001a6e39f..., userDataDir: C:\Users\MED5B~1.TAH\AppDat...}, fedcm:accounts: true, goog:chromeOptions: {debuggerAddress: localhost:57504}, networkConnectionEnabled: false, pageLoadStrategy: normal, platformName: windows, proxy: Proxy(), se:cdp: ws://localhost:57504/devtoo..., se:cdpVersion: 124.0.6367.203, setWindowRect: true, strictFileInteractability: false, timeouts: {implicit: 0, pageLoad: 60000, script: 60000}, unhandledPromptBehavior: ignore, webSocketUrl: ws://localhost:26365/sessio..., webauthn:extension:credBlob: true, webauthn:extension:largeBlob: true, webauthn:extension:minPinLength: true, webauthn:extension:prf: true, webauthn:virtualAuthenticators: true}
Session ID: 69bcd123aa507b350732f48df937d6e8
 java.base/jdk.internal.reflect.DirectConstructorHandleAccessor.newInstance(DirectConstructorHandleAccessor.java:62)
 java.base/java.lang.reflect.Constructor.newInstanceWithCaller(Constructor.java:502)
 java.base/java.lang.reflect.Constructor.newInstance(Constructor.java:486)
 org.openqa.selenium.remote.ErrorCodec.decode(ErrorCodec.java:167)
 org.openqa.selenium.remote.codec.w3c.W3CHttpResponseCodec.decode(W3CHttpResponseCodec.java:138)
 org.openqa.selenium.remote.codec.w3c.W3CHttpResponseCodec.decode(W3CHttpResponseCodec.java:50)
 org.openqa.selenium.remote.HttpCommandExecutor.execute(HttpCommandExecutor.java:190)
 org.openqa.selenium.remote.service.DriverCommandExecutor.invokeExecute(DriverCommandExecutor.java:216)
 org.openqa.selenium.remote.service.DriverCommandExecutor.execute(DriverCommandExecutor.java:174)
 org.openqa.selenium.remote.RemoteWebDriver.execute(RemoteWebDriver.java:518)
 org.openqa.selenium.remote.RemoteWebDriver.execute(RemoteWebDriver.java:591)
 org.openqa.selenium.remote.RemoteWebDriver.execute(RemoteWebDriver.java:595)
 org.openqa.selenium.remote.RemoteWebDriver$RemoteTargetLocator.alert(RemoteWebDriver.java:1163)
 java.base/jdk.internal.reflect.DirectMethodHandleAccessor.invoke(DirectMethodHandleAccessor.java:103)
 java.base/java.lang.reflect.Method.invoke(Method.java:580)
 org.openqa.selenium.support.decorators.WebDriverDecorator.call(WebDriverDecorator.java:249)
 org.openqa.selenium.support.decorators.DefaultDecorated.call(DefaultDecorated.java:48)
 org.openqa.selenium.support.decorators.WebDriverDecorator.lambda$createProxy$2(WebDriverDecorator.java:321)
 net.bytebuddy.renamed.java.lang.Object$ByteBuddy$YSD6TXsZ.alert(Unknown Source)
 coreElements.Alerts.lambda$AcceptAlert$0(Alerts.java:28)
 org.openqa.selenium.support.ui.FluentWait.until(FluentWait.java:203)
 coreElements.Alerts.AcceptAlert(Alerts.java:26)
 org.example.StepDefinitions.BuyProduct.ValidateAddToCart(BuyProduct.java:50)
 java.base/jdk.internal.reflect.DirectMethodHandleAccessor.invoke(DirectMethodHandleAccessor.java:103)
 java.base/java.lang.reflect.Method.invoke(Method.java:580)
 io.cucumber.java.Invoker.doInvoke(Invoker.java:66)
 io.cucumber.java.Invoker.invoke(Invoker.java:24)
 io.cucumber.java.AbstractGlueDefinition.invokeMethod(AbstractGlueDefinition.java:47)
 io.cucumber.java.JavaStepDefinition.execute(JavaStepDefinition.java:29)
 io.cucumber.core.runner.CoreStepDefinition.execute(CoreStepDefinition.java:66)
 io.cucumber.core.runner.PickleStepDefinitionMatch.runStep(PickleStepDefinitionMatch.java:63)
 io.cucumber.core.runner.ExecutionMode$1.execute(ExecutionMode.java:10)
 io.cucumber.core.runner.TestStep.executeStep(TestStep.java:81)
 io.cucumber.core.runner.TestStep.run(TestStep.java:53)
 io.cucumber.core.runner.PickleStepTestStep.run(PickleStepTestStep.java:51)
 io.cucumber.core.runner.TestCase.run(TestCase.java:84)
 io.cucumber.core.runner.Runner.runPickle(Runner.java:75)
 io.cucumber.testng.TestNGCucumberRunner.lambda$runScenario$1(TestNGCucumberRunner.java:132)
 io.cucumber.core.runtime.CucumberExecutionContext.lambda$runTestCase$5(CucumberExecutionContext.java:136)
 io.cucumber.core.runtime.RethrowingThrowableCollector.executeAndThrow(RethrowingThrowableCollector.java:23)
 io.cucumber.core.runtime.CucumberExecutionContext.runTestCase(CucumberExecutionContext.java:136)
 io.cucumber.testng.TestNGCucumberRunner.runScenario(TestNGCucumberRunner.java:129)
 io.cucumber.testng.AbstractTestNGCucumberTests.runScenario(AbstractTestNGCucumberTests.java:35)
 java.base/jdk.internal.reflect.DirectMethodHandleAccessor.invoke(DirectMethodHandleAccessor.java:103)
 java.base/java.lang.reflect.Method.invoke(Method.java:580)
 org.testng.internal.invokers.MethodInvocationHelper.invokeMethod(MethodInvocationHelper.java:141)
 org.testng.internal.invokers.TestInvoker.invokeMethod(TestInvoker.java:686)
 org.testng.internal.invokers.TestInvoker.invokeTestMethod(TestInvoker.java:230)
 org.testng.internal.invokers.MethodRunner.runInSequence(MethodRunner.java:63)
 org.testng.internal.invokers.TestInvoker$MethodInvocationAgent.invoke(TestInvoker.java:992)
 org.testng.internal.invokers.TestInvoker.invokeTestMethods(TestInvoker.java:203)
 org.testng.internal.invokers.TestMethodWorker.invokeTestMethods(TestMethodWorker.java:154)
 org.testng.internal.invokers.TestMethodWorker.run(TestMethodWorker.java:134)
 java.base/java.util.ArrayList.forEach(ArrayList.java:1597)
 org.testng.TestRunner.privateRun(TestRunner.java:739)
 org.testng.TestRunner.run(TestRunner.java:614)
 org.testng.SuiteRunner.runTest(SuiteRunner.java:421)
 org.testng.SuiteRunner.runSequentially(SuiteRunner.java:413)
 org.testng.SuiteRunner.privateRun(SuiteRunner.java:373)
 org.testng.SuiteRunner.run(SuiteRunner.java:312)
 org.testng.SuiteRunnerWorker.runSuite(SuiteRunnerWorker.java:52)
 org.testng.SuiteRunnerWorker.run(SuiteRunnerWorker.java:95)
 org.testng.TestNG.runSuitesSequentially(TestNG.java:1274)
 org.testng.TestNG.runSuitesLocally(TestNG.java:1208)
 org.testng.TestNG.runSuites(TestNG.java:1112)
 org.testng.TestNG.run(TestNG.java:1079)
 com.intellij.rt.testng.IDEARemoteTestNG.run(IDEARemoteTestNG.java:65)
 com.intellij.rt.testng.RemoteTestNGStarter.main(RemoteTestNGStarter.java:105)
[INFO ] 2024-05-16 15:54:04.837 [main] ReportManager -   [32mAnd [0m[32mI validate that product one is successfully added to cart[0m                          [90m# org.example.StepDefinitions.BuyProduct.ValidateAddToCart()[0m
[INFO ] 2024-05-16 15:54:04.838 [main] ReportManager - Scenario Step: And I click on Cart button in header
[INFO ] 2024-05-16 15:54:05.007 [main] ReportManager - Moved the mouse to the middle of the element.
[INFO ] 2024-05-16 15:54:05.466 [main] ReportManager - Click "Cart".
[INFO ] 2024-05-16 15:54:05.466 [main] ReportManager -   [32mAnd [0m[32mI click on Cart button in header[0m                                                   [90m# org.example.StepDefinitions.BuyProduct.CartButton()[0m
[INFO ] 2024-05-16 15:54:05.467 [main] ReportManager - Scenario Step: And I click on Place order button
[INFO ] 2024-05-16 15:54:05.679 [main] ReportManager - Moved the mouse to the middle of the element.
[INFO ] 2024-05-16 15:54:05.712 [main] ReportManager - Click "Place Order".
[INFO ] 2024-05-16 15:54:05.713 [main] ReportManager -   [32mAnd [0m[32mI click on Place order button[0m                                                      [90m# org.example.StepDefinitions.BuyProduct.PlaceOrder()[0m
[INFO ] 2024-05-16 15:54:05.713 [main] ReportManager - Scenario Step: And I fill in  place order without UserName and CreditCard form
[DEBUG] 2024-05-16 15:54:06.049 [main] ReportManager - Text cleared Using Native Clear
[INFO ] 2024-05-16 15:54:06.097 [main] ReportManager - Type "Egypt" into "By.xpath: //input[@id='country']".
[DEBUG] 2024-05-16 15:54:06.229 [main] ReportManager - Text cleared Using Native Clear
[INFO ] 2024-05-16 15:54:06.260 [main] ReportManager - Type "Cairo" into "City:".
[DEBUG] 2024-05-16 15:54:06.355 [main] ReportManager - Text cleared Using Native Clear
[INFO ] 2024-05-16 15:54:06.387 [main] ReportManager - Type "5" into "Month:".
[DEBUG] 2024-05-16 15:54:06.479 [main] ReportManager - Text cleared Using Native Clear
[INFO ] 2024-05-16 15:54:06.512 [main] ReportManager - Type "2024" into "Year:".
[INFO ] 2024-05-16 15:54:06.512 [main] ReportManager -   [32mAnd [0m[32mI fill in  place order without UserName and CreditCard form[0m                        [90m# org.example.StepDefinitions.MandatoryFields.FillForm()[0m
[INFO ] 2024-05-16 15:54:06.513 [main] ReportManager - Scenario Step: And I click on Purchase button in place order Form
[INFO ] 2024-05-16 15:54:06.698 [main] ReportManager - Moved the mouse to the middle of the element.
[INFO ] 2024-05-16 15:54:06.728 [main] ReportManager - Click "Purchase".
[INFO ] 2024-05-16 15:54:06.728 [main] ReportManager -   [32mAnd [0m[32mI click on Purchase button in place order Form[0m                                     [90m# org.example.StepDefinitions.BuyProduct.PlaceOrderButton()[0m
[INFO ] 2024-05-16 15:54:06.729 [main] ReportManager - Scenario Step: Then I validate that 'Please fill out Name and Creditcard.' Alert is displayed
[INFO ] 2024-05-16 15:54:06.873 [main] ReportManager -   [32mThen [0m[32mI validate that [0m[32m[1m'Please fill out Name and Creditcard.'[0m[32m Alert is displayed[0m         [90m# org.example.StepDefinitions.MandatoryFields.validateTextDisplayed(java.lang.String)[0m
[INFO ] 2024-05-16 15:54:06.878 [main] ReportManager - Scenario Hook: AFTER
[INFO ] 2024-05-16 15:54:07.161 [main] ReportManager - Successfully Closed Driver.
[ERROR] 2024-05-16 15:54:07.167 [main] AllureLifecycle - Could not add attachment: no test is running
[INFO ] 2024-05-16 15:54:07.168 [main] ReportManager - Successfully created attachment 'SHAFT Engine Logs - Current Method log: runScenario'
[INFO ] 2024-05-16 15:54:07.249 [main] ReportManager - 
[0;7m------------------------------------------------------------------------------------------------------------------------------------------------
                                           Starting execution of engine tear down configuration method                                           
                                        'com.shaft.listeners.internal.ConfigurationHelper.engineTearDown'                                        
------------------------------------------------------------------------------------------------------------------------------------------------
[0m
[INFO ] 2024-05-16 15:54:07.250 [main] ReportManager - Successfully created attachment 'SHAFT Engine Logs - Execution log'
