[INFO ] 2024-05-17 15:31:21.623 [main] ReportManager - 
[0;7m------------------------------------------------------------------------------------------------------------------------------------------------
                                                    Powered by [1mSHAFT v.8.2.20240411[22m                                                    
------------------------------------------------------------------------------------------------------------------------------------------------
[0m
[INFO ] 2024-05-17 15:31:21.633 [] ReportManager - Checking for engine updates...
[INFO ] 2024-05-17 15:31:21.674 [] ReportManager - Initializing Summary Reporting Environment...
[INFO ] 2024-05-17 15:31:21.675 [] ReportManager - Initializing Allure Reporting Environment...
[INFO ] 2024-05-17 15:31:21.716 [main] ReportManager - TestNG run detected...
[INFO ] 2024-05-17 15:31:22.109 [main] Utils - [TestNG] Running:
  C:\Users\M.Taher\AppData\Local\JetBrains\IdeaIC2023.3\temp-testng-customsuite.xml

[INFO ] 2024-05-17 15:31:22.164 [main] ReportManager - 
[0;7m------------------------------------------------------------------------------------------------------------------------------------------------
                                             Starting execution of suite setup configuration method                                             
                                          'com.shaft.listeners.internal.ConfigurationHelper.suiteSetup'                                          
------------------------------------------------------------------------------------------------------------------------------------------------
[0m
[INFO ] 2024-05-17 15:31:22.234 [main] ReportManager - Initializing Important Links...
[INFO ] 2024-05-17 15:31:22.253 [main] ReportManager - Initializing Properties...
[INFO ] 2024-05-17 15:31:22.983 [] ReportManager - Loaded OpenCV "opencv_java490".
[INFO ] 2024-05-17 15:31:24.794 [main] ReportManager - @Smoke
[INFO ] 2024-05-17 15:31:24.795 [main] ReportManager - Scenario: Verify that user can sign up successfully            [90m# src/main/resources/Features/AccountSignUp.feature:7[0m
[ERROR] 2024-05-17 15:31:24.800 [main] AllureLifecycle - Could not update test case: no test case running
[ERROR] 2024-05-17 15:31:24.801 [main] AllureLifecycle - Could not update test case: no test case running
[ERROR] 2024-05-17 15:31:24.802 [main] AllureLifecycle - Could not update test case: no test case running
[INFO ] 2024-05-17 15:31:24.809 [main] ReportManager - 
[0;7m------------------------------------------------------------------------------------------------------------------------------------------------
                                     Starting Execution: "1 out of 5" scenarios in the "User Signup" feature                                     
                                           Scenario Name: "Verify that user can sign up successfully"                                           
                                                                 Scenario Steps:                                                                 
                                                Given I click on the Sign up button in the Header                                                
                                          When I fill in the username and password in the sign up form                                          
                                                          And I submit the sign up form                                                          
                                               Then I should see the message "Sign up successful."                                               
------------------------------------------------------------------------------------------------------------------------------------------------
[0m
[INFO ] 2024-05-17 15:31:24.832 [main] ReportManager - Scenario Hook: BEFORE
[INFO ] 2024-05-17 15:31:24.839 [main] ReportManager - Loaded Test Data: "src/test/resources/DynamicData.json".
[INFO ] 2024-05-17 15:31:24.842 [main] ReportManager - Successfully created attachment 'Test Data - JSON'
[INFO ] 2024-05-17 15:31:24.867 [main] ReportManager - Setting "targetOperatingSystem" property with "windows".
[INFO ] 2024-05-17 15:31:24.881 [main] ReportManager - Capabilities {acceptInsecureCerts: true, browserName: chrome, goog:chromeOptions: {args: [--start-maximized], extensions: [], prefs: {download.default_directory: D:\JDK\project\Web-Automati..., download.prompt_for_download: false, profile.default_content_settings.popups: 0}}, pageLoadStrategy: normal, timeouts: {pageLoad: 60000, script: 60000}, unhandledPromptBehavior: ignore, webSocketUrl: true}
[INFO ] 2024-05-17 15:31:24.883 [main] ReportManager - Attempting to run locally on: "Windows | Chrome".
[INFO ] 2024-05-17 15:31:24.884 [main] ReportManager - Identifying OS/Driver combination. Please note that if a new browser/driver executable will be downloaded it may take some time depending on your connection...
[DEBUG] 2024-05-17 15:31:25.591 [] BasicClientConnectionManager - Get connection for route {s}->https://api.github.com:443
[DEBUG] 2024-05-17 15:31:25.674 [] DefaultClientConnectionOperator - Connecting to api.github.com:443
[DEBUG] 2024-05-17 15:31:26.270 [] RequestAddCookies - CookieSpec selected: ignoreCookies
[DEBUG] 2024-05-17 15:31:26.273 [] RequestAuthCache - Auth cache not set in the context
[DEBUG] 2024-05-17 15:31:26.274 [] RequestTargetAuthentication - Target auth state: UNCHALLENGED
[DEBUG] 2024-05-17 15:31:26.275 [] RequestProxyAuthentication - Proxy auth state: UNCHALLENGED
[DEBUG] 2024-05-17 15:31:26.275 [] DefaultClientConnection - Sending request: GET /repos/ShaftHQ/SHAFT_ENGINE/releases/latest HTTP/1.1
[DEBUG] 2024-05-17 15:31:26.276 [] wire -  >> "GET /repos/ShaftHQ/SHAFT_ENGINE/releases/latest HTTP/1.1[\r][\n]"
[DEBUG] 2024-05-17 15:31:26.278 [] wire -  >> "Accept: */*[\r][\n]"
[DEBUG] 2024-05-17 15:31:26.278 [] wire -  >> "Host: api.github.com[\r][\n]"
[DEBUG] 2024-05-17 15:31:26.278 [] wire -  >> "Connection: Keep-Alive[\r][\n]"
[DEBUG] 2024-05-17 15:31:26.278 [] wire -  >> "User-Agent: Apache-HttpClient/4.5.13 (Java/22.0.1)[\r][\n]"
[DEBUG] 2024-05-17 15:31:26.278 [] wire -  >> "Accept-Encoding: gzip,deflate[\r][\n]"
[DEBUG] 2024-05-17 15:31:26.278 [] wire -  >> "[\r][\n]"
[DEBUG] 2024-05-17 15:31:26.278 [] headers - >> GET /repos/ShaftHQ/SHAFT_ENGINE/releases/latest HTTP/1.1
[DEBUG] 2024-05-17 15:31:26.278 [] headers - >> Accept: */*
[DEBUG] 2024-05-17 15:31:26.278 [] headers - >> Host: api.github.com
[DEBUG] 2024-05-17 15:31:26.278 [] headers - >> Connection: Keep-Alive
[DEBUG] 2024-05-17 15:31:26.278 [] headers - >> User-Agent: Apache-HttpClient/4.5.13 (Java/22.0.1)
[DEBUG] 2024-05-17 15:31:26.278 [] headers - >> Accept-Encoding: gzip,deflate
[DEBUG] 2024-05-17 15:31:26.530 [] wire -  << "HTTP/1.1 200 OK[\r][\n]"
[DEBUG] 2024-05-17 15:31:26.540 [] wire -  << "Server: GitHub.com[\r][\n]"
[DEBUG] 2024-05-17 15:31:26.541 [] wire -  << "Date: Fri, 17 May 2024 12:31:27 GMT[\r][\n]"
[DEBUG] 2024-05-17 15:31:26.543 [] wire -  << "Content-Type: application/json; charset=utf-8[\r][\n]"
[DEBUG] 2024-05-17 15:31:26.543 [] wire -  << "Cache-Control: public, max-age=60, s-maxage=60[\r][\n]"
[DEBUG] 2024-05-17 15:31:26.543 [] wire -  << "Vary: Accept, Accept-Encoding, Accept, X-Requested-With[\r][\n]"
[DEBUG] 2024-05-17 15:31:26.543 [] wire -  << "ETag: W/"eb81a86056557e148808d85149dd270fcf7bb270ab393ed3ad576696057fe6ff"[\r][\n]"
[DEBUG] 2024-05-17 15:31:26.543 [] wire -  << "Last-Modified: Thu, 11 Apr 2024 15:11:51 GMT[\r][\n]"
[DEBUG] 2024-05-17 15:31:26.543 [] wire -  << "X-GitHub-Media-Type: github.v3; format=json[\r][\n]"
[DEBUG] 2024-05-17 15:31:26.543 [] wire -  << "x-github-api-version-selected: 2022-11-28[\r][\n]"
[DEBUG] 2024-05-17 15:31:26.543 [] wire -  << "Access-Control-Expose-Headers: ETag, Link, Location, Retry-After, X-GitHub-OTP, X-RateLimit-Limit, X-RateLimit-Remaining, X-RateLimit-Used, X-RateLimit-Resource, X-RateLimit-Reset, X-OAuth-Scopes, X-Accepted-OAuth-Scopes, X-Poll-Interval, X-GitHub-Media-Type, X-GitHub-SSO, X-GitHub-Request-Id, Deprecation, Sunset[\r][\n]"
[DEBUG] 2024-05-17 15:31:26.543 [] wire -  << "Access-Control-Allow-Origin: *[\r][\n]"
[DEBUG] 2024-05-17 15:31:26.543 [] wire -  << "Strict-Transport-Security: max-age=31536000; includeSubdomains; preload[\r][\n]"
[DEBUG] 2024-05-17 15:31:26.544 [] wire -  << "X-Frame-Options: deny[\r][\n]"
[DEBUG] 2024-05-17 15:31:26.544 [] wire -  << "X-Content-Type-Options: nosniff[\r][\n]"
[DEBUG] 2024-05-17 15:31:26.544 [] wire -  << "X-XSS-Protection: 0[\r][\n]"
[DEBUG] 2024-05-17 15:31:26.544 [] wire -  << "Referrer-Policy: origin-when-cross-origin, strict-origin-when-cross-origin[\r][\n]"
[DEBUG] 2024-05-17 15:31:26.544 [] wire -  << "Content-Security-Policy: default-src 'none'[\r][\n]"
[DEBUG] 2024-05-17 15:31:26.544 [] wire -  << "Content-Encoding: gzip[\r][\n]"
[DEBUG] 2024-05-17 15:31:26.544 [] wire -  << "X-RateLimit-Limit: 60[\r][\n]"
[DEBUG] 2024-05-17 15:31:26.544 [] wire -  << "X-RateLimit-Remaining: 56[\r][\n]"
[DEBUG] 2024-05-17 15:31:26.544 [] wire -  << "X-RateLimit-Reset: 1715951519[\r][\n]"
[DEBUG] 2024-05-17 15:31:26.544 [] wire -  << "X-RateLimit-Resource: core[\r][\n]"
[DEBUG] 2024-05-17 15:31:26.544 [] wire -  << "X-RateLimit-Used: 4[\r][\n]"
[DEBUG] 2024-05-17 15:31:26.544 [] wire -  << "Accept-Ranges: bytes[\r][\n]"
[DEBUG] 2024-05-17 15:31:26.544 [] wire -  << "Content-Length: 981[\r][\n]"
[DEBUG] 2024-05-17 15:31:26.544 [] wire -  << "X-GitHub-Request-Id: C04F:3B53CD:12C42314:12DD21B5:66474E1F[\r][\n]"
[DEBUG] 2024-05-17 15:31:26.544 [] wire -  << "[\r][\n]"
[DEBUG] 2024-05-17 15:31:26.560 [] DefaultClientConnection - Receiving response: HTTP/1.1 200 OK
[DEBUG] 2024-05-17 15:31:26.562 [] headers - << HTTP/1.1 200 OK
[DEBUG] 2024-05-17 15:31:26.562 [] headers - << Server: GitHub.com
[DEBUG] 2024-05-17 15:31:26.562 [] headers - << Date: Fri, 17 May 2024 12:31:27 GMT
[DEBUG] 2024-05-17 15:31:26.562 [] headers - << Content-Type: application/json; charset=utf-8
[DEBUG] 2024-05-17 15:31:26.562 [] headers - << Cache-Control: public, max-age=60, s-maxage=60
[DEBUG] 2024-05-17 15:31:26.562 [] headers - << Vary: Accept, Accept-Encoding, Accept, X-Requested-With
[DEBUG] 2024-05-17 15:31:26.562 [] headers - << ETag: W/"eb81a86056557e148808d85149dd270fcf7bb270ab393ed3ad576696057fe6ff"
[DEBUG] 2024-05-17 15:31:26.563 [] headers - << Last-Modified: Thu, 11 Apr 2024 15:11:51 GMT
[DEBUG] 2024-05-17 15:31:26.563 [] headers - << X-GitHub-Media-Type: github.v3; format=json
[DEBUG] 2024-05-17 15:31:26.563 [] headers - << x-github-api-version-selected: 2022-11-28
[DEBUG] 2024-05-17 15:31:26.563 [] headers - << Access-Control-Expose-Headers: ETag, Link, Location, Retry-After, X-GitHub-OTP, X-RateLimit-Limit, X-RateLimit-Remaining, X-RateLimit-Used, X-RateLimit-Resource, X-RateLimit-Reset, X-OAuth-Scopes, X-Accepted-OAuth-Scopes, X-Poll-Interval, X-GitHub-Media-Type, X-GitHub-SSO, X-GitHub-Request-Id, Deprecation, Sunset
[DEBUG] 2024-05-17 15:31:26.563 [] headers - << Access-Control-Allow-Origin: *
[DEBUG] 2024-05-17 15:31:26.563 [] headers - << Strict-Transport-Security: max-age=31536000; includeSubdomains; preload
[DEBUG] 2024-05-17 15:31:26.563 [] headers - << X-Frame-Options: deny
[DEBUG] 2024-05-17 15:31:26.563 [] headers - << X-Content-Type-Options: nosniff
[DEBUG] 2024-05-17 15:31:26.563 [] headers - << X-XSS-Protection: 0
[DEBUG] 2024-05-17 15:31:26.563 [] headers - << Referrer-Policy: origin-when-cross-origin, strict-origin-when-cross-origin
[DEBUG] 2024-05-17 15:31:26.563 [] headers - << Content-Security-Policy: default-src 'none'
[DEBUG] 2024-05-17 15:31:26.564 [] headers - << Content-Encoding: gzip
[DEBUG] 2024-05-17 15:31:26.564 [] headers - << X-RateLimit-Limit: 60
[DEBUG] 2024-05-17 15:31:26.564 [] headers - << X-RateLimit-Remaining: 56
[DEBUG] 2024-05-17 15:31:26.564 [] headers - << X-RateLimit-Reset: 1715951519
[DEBUG] 2024-05-17 15:31:26.564 [] headers - << X-RateLimit-Resource: core
[DEBUG] 2024-05-17 15:31:26.564 [] headers - << X-RateLimit-Used: 4
[DEBUG] 2024-05-17 15:31:26.564 [] headers - << Accept-Ranges: bytes
[DEBUG] 2024-05-17 15:31:26.564 [] headers - << Content-Length: 981
[DEBUG] 2024-05-17 15:31:26.564 [] headers - << X-GitHub-Request-Id: C04F:3B53CD:12C42314:12DD21B5:66474E1F
[DEBUG] 2024-05-17 15:31:26.607 [] RestAssuredHttpBuilder - Parsing response as: application/json; charset=utf-8
[DEBUG] 2024-05-17 15:31:26.612 [] wire -  << "[0x1f][0x8b][0x8][0x0][0x0][0x0][0x0][0x0][0x0][0x3][0xad][0x96][0x8f]k[0xdb]8[0x14][0xc7][0xff][0x15][0xe3]1[0xe]B#[0xc7][0xce][0xcf][0x1a][0xc6][0xee][0xba][0xb4][[0xe1][0xda][0xb2][[0xd9][0xc1][0xed]F[0x90][0xed][0x17][[0x9b],i[0x92][0x9c]^[0x16][0xfa][0xbf]"
[DEBUG] 2024-05-17 15:31:26.612 [] wire -  << "[0xdf][0x93][0xed][0x86][0xc4][0xdc][0xa5]c[0x9][0x81]Dv[0xa4][0xcf]{z?[0xbe][0xd2][0xc6][0xaf]4[0xf7]c[0xbf][0xb0]V[0x99]8[0x8][0xa8]b$g[0xb6][0xa8][0x12][0x92][0xca]2[0xd0][0xa0][0xa4][0x9]>[0x14]ti[0xdf][0xbd][0xf]>[0xbc][0xfb][0xed][0xea]~qy[0xfb][0xf6][0xfa][0xf6][0x12][0xff][0xe2]@[\r][0x98] [0x1c][0xf][0xa6][0xd3]Y[0x14]N[0xfd]3[0x9f][0x1a][0x3][0xd6],N[0xc7][0xc][0x1a]"[0xa2]+[0xc5]%[0xcd]:[0xe8][0xe6][0xa5][0xf9]i[0x97][[0xfc][0xe6][0xb5][0xa0]%[0x9c]q[0x9a][0x0]D[[0x85]-y[0xc7][0xd2]NP[0xe][0x87][0xc3][0xd2]<[0x98][0x91][0x88]D[0x83]h4[0x18][0x85]![0xe2]X[0xe6][0xc7][0xdb](a[0x90]*[H[0xed][0xc7][0x1b][0x9f][0xcb][0x9c][0x9][0x8c]~[0x3][0xef][0xd3][0xd4]2)[0xcc][0xa7]D[0xda][0xcf][0xed][0xb2]Q8;[0x9f]E[0xb3][0xe8][0xcc][0x17]2[0x83][0x85]#[0xf9]7[0xf3][0x9b][0xc9][0xfb][0xf2]|p;[0xbf][0x1c][0xdd][0xdd][0xe7][0xeb][0xbb][0xf9][0xf5]+[0x17][0xfb][0x15][0xb5]Twc_[0xbf]|[\n]"
[DEBUG] 2024-05-17 15:31:26.613 [] wire -  << "Pe@[0xa7]RX[0x10][0xb6]N/[0x13][0x98][0xbd][0xe1]d[0xf6]z[0xf5]j[0x84][0x84]\[0xb7][0x8c][0xda][0x8c][0x8b][0xf9][0xa1][0xda]p0[0x13][0xec][0xbb][0xfe]r|[0x81][0xce][0xbf][0x1c][0xcf][0x9f][\r]"U[0xaa][0xbb][0x18][0xd7],%[0xe7][0xf2][0x1][0xb9][0xdd]m[0xec][0x97][0xe5]A[0xd3][0xc1][0x16][0xb2][0x5]2[0x91][0x1f][0xf]D[0xc8]&[0x90][0xb6][0x0][0x8c]1n[0xdd][0xd5]I[0xce][0xcc]s[0xd5]~[0xd8][0xd5][0x1a][0xb0][0xc1] [0x1a][0x8b][0xb9]uH[0x83][0xe9][0xd2][0xd0][0xad][0xf3]N[[0x1e][0x86][0xb6][0x8]t[0xf6]A[0xa0][0x9f][0x9b][0xba][0x8b]kv[0x95][0x98]T3UW[0xd9]1[0x1][0xd9][0x3]!X[0xea][0x9c][\n]"
[DEBUG] 2024-05-17 15:31:26.613 [] wire -  << "[0xf6][0x9d][0x1e][\r]F[0x90]A^-;[0xc7]8X[0x3][0x10][0x4]+,[0xf5][0xa3]H[\r]a[0x13]([0xcd]V4][0xbb]0jH[0x81][0xad]0G[0xc7][0xd3];([0x84][0xdb][0xb5][0x2]l[0xbe][0xb]i][0xc2][0x98][0x85][0x5][0xcd]J'[0x12]K[0xca][\r]<[0xee][0xea][0xc0][0x1f][0x97][0x8b][0xaf][0xf][0xf3][0xbb]7o[0xe1]~bF[0xd7][0x8b][0xdf][0xaf][0x94][0x3][0xd0]|[0xe1][0xd4][0xc]![0x1d][0x19][0xc2][0xca][0xca][0xc1].[0xb0][0xf1]Kf[0x99])pFI[0x11][0x8d][0xcc][0xff][0x9c][0x9f]i[0x94][0xfd][0xd6][0xf0][0x99][0xaf]4[0xb4][0x92][0xbf]}[0x95]j[0xa0][0x16][0xe3]@q[0x96][0xef][0xf4][0xae]?[0x18][0xf5][0xc3][0xf0]>[0x1c][0xc7]a[0x18]G[0xc3][0xbf][0x10][0xad][0xaa][0x84][0xa3][0xad][0xff][0x9d]5[0xe][0xdd][0xac]V[0xe5][0xe3]O[0x9f][0xdd][0x6]tByW[0xfc]`j[0xd7]wE[0xf8];SGa[0xdb][0xf5]]l"[0xb3]5[0xee][0xfe][0xc5][0xb][0xef][0xcf][0x82][0xda]_[0x8c][0xf7][0xa6][0xa0]"[0x87][0xec]o[0xd1][0xf3].[0xaa]Ry[0x18]n[0x92]K[0x99]s [0xa9]^++[0x89]e[0xe2]k[0xec][0xbe][0xbc][0xa5][0x96][0xa5][0x17][0x92]0"[0x3][0xcf]J7[0x1a][0xe2](Y{[0xbf]f[0xa0]@d[0x14][0xc5][0xd4]c[0xc2]{:[0x9d][0x9f];[0x84]T[0xc5]9*[0xfa]l[0xe0][0xac]W[\n]"
[DEBUG] 2024-05-17 15:31:26.613 [] wire -  << "[0xf5]<[0x3][0x7]N[0xb1][0xb]4[0xe5][0x9e][0x91][0x82][0xba][0x2]k[0xc]s[0xc8][0xb1][0xa2]=iLm[0xf2]F[0x16]4[0xc1]/[0x6]?c2[0xdc]n[0x18]{[0x98]PE[0xd3][0x2]HI[0xb1][0xff][0x88][0xe2][0x15][0x1e]s&[0xae][0x9f][0xfa]FV:[0x85]~[0xf3][0xb2]qdH[0xdc][0xb6][0xd1]O7[0x8]O[0xb0][0xff][0xe1][0xd6][0x19]&[0x9f][0xee][0x6][0x89][0x14],[0xa7]:e4~[0x80]$[0xc3]v[0x6]]RAs[0xd0][0x8d][0x17]c2m[0xbc][0x18][0x93][0xd9]I[0xb2][0x10][0xed][0xd5]@[0xc9]R-[0x8d]\Zb[0xbe]a'k4[0x1f][0x97][0x6][0xc7][0xfd]/Y[0x92][0xb6][0xa5][0x10][0x91][0x9][0x9][0xc9][0x17][\r]aX[0x17]D[0xe4]|j[0x9e][0xfb][0xd8][0x80]+[0x6][0xf]'[0x8][0xcf]h/W[0x16][0x8c][0x15]y[0xdc][0xfc]4~L[0xc9]y[0x13][0x8a])[0x9][0x7]'[0xc9][0xc8]t7#[0xdf]Pn,%[0xd8][0xe4][0x95][0x86][0xb8][0xf9][0xe9]'[0xd8][\n]"
[DEBUG] 2024-05-17 15:31:26.613 [] wire -  << "u?[0xe0][0xd5]i[0xd2]X[0xc7][0x91]K[0xc9][0xf1][0xfd]0q[0xd6][0xaf][0xd8]?[0xde]Gf*[0xca]?R[0xce][0xb2][0xe6][0xb0][0xf2][0x98]1[0x15][0x9c][0xa0][0xfe][0xcf][0x9d][0x89]][0xc1]=[0x9e]y[0x8e]=[0xe5]>[0xbd][0xde][0x15][0xf6]u+,xe[0xec][0xf5][0xe2][0x1f]V[0x4]T[0x1f]E5[0xec][0xa8][0xd6] "[0x4][0xb]|[0xef][0x82]Z[0xa2]>[0xd4]w[0x82]TV[0x2][0xc5]<z[0xfc][0x17][0x13][0xa2]n*[0x18][0xc][0x0][0x0]"
[DEBUG] 2024-05-17 15:31:26.614 [] RestAssuredHttpBuilder - Parsed data to instance of: class org.apache.http.conn.EofSensorInputStream
[DEBUG] 2024-05-17 15:31:27.563 [] BasicClientConnectionManager - Releasing connection org.apache.http.impl.conn.ManagedClientConnectionImpl@6e16fa3f
[DEBUG] 2024-05-17 15:31:27.564 [] BasicClientConnectionManager - Connection can be kept alive indefinitely
[WARN ] 2024-05-17 15:31:28.580 [main] ReportManager - May 17, 2024 3:31:28 PM org.openqa.selenium.devtools.CdpVersionFinder findNearestMatch
[WARN ] 2024-05-17 15:31:28.580 [main] ReportManager - WARNING: Unable to find an exact match for CDP version 124, returning the closest version; found: 123; Please update to a Selenium version that supports CDP version 124
[INFO ] 2024-05-17 15:31:28.602 [main] ReportManager - Successfully Opened: "Windows | Chrome".
[INFO ] 2024-05-17 15:31:28.637 [main] ReportManager - Target URL: "https://www.demoblaze.com/index.html"
[INFO ] 2024-05-17 15:31:28.684 [main] ReportManager - Initial URL: "about:blank"
[DEBUG] 2024-05-17 15:31:29.229 [Finalizer] DefaultClientConnection - Connection 0.0.0.0:49231<->140.82.121.6:443 closed
[INFO ] 2024-05-17 15:31:29.478 [] ReportManager - Engine Update check done for the day. üëç
[INFO ] 2024-05-17 15:31:29.817 [main] ReportManager - Navigate to url "https://www.demoblaze.com/index.html".
[INFO ] 2024-05-17 15:31:29.914 [main] ReportManager - Expected "STORE", and actual "STORE"
[INFO ] 2024-05-17 15:31:31.258 [main] ReportManager - Successfully created attachment 'Screenshot - Verify_15-31-31-255_17052024'
[INFO ] 2024-05-17 15:31:31.259 [main] ReportManager - Verification passed
[INFO ] 2024-05-17 15:31:31.401 [main] ReportManager - Scenario Step: Given I click on the Sign up button in the Header
[INFO ] 2024-05-17 15:31:31.654 [main] ReportManager - Moved the mouse to the middle of the element.
[INFO ] 2024-05-17 15:31:31.701 [main] ReportManager - Click "Sign up".
[INFO ] 2024-05-17 15:31:31.703 [main] ReportManager -   [32mGiven [0m[32mI click on the Sign up button in the Header[0m            [90m# org.example.StepDefinitions.Signup.i_click_on_the_sign_up_button_in_the_header()[0m
[INFO ] 2024-05-17 15:31:31.706 [main] ReportManager - Scenario Step: When I fill in the username and password in the sign up form
[DEBUG] 2024-05-17 15:31:32.476 [main] ReportManager - Text cleared Using Native Clear
[INFO ] 2024-05-17 15:31:32.533 [main] ReportManager - Type "Boyd Hermann" into "Username:".
[DEBUG] 2024-05-17 15:31:32.667 [main] ReportManager - Text cleared Using Native Clear
[INFO ] 2024-05-17 15:31:32.731 [main] ReportManager - Type "i2xkrz79hidr5ce" into "Password:".
[INFO ] 2024-05-17 15:31:32.731 [main] ReportManager -   [32mWhen [0m[32mI fill in the username and password in the sign up form[0m [90m# org.example.StepDefinitions.Signup.i_fill_in_the_username_and_password_in_the_sign_up_form()[0m
[INFO ] 2024-05-17 15:31:32.732 [main] ReportManager - Scenario Step: And I submit the sign up form
[INFO ] 2024-05-17 15:31:32.928 [main] ReportManager - Moved the mouse to the middle of the element.
[INFO ] 2024-05-17 15:31:32.962 [main] ReportManager - Click "Sign up".
[INFO ] 2024-05-17 15:31:32.962 [main] ReportManager -   [32mAnd [0m[32mI submit the sign up form[0m                                [90m# org.example.StepDefinitions.Signup.i_submit_the_sign_up_form()[0m
[INFO ] 2024-05-17 15:31:32.963 [main] ReportManager - Scenario Step: Then I should see the message "Sign up successful."
[INFO ] 2024-05-17 15:31:33.951 [main] ReportManager -   [32mThen [0m[32mI should see the message [0m[32m[1m"Sign up successful."[0m          [90m# org.example.StepDefinitions.Signup.i_should_see_the_message(java.lang.String)[0m
[INFO ] 2024-05-17 15:31:33.953 [main] ReportManager - Scenario Hook: AFTER
[INFO ] 2024-05-17 15:31:34.161 [main] ReportManager - Successfully Closed Driver.
[ERROR] 2024-05-17 15:31:34.179 [main] AllureLifecycle - Could not add attachment: no test is running
[INFO ] 2024-05-17 15:31:34.180 [main] ReportManager - Successfully created attachment 'SHAFT Engine Logs - Current Method log: runScenario'
[INFO ] 2024-05-17 15:31:34.199 [main] ReportManager - @Smoke
[INFO ] 2024-05-17 15:31:34.199 [main] ReportManager - Scenario: LogIn With Invalid UserName                       [90m# src/main/resources/Features/AccountSignUp.feature:13[0m
[ERROR] 2024-05-17 15:31:34.201 [main] AllureLifecycle - Could not update test case: no test case running
[ERROR] 2024-05-17 15:31:34.201 [main] AllureLifecycle - Could not update test case: no test case running
[ERROR] 2024-05-17 15:31:34.202 [main] AllureLifecycle - Could not update test case: no test case running
[INFO ] 2024-05-17 15:31:34.202 [main] ReportManager - 
[0;7m------------------------------------------------------------------------------------------------------------------------------------------------
                                     Starting Execution: "2 out of 5" scenarios in the "User Signup" feature                                     
                                                  Scenario Name: "LogIn With Invalid UserName"                                                  
                                                                 Scenario Steps:                                                                 
                                                    Given I enter invalid username "Moh@med"                                                    
                                                        When I click on the Login button                                                        
                                            Then I should see an error message "User does not exist."                                            
------------------------------------------------------------------------------------------------------------------------------------------------
[0m
[INFO ] 2024-05-17 15:31:34.204 [main] ReportManager - Scenario Hook: BEFORE
[INFO ] 2024-05-17 15:31:34.204 [main] ReportManager - Loaded Test Data: "src/test/resources/DynamicData.json".
[INFO ] 2024-05-17 15:31:34.205 [main] ReportManager - Successfully created attachment 'Test Data - JSON'
[INFO ] 2024-05-17 15:31:34.208 [main] ReportManager - Setting "targetOperatingSystem" property with "windows".
[INFO ] 2024-05-17 15:31:34.211 [main] ReportManager - Capabilities {acceptInsecureCerts: true, browserName: chrome, goog:chromeOptions: {args: [--start-maximized], extensions: [], prefs: {download.default_directory: D:\JDK\project\Web-Automati..., download.prompt_for_download: false, profile.default_content_settings.popups: 0}}, pageLoadStrategy: normal, timeouts: {pageLoad: 60000, script: 60000}, unhandledPromptBehavior: ignore, webSocketUrl: true}
[INFO ] 2024-05-17 15:31:34.211 [main] ReportManager - Attempting to run locally on: "Windows | Chrome".
[INFO ] 2024-05-17 15:31:34.211 [main] ReportManager - Identifying OS/Driver combination. Please note that if a new browser/driver executable will be downloaded it may take some time depending on your connection...
[WARN ] 2024-05-17 15:31:35.905 [main] ReportManager - May 17, 2024 3:31:35 PM org.openqa.selenium.devtools.CdpVersionFinder findNearestMatch
[WARN ] 2024-05-17 15:31:35.905 [main] ReportManager - WARNING: Unable to find an exact match for CDP version 124, returning the closest version; found: 123; Please update to a Selenium version that supports CDP version 124
[INFO ] 2024-05-17 15:31:35.906 [main] ReportManager - Successfully Opened: "Windows | Chrome".
[INFO ] 2024-05-17 15:31:35.908 [main] ReportManager - Target URL: "https://www.demoblaze.com/index.html"
[INFO ] 2024-05-17 15:31:36.006 [main] ReportManager - Initial URL: "about:blank"
[INFO ] 2024-05-17 15:31:36.903 [main] ReportManager - Navigate to url "https://www.demoblaze.com/index.html".
[INFO ] 2024-05-17 15:31:36.930 [main] ReportManager - Expected "STORE", and actual "STORE"
[INFO ] 2024-05-17 15:31:37.607 [main] ReportManager - Successfully created attachment 'Screenshot - Verify_15-31-37-468_17052024'
[INFO ] 2024-05-17 15:31:37.608 [main] ReportManager - Verification passed
[INFO ] 2024-05-17 15:31:37.613 [main] ReportManager - Scenario Step: Given I enter invalid username "Moh@med"
[INFO ] 2024-05-17 15:31:37.951 [main] ReportManager - Moved the mouse to the middle of the element.
[INFO ] 2024-05-17 15:31:38.096 [main] ReportManager - Click "Log in".
[DEBUG] 2024-05-17 15:31:38.296 [main] ReportManager - Text cleared Using Native Clear
[INFO ] 2024-05-17 15:31:38.345 [main] ReportManager - Type "Moh@med" into "By.id: loginusername".
[DEBUG] 2024-05-17 15:31:38.437 [main] ReportManager - Text cleared Using Native Clear
[INFO ] 2024-05-17 15:31:38.470 [main] ReportManager - Type "123" into "By.id: loginpassword".
[INFO ] 2024-05-17 15:31:38.471 [main] ReportManager -   [32mGiven [0m[32mI enter invalid username [0m[32m[1m"Moh@med"[0m                  [90m# org.example.StepDefinitions.InvalidUserName.InvalidUser(java.lang.String)[0m
[INFO ] 2024-05-17 15:31:38.471 [main] ReportManager - Scenario Step: When I click on the Login button
[INFO ] 2024-05-17 15:31:38.632 [main] ReportManager - Moved the mouse to the middle of the element.
[INFO ] 2024-05-17 15:31:38.666 [main] ReportManager - Click "Log in".
[INFO ] 2024-05-17 15:31:38.666 [main] ReportManager -   [32mWhen [0m[32mI click on the Login button[0m                          [90m# org.example.StepDefinitions.InvalidUserName.iClickOnLoginButton()[0m
[INFO ] 2024-05-17 15:31:38.667 [main] ReportManager - Scenario Step: Then I should see an error message "User does not exist."
[INFO ] 2024-05-17 15:31:38.737 [main] ReportManager - Alert action failed.
[ERROR] 2024-05-17 15:31:38.740 [main] ReportManager - java.lang.reflect.InvocationTargetException: null
 java.base/jdk.internal.reflect.DirectMethodHandleAccessor.invoke(DirectMethodHandleAccessor.java:118)
 java.base/java.lang.reflect.Method.invoke(Method.java:580)
 org.openqa.selenium.support.decorators.WebDriverDecorator.call(WebDriverDecorator.java:249)
 org.openqa.selenium.support.decorators.DefaultDecorated.call(DefaultDecorated.java:48)
 org.openqa.selenium.support.decorators.WebDriverDecorator.lambda$createProxy$2(WebDriverDecorator.java:321)
 net.bytebuddy.renamed.java.lang.Object$ByteBuddy$0BGKoFzS.alert(Unknown Source)
 coreElements.Alerts.lambda$ConfirmAlertMessage$1(Alerts.java:42)
 org.openqa.selenium.support.ui.FluentWait.until(FluentWait.java:203)
 coreElements.Alerts.ConfirmAlertMessage(Alerts.java:40)
 org.example.StepDefinitions.InvalidUserName.iShouldSeeErrorMessage(InvalidUserName.java:27)
 java.base/jdk.internal.reflect.DirectMethodHandleAccessor.invoke(DirectMethodHandleAccessor.java:103)
 java.base/java.lang.reflect.Method.invoke(Method.java:580)
 io.cucumber.java.Invoker.doInvoke(Invoker.java:66)
 io.cucumber.java.Invoker.invoke(Invoker.java:24)
 io.cucumber.java.AbstractGlueDefinition.invokeMethod(AbstractGlueDefinition.java:47)
 io.cucumber.java.JavaStepDefinition.execute(JavaStepDefinition.java:29)
 io.cucumber.core.runner.CoreStepDefinition.execute(CoreStepDefinition.java:66)
 io.cucumber.core.runner.PickleStepDefinitionMatch.runStep(PickleStepDefinitionMatch.java:63)
 io.cucumber.core.runner.ExecutionMode$1.execute(ExecutionMode.java:10)
 io.cucumber.core.runner.TestStep.executeStep(TestStep.java:81)
 io.cucumber.core.runner.TestStep.run(TestStep.java:53)
 io.cucumber.core.runner.PickleStepTestStep.run(PickleStepTestStep.java:51)
 io.cucumber.core.runner.TestCase.run(TestCase.java:84)
 io.cucumber.core.runner.Runner.runPickle(Runner.java:75)
 io.cucumber.testng.TestNGCucumberRunner.lambda$runScenario$1(TestNGCucumberRunner.java:132)
 io.cucumber.core.runtime.CucumberExecutionContext.lambda$runTestCase$5(CucumberExecutionContext.java:136)
 io.cucumber.core.runtime.RethrowingThrowableCollector.executeAndThrow(RethrowingThrowableCollector.java:23)
 io.cucumber.core.runtime.CucumberExecutionContext.runTestCase(CucumberExecutionContext.java:136)
 io.cucumber.testng.TestNGCucumberRunner.runScenario(TestNGCucumberRunner.java:129)
 io.cucumber.testng.AbstractTestNGCucumberTests.runScenario(AbstractTestNGCucumberTests.java:35)
 java.base/jdk.internal.reflect.DirectMethodHandleAccessor.invoke(DirectMethodHandleAccessor.java:103)
 java.base/java.lang.reflect.Method.invoke(Method.java:580)
 org.testng.internal.invokers.MethodInvocationHelper.invokeMethod(MethodInvocationHelper.java:141)
 org.testng.internal.invokers.TestInvoker.invokeMethod(TestInvoker.java:686)
 org.testng.internal.invokers.TestInvoker.invokeTestMethod(TestInvoker.java:230)
 org.testng.internal.invokers.MethodRunner.runInSequence(MethodRunner.java:63)
 org.testng.internal.invokers.TestInvoker$MethodInvocationAgent.invoke(TestInvoker.java:992)
 org.testng.internal.invokers.TestInvoker.invokeTestMethods(TestInvoker.java:203)
 org.testng.internal.invokers.TestMethodWorker.invokeTestMethods(TestMethodWorker.java:154)
 org.testng.internal.invokers.TestMethodWorker.run(TestMethodWorker.java:134)
 java.base/java.util.ArrayList.forEach(ArrayList.java:1597)
 org.testng.TestRunner.privateRun(TestRunner.java:739)
 org.testng.TestRunner.run(TestRunner.java:614)
 org.testng.SuiteRunner.runTest(SuiteRunner.java:421)
 org.testng.SuiteRunner.runSequentially(SuiteRunner.java:413)
 org.testng.SuiteRunner.privateRun(SuiteRunner.java:373)
 org.testng.SuiteRunner.run(SuiteRunner.java:312)
 org.testng.SuiteRunnerWorker.runSuite(SuiteRunnerWorker.java:52)
 org.testng.SuiteRunnerWorker.run(SuiteRunnerWorker.java:95)
 org.testng.TestNG.runSuitesSequentially(TestNG.java:1274)
 org.testng.TestNG.runSuitesLocally(TestNG.java:1208)
 org.testng.TestNG.runSuites(TestNG.java:1112)
 org.testng.TestNG.run(TestNG.java:1079)
 com.intellij.rt.testng.IDEARemoteTestNG.run(IDEARemoteTestNG.java:65)
 com.intellij.rt.testng.RemoteTestNGStarter.main(RemoteTestNGStarter.java:105)

Caused by: org.openqa.selenium.NoAlertPresentException: no such alert
  (Session info: chrome=124.0.6367.209)
Build info: version: '4.19.1', revision: 'abe0ee07dc'
System info: os.name: 'Windows 10', os.arch: 'amd64', os.version: '10.0', java.version: '22.0.1'
Driver info: org.openqa.selenium.chrome.ChromeDriver
Command: [5e4223fb401d252bf884396f8f893d60, getAlertText {}]
Capabilities {acceptInsecureCerts: true, browserName: chrome, browserVersion: 124.0.6367.209, chrome: {chromedriverVersion: 124.0.6367.207 (a9001a6e39f..., userDataDir: C:\Users\MED5B~1.TAH\AppDat...}, fedcm:accounts: true, goog:chromeOptions: {debuggerAddress: localhost:49285}, networkConnectionEnabled: false, pageLoadStrategy: normal, platformName: windows, proxy: Proxy(), se:cdp: ws://localhost:49285/devtoo..., se:cdpVersion: 124.0.6367.209, setWindowRect: true, strictFileInteractability: false, timeouts: {implicit: 0, pageLoad: 60000, script: 60000}, unhandledPromptBehavior: ignore, webSocketUrl: ws://localhost:12625/sessio..., webauthn:extension:credBlob: true, webauthn:extension:largeBlob: true, webauthn:extension:minPinLength: true, webauthn:extension:prf: true, webauthn:virtualAuthenticators: true}
Session ID: 5e4223fb401d252bf884396f8f893d60
 java.base/jdk.internal.reflect.DirectConstructorHandleAccessor.newInstance(DirectConstructorHandleAccessor.java:62)
 java.base/java.lang.reflect.Constructor.newInstanceWithCaller(Constructor.java:502)
 java.base/java.lang.reflect.Constructor.newInstance(Constructor.java:486)
 org.openqa.selenium.remote.ErrorCodec.decode(ErrorCodec.java:167)
 org.openqa.selenium.remote.codec.w3c.W3CHttpResponseCodec.decode(W3CHttpResponseCodec.java:138)
 org.openqa.selenium.remote.codec.w3c.W3CHttpResponseCodec.decode(W3CHttpResponseCodec.java:50)
 org.openqa.selenium.remote.HttpCommandExecutor.execute(HttpCommandExecutor.java:190)
 org.openqa.selenium.remote.service.DriverCommandExecutor.invokeExecute(DriverCommandExecutor.java:216)
 org.openqa.selenium.remote.service.DriverCommandExecutor.execute(DriverCommandExecutor.java:174)
 org.openqa.selenium.remote.RemoteWebDriver.execute(RemoteWebDriver.java:518)
 org.openqa.selenium.remote.RemoteWebDriver.execute(RemoteWebDriver.java:591)
 org.openqa.selenium.remote.RemoteWebDriver.execute(RemoteWebDriver.java:595)
 org.openqa.selenium.remote.RemoteWebDriver$RemoteTargetLocator.alert(RemoteWebDriver.java:1163)
 java.base/jdk.internal.reflect.DirectMethodHandleAccessor.invoke(DirectMethodHandleAccessor.java:103)
 java.base/java.lang.reflect.Method.invoke(Method.java:580)
 org.openqa.selenium.support.decorators.WebDriverDecorator.call(WebDriverDecorator.java:249)
 org.openqa.selenium.support.decorators.DefaultDecorated.call(DefaultDecorated.java:48)
 org.openqa.selenium.support.decorators.WebDriverDecorator.lambda$createProxy$2(WebDriverDecorator.java:321)
 net.bytebuddy.renamed.java.lang.Object$ByteBuddy$0BGKoFzS.alert(Unknown Source)
 coreElements.Alerts.lambda$ConfirmAlertMessage$1(Alerts.java:42)
 org.openqa.selenium.support.ui.FluentWait.until(FluentWait.java:203)
 coreElements.Alerts.ConfirmAlertMessage(Alerts.java:40)
 org.example.StepDefinitions.InvalidUserName.iShouldSeeErrorMessage(InvalidUserName.java:27)
 java.base/jdk.internal.reflect.DirectMethodHandleAccessor.invoke(DirectMethodHandleAccessor.java:103)
 java.base/java.lang.reflect.Method.invoke(Method.java:580)
 io.cucumber.java.Invoker.doInvoke(Invoker.java:66)
 io.cucumber.java.Invoker.invoke(Invoker.java:24)
 io.cucumber.java.AbstractGlueDefinition.invokeMethod(AbstractGlueDefinition.java:47)
 io.cucumber.java.JavaStepDefinition.execute(JavaStepDefinition.java:29)
 io.cucumber.core.runner.CoreStepDefinition.execute(CoreStepDefinition.java:66)
 io.cucumber.core.runner.PickleStepDefinitionMatch.runStep(PickleStepDefinitionMatch.java:63)
 io.cucumber.core.runner.ExecutionMode$1.execute(ExecutionMode.java:10)
 io.cucumber.core.runner.TestStep.executeStep(TestStep.java:81)
 io.cucumber.core.runner.TestStep.run(TestStep.java:53)
 io.cucumber.core.runner.PickleStepTestStep.run(PickleStepTestStep.java:51)
 io.cucumber.core.runner.TestCase.run(TestCase.java:84)
 io.cucumber.core.runner.Runner.runPickle(Runner.java:75)
 io.cucumber.testng.TestNGCucumberRunner.lambda$runScenario$1(TestNGCucumberRunner.java:132)
 io.cucumber.core.runtime.CucumberExecutionContext.lambda$runTestCase$5(CucumberExecutionContext.java:136)
 io.cucumber.core.runtime.RethrowingThrowableCollector.executeAndThrow(RethrowingThrowableCollector.java:23)
 io.cucumber.core.runtime.CucumberExecutionContext.runTestCase(CucumberExecutionContext.java:136)
 io.cucumber.testng.TestNGCucumberRunner.runScenario(TestNGCucumberRunner.java:129)
 io.cucumber.testng.AbstractTestNGCucumberTests.runScenario(AbstractTestNGCucumberTests.java:35)
 java.base/jdk.internal.reflect.DirectMethodHandleAccessor.invoke(DirectMethodHandleAccessor.java:103)
 java.base/java.lang.reflect.Method.invoke(Method.java:580)
 org.testng.internal.invokers.MethodInvocationHelper.invokeMethod(MethodInvocationHelper.java:141)
 org.testng.internal.invokers.TestInvoker.invokeMethod(TestInvoker.java:686)
 org.testng.internal.invokers.TestInvoker.invokeTestMethod(TestInvoker.java:230)
 org.testng.internal.invokers.MethodRunner.runInSequence(MethodRunner.java:63)
 org.testng.internal.invokers.TestInvoker$MethodInvocationAgent.invoke(TestInvoker.java:992)
 org.testng.internal.invokers.TestInvoker.invokeTestMethods(TestInvoker.java:203)
 org.testng.internal.invokers.TestMethodWorker.invokeTestMethods(TestMethodWorker.java:154)
 org.testng.internal.invokers.TestMethodWorker.run(TestMethodWorker.java:134)
 java.base/java.util.ArrayList.forEach(ArrayList.java:1597)
 org.testng.TestRunner.privateRun(TestRunner.java:739)
 org.testng.TestRunner.run(TestRunner.java:614)
 org.testng.SuiteRunner.runTest(SuiteRunner.java:421)
 org.testng.SuiteRunner.runSequentially(SuiteRunner.java:413)
 org.testng.SuiteRunner.privateRun(SuiteRunner.java:373)
 org.testng.SuiteRunner.run(SuiteRunner.java:312)
 org.testng.SuiteRunnerWorker.runSuite(SuiteRunnerWorker.java:52)
 org.testng.SuiteRunnerWorker.run(SuiteRunnerWorker.java:95)
 org.testng.TestNG.runSuitesSequentially(TestNG.java:1274)
 org.testng.TestNG.runSuitesLocally(TestNG.java:1208)
 org.testng.TestNG.runSuites(TestNG.java:1112)
 org.testng.TestNG.run(TestNG.java:1079)
 com.intellij.rt.testng.IDEARemoteTestNG.run(IDEARemoteTestNG.java:65)
 com.intellij.rt.testng.RemoteTestNGStarter.main(RemoteTestNGStarter.java:105)
[INFO ] 2024-05-17 15:31:39.149 [main] ReportManager -   [32mThen [0m[32mI should see an error message [0m[32m[1m"User does not exist."[0m [90m# org.example.StepDefinitions.InvalidUserName.iShouldSeeErrorMessage(java.lang.String)[0m
[INFO ] 2024-05-17 15:31:39.149 [main] ReportManager - Scenario Hook: AFTER
[INFO ] 2024-05-17 15:31:39.379 [main] ReportManager - Successfully Closed Driver.
[ERROR] 2024-05-17 15:31:39.384 [main] AllureLifecycle - Could not add attachment: no test is running
[INFO ] 2024-05-17 15:31:39.385 [main] ReportManager - Successfully created attachment 'SHAFT Engine Logs - Current Method log: runScenario'
[INFO ] 2024-05-17 15:31:39.398 [main] ReportManager - @Smoke
[INFO ] 2024-05-17 15:31:39.398 [main] ReportManager - Scenario: LogIn With Invalid Password                [90m# src/main/resources/Features/AccountSignUp.feature:19[0m
[ERROR] 2024-05-17 15:31:39.404 [main] AllureLifecycle - Could not update test case: no test case running
[ERROR] 2024-05-17 15:31:39.404 [main] AllureLifecycle - Could not update test case: no test case running
[ERROR] 2024-05-17 15:31:39.404 [main] AllureLifecycle - Could not update test case: no test case running
[INFO ] 2024-05-17 15:31:39.404 [main] ReportManager - 
[0;7m------------------------------------------------------------------------------------------------------------------------------------------------
                                     Starting Execution: "3 out of 5" scenarios in the "User Signup" feature                                     
                                                  Scenario Name: "LogIn With Invalid Password"                                                  
                                                                 Scenario Steps:                                                                 
                                                     Given I enter invalid password "123456"                                                     
                                                          When I click on  Login button                                                          
                                               Then I should see  error message "Wrong password."                                               
------------------------------------------------------------------------------------------------------------------------------------------------
[0m
[INFO ] 2024-05-17 15:31:39.408 [main] ReportManager - Scenario Hook: BEFORE
[INFO ] 2024-05-17 15:31:39.410 [main] ReportManager - Loaded Test Data: "src/test/resources/DynamicData.json".
[INFO ] 2024-05-17 15:31:39.411 [main] ReportManager - Successfully created attachment 'Test Data - JSON'
[INFO ] 2024-05-17 15:31:39.414 [main] ReportManager - Setting "targetOperatingSystem" property with "windows".
[INFO ] 2024-05-17 15:31:39.416 [main] ReportManager - Capabilities {acceptInsecureCerts: true, browserName: chrome, goog:chromeOptions: {args: [--start-maximized], extensions: [], prefs: {download.default_directory: D:\JDK\project\Web-Automati..., download.prompt_for_download: false, profile.default_content_settings.popups: 0}}, pageLoadStrategy: normal, timeouts: {pageLoad: 60000, script: 60000}, unhandledPromptBehavior: ignore, webSocketUrl: true}
[INFO ] 2024-05-17 15:31:39.416 [main] ReportManager - Attempting to run locally on: "Windows | Chrome".
[INFO ] 2024-05-17 15:31:39.416 [main] ReportManager - Identifying OS/Driver combination. Please note that if a new browser/driver executable will be downloaded it may take some time depending on your connection...
[WARN ] 2024-05-17 15:31:40.780 [main] ReportManager - May 17, 2024 3:31:40 PM org.openqa.selenium.devtools.CdpVersionFinder findNearestMatch
[WARN ] 2024-05-17 15:31:40.780 [main] ReportManager - WARNING: Unable to find an exact match for CDP version 124, returning the closest version; found: 123; Please update to a Selenium version that supports CDP version 124
[INFO ] 2024-05-17 15:31:40.781 [main] ReportManager - Successfully Opened: "Windows | Chrome".
[INFO ] 2024-05-17 15:31:40.783 [main] ReportManager - Target URL: "https://www.demoblaze.com/index.html"
[INFO ] 2024-05-17 15:31:40.825 [main] ReportManager - Initial URL: "about:blank"
[INFO ] 2024-05-17 15:31:41.757 [main] ReportManager - Navigate to url "https://www.demoblaze.com/index.html".
[INFO ] 2024-05-17 15:31:41.847 [main] ReportManager - Expected "STORE", and actual "STORE"
[INFO ] 2024-05-17 15:31:42.324 [main] ReportManager - Successfully created attachment 'Screenshot - Verify_15-31-42-320_17052024'
[INFO ] 2024-05-17 15:31:42.325 [main] ReportManager - Verification passed
[INFO ] 2024-05-17 15:31:42.326 [main] ReportManager - Scenario Step: Given I enter invalid password "123456"
[INFO ] 2024-05-17 15:31:42.549 [main] ReportManager - Moved the mouse to the middle of the element.
[INFO ] 2024-05-17 15:31:42.633 [main] ReportManager - Click "Log in".
[DEBUG] 2024-05-17 15:31:42.954 [main] ReportManager - Text cleared Using Native Clear
[INFO ] 2024-05-17 15:31:43.000 [main] ReportManager - Type "123" into "By.id: loginusername".
[DEBUG] 2024-05-17 15:31:43.075 [main] ReportManager - Text cleared Using Native Clear
[INFO ] 2024-05-17 15:31:43.115 [main] ReportManager - Type "123456" into "By.id: loginpassword".
[INFO ] 2024-05-17 15:31:43.115 [main] ReportManager -   [32mGiven [0m[32mI enter invalid password [0m[32m[1m"123456"[0m            [90m# org.example.StepDefinitions.InvalidPass.iEnterInvalidPassword(java.lang.String)[0m
[INFO ] 2024-05-17 15:31:43.116 [main] ReportManager - Scenario Step: When I click on  Login button
[INFO ] 2024-05-17 15:31:43.282 [main] ReportManager - Moved the mouse to the middle of the element.
[INFO ] 2024-05-17 15:31:43.319 [main] ReportManager - Click "Log in".
[INFO ] 2024-05-17 15:31:43.319 [main] ReportManager -   [32mWhen [0m[32mI click on  Login button[0m                      [90m# org.example.StepDefinitions.InvalidPass.iClickOnLoginButton()[0m
[INFO ] 2024-05-17 15:31:43.320 [main] ReportManager - Scenario Step: Then I should see  error message "Wrong password."
[INFO ] 2024-05-17 15:31:43.373 [main] ReportManager - Alert action failed.
[ERROR] 2024-05-17 15:31:43.374 [main] ReportManager - java.lang.reflect.InvocationTargetException: null
 java.base/jdk.internal.reflect.DirectMethodHandleAccessor.invoke(DirectMethodHandleAccessor.java:118)
 java.base/java.lang.reflect.Method.invoke(Method.java:580)
 org.openqa.selenium.support.decorators.WebDriverDecorator.call(WebDriverDecorator.java:249)
 org.openqa.selenium.support.decorators.DefaultDecorated.call(DefaultDecorated.java:48)
 org.openqa.selenium.support.decorators.WebDriverDecorator.lambda$createProxy$2(WebDriverDecorator.java:321)
 net.bytebuddy.renamed.java.lang.Object$ByteBuddy$6PeH6WMT.alert(Unknown Source)
 coreElements.Alerts.lambda$ConfirmAlertMessage$1(Alerts.java:42)
 org.openqa.selenium.support.ui.FluentWait.until(FluentWait.java:203)
 coreElements.Alerts.ConfirmAlertMessage(Alerts.java:40)
 org.example.StepDefinitions.InvalidPass.iShouldSeeErrorMessage(InvalidPass.java:26)
 java.base/jdk.internal.reflect.DirectMethodHandleAccessor.invoke(DirectMethodHandleAccessor.java:103)
 java.base/java.lang.reflect.Method.invoke(Method.java:580)
 io.cucumber.java.Invoker.doInvoke(Invoker.java:66)
 io.cucumber.java.Invoker.invoke(Invoker.java:24)
 io.cucumber.java.AbstractGlueDefinition.invokeMethod(AbstractGlueDefinition.java:47)
 io.cucumber.java.JavaStepDefinition.execute(JavaStepDefinition.java:29)
 io.cucumber.core.runner.CoreStepDefinition.execute(CoreStepDefinition.java:66)
 io.cucumber.core.runner.PickleStepDefinitionMatch.runStep(PickleStepDefinitionMatch.java:63)
 io.cucumber.core.runner.ExecutionMode$1.execute(ExecutionMode.java:10)
 io.cucumber.core.runner.TestStep.executeStep(TestStep.java:81)
 io.cucumber.core.runner.TestStep.run(TestStep.java:53)
 io.cucumber.core.runner.PickleStepTestStep.run(PickleStepTestStep.java:51)
 io.cucumber.core.runner.TestCase.run(TestCase.java:84)
 io.cucumber.core.runner.Runner.runPickle(Runner.java:75)
 io.cucumber.testng.TestNGCucumberRunner.lambda$runScenario$1(TestNGCucumberRunner.java:132)
 io.cucumber.core.runtime.CucumberExecutionContext.lambda$runTestCase$5(CucumberExecutionContext.java:136)
 io.cucumber.core.runtime.RethrowingThrowableCollector.executeAndThrow(RethrowingThrowableCollector.java:23)
 io.cucumber.core.runtime.CucumberExecutionContext.runTestCase(CucumberExecutionContext.java:136)
 io.cucumber.testng.TestNGCucumberRunner.runScenario(TestNGCucumberRunner.java:129)
 io.cucumber.testng.AbstractTestNGCucumberTests.runScenario(AbstractTestNGCucumberTests.java:35)
 java.base/jdk.internal.reflect.DirectMethodHandleAccessor.invoke(DirectMethodHandleAccessor.java:103)
 java.base/java.lang.reflect.Method.invoke(Method.java:580)
 org.testng.internal.invokers.MethodInvocationHelper.invokeMethod(MethodInvocationHelper.java:141)
 org.testng.internal.invokers.TestInvoker.invokeMethod(TestInvoker.java:686)
 org.testng.internal.invokers.TestInvoker.invokeTestMethod(TestInvoker.java:230)
 org.testng.internal.invokers.MethodRunner.runInSequence(MethodRunner.java:63)
 org.testng.internal.invokers.TestInvoker$MethodInvocationAgent.invoke(TestInvoker.java:992)
 org.testng.internal.invokers.TestInvoker.invokeTestMethods(TestInvoker.java:203)
 org.testng.internal.invokers.TestMethodWorker.invokeTestMethods(TestMethodWorker.java:154)
 org.testng.internal.invokers.TestMethodWorker.run(TestMethodWorker.java:134)
 java.base/java.util.ArrayList.forEach(ArrayList.java:1597)
 org.testng.TestRunner.privateRun(TestRunner.java:739)
 org.testng.TestRunner.run(TestRunner.java:614)
 org.testng.SuiteRunner.runTest(SuiteRunner.java:421)
 org.testng.SuiteRunner.runSequentially(SuiteRunner.java:413)
 org.testng.SuiteRunner.privateRun(SuiteRunner.java:373)
 org.testng.SuiteRunner.run(SuiteRunner.java:312)
 org.testng.SuiteRunnerWorker.runSuite(SuiteRunnerWorker.java:52)
 org.testng.SuiteRunnerWorker.run(SuiteRunnerWorker.java:95)
 org.testng.TestNG.runSuitesSequentially(TestNG.java:1274)
 org.testng.TestNG.runSuitesLocally(TestNG.java:1208)
 org.testng.TestNG.runSuites(TestNG.java:1112)
 org.testng.TestNG.run(TestNG.java:1079)
 com.intellij.rt.testng.IDEARemoteTestNG.run(IDEARemoteTestNG.java:65)
 com.intellij.rt.testng.RemoteTestNGStarter.main(RemoteTestNGStarter.java:105)

Caused by: org.openqa.selenium.NoAlertPresentException: no such alert
  (Session info: chrome=124.0.6367.209)
Build info: version: '4.19.1', revision: 'abe0ee07dc'
System info: os.name: 'Windows 10', os.arch: 'amd64', os.version: '10.0', java.version: '22.0.1'
Driver info: org.openqa.selenium.chrome.ChromeDriver
Command: [4862984ed5b7c5bc58615cc77664aed9, getAlertText {}]
Capabilities {acceptInsecureCerts: true, browserName: chrome, browserVersion: 124.0.6367.209, chrome: {chromedriverVersion: 124.0.6367.207 (a9001a6e39f..., userDataDir: C:\Users\MED5B~1.TAH\AppDat...}, fedcm:accounts: true, goog:chromeOptions: {debuggerAddress: localhost:49319}, networkConnectionEnabled: false, pageLoadStrategy: normal, platformName: windows, proxy: Proxy(), se:cdp: ws://localhost:49319/devtoo..., se:cdpVersion: 124.0.6367.209, setWindowRect: true, strictFileInteractability: false, timeouts: {implicit: 0, pageLoad: 60000, script: 60000}, unhandledPromptBehavior: ignore, webSocketUrl: ws://localhost:27922/sessio..., webauthn:extension:credBlob: true, webauthn:extension:largeBlob: true, webauthn:extension:minPinLength: true, webauthn:extension:prf: true, webauthn:virtualAuthenticators: true}
Session ID: 4862984ed5b7c5bc58615cc77664aed9
 java.base/jdk.internal.reflect.DirectConstructorHandleAccessor.newInstance(DirectConstructorHandleAccessor.java:62)
 java.base/java.lang.reflect.Constructor.newInstanceWithCaller(Constructor.java:502)
 java.base/java.lang.reflect.Constructor.newInstance(Constructor.java:486)
 org.openqa.selenium.remote.ErrorCodec.decode(ErrorCodec.java:167)
 org.openqa.selenium.remote.codec.w3c.W3CHttpResponseCodec.decode(W3CHttpResponseCodec.java:138)
 org.openqa.selenium.remote.codec.w3c.W3CHttpResponseCodec.decode(W3CHttpResponseCodec.java:50)
 org.openqa.selenium.remote.HttpCommandExecutor.execute(HttpCommandExecutor.java:190)
 org.openqa.selenium.remote.service.DriverCommandExecutor.invokeExecute(DriverCommandExecutor.java:216)
 org.openqa.selenium.remote.service.DriverCommandExecutor.execute(DriverCommandExecutor.java:174)
 org.openqa.selenium.remote.RemoteWebDriver.execute(RemoteWebDriver.java:518)
 org.openqa.selenium.remote.RemoteWebDriver.execute(RemoteWebDriver.java:591)
 org.openqa.selenium.remote.RemoteWebDriver.execute(RemoteWebDriver.java:595)
 org.openqa.selenium.remote.RemoteWebDriver$RemoteTargetLocator.alert(RemoteWebDriver.java:1163)
 java.base/jdk.internal.reflect.DirectMethodHandleAccessor.invoke(DirectMethodHandleAccessor.java:103)
 java.base/java.lang.reflect.Method.invoke(Method.java:580)
 org.openqa.selenium.support.decorators.WebDriverDecorator.call(WebDriverDecorator.java:249)
 org.openqa.selenium.support.decorators.DefaultDecorated.call(DefaultDecorated.java:48)
 org.openqa.selenium.support.decorators.WebDriverDecorator.lambda$createProxy$2(WebDriverDecorator.java:321)
 net.bytebuddy.renamed.java.lang.Object$ByteBuddy$6PeH6WMT.alert(Unknown Source)
 coreElements.Alerts.lambda$ConfirmAlertMessage$1(Alerts.java:42)
 org.openqa.selenium.support.ui.FluentWait.until(FluentWait.java:203)
 coreElements.Alerts.ConfirmAlertMessage(Alerts.java:40)
 org.example.StepDefinitions.InvalidPass.iShouldSeeErrorMessage(InvalidPass.java:26)
 java.base/jdk.internal.reflect.DirectMethodHandleAccessor.invoke(DirectMethodHandleAccessor.java:103)
 java.base/java.lang.reflect.Method.invoke(Method.java:580)
 io.cucumber.java.Invoker.doInvoke(Invoker.java:66)
 io.cucumber.java.Invoker.invoke(Invoker.java:24)
 io.cucumber.java.AbstractGlueDefinition.invokeMethod(AbstractGlueDefinition.java:47)
 io.cucumber.java.JavaStepDefinition.execute(JavaStepDefinition.java:29)
 io.cucumber.core.runner.CoreStepDefinition.execute(CoreStepDefinition.java:66)
 io.cucumber.core.runner.PickleStepDefinitionMatch.runStep(PickleStepDefinitionMatch.java:63)
 io.cucumber.core.runner.ExecutionMode$1.execute(ExecutionMode.java:10)
 io.cucumber.core.runner.TestStep.executeStep(TestStep.java:81)
 io.cucumber.core.runner.TestStep.run(TestStep.java:53)
 io.cucumber.core.runner.PickleStepTestStep.run(PickleStepTestStep.java:51)
 io.cucumber.core.runner.TestCase.run(TestCase.java:84)
 io.cucumber.core.runner.Runner.runPickle(Runner.java:75)
 io.cucumber.testng.TestNGCucumberRunner.lambda$runScenario$1(TestNGCucumberRunner.java:132)
 io.cucumber.core.runtime.CucumberExecutionContext.lambda$runTestCase$5(CucumberExecutionContext.java:136)
 io.cucumber.core.runtime.RethrowingThrowableCollector.executeAndThrow(RethrowingThrowableCollector.java:23)
 io.cucumber.core.runtime.CucumberExecutionContext.runTestCase(CucumberExecutionContext.java:136)
 io.cucumber.testng.TestNGCucumberRunner.runScenario(TestNGCucumberRunner.java:129)
 io.cucumber.testng.AbstractTestNGCucumberTests.runScenario(AbstractTestNGCucumberTests.java:35)
 java.base/jdk.internal.reflect.DirectMethodHandleAccessor.invoke(DirectMethodHandleAccessor.java:103)
 java.base/java.lang.reflect.Method.invoke(Method.java:580)
 org.testng.internal.invokers.MethodInvocationHelper.invokeMethod(MethodInvocationHelper.java:141)
 org.testng.internal.invokers.TestInvoker.invokeMethod(TestInvoker.java:686)
 org.testng.internal.invokers.TestInvoker.invokeTestMethod(TestInvoker.java:230)
 org.testng.internal.invokers.MethodRunner.runInSequence(MethodRunner.java:63)
 org.testng.internal.invokers.TestInvoker$MethodInvocationAgent.invoke(TestInvoker.java:992)
 org.testng.internal.invokers.TestInvoker.invokeTestMethods(TestInvoker.java:203)
 org.testng.internal.invokers.TestMethodWorker.invokeTestMethods(TestMethodWorker.java:154)
 org.testng.internal.invokers.TestMethodWorker.run(TestMethodWorker.java:134)
 java.base/java.util.ArrayList.forEach(ArrayList.java:1597)
 org.testng.TestRunner.privateRun(TestRunner.java:739)
 org.testng.TestRunner.run(TestRunner.java:614)
 org.testng.SuiteRunner.runTest(SuiteRunner.java:421)
 org.testng.SuiteRunner.runSequentially(SuiteRunner.java:413)
 org.testng.SuiteRunner.privateRun(SuiteRunner.java:373)
 org.testng.SuiteRunner.run(SuiteRunner.java:312)
 org.testng.SuiteRunnerWorker.runSuite(SuiteRunnerWorker.java:52)
 org.testng.SuiteRunnerWorker.run(SuiteRunnerWorker.java:95)
 org.testng.TestNG.runSuitesSequentially(TestNG.java:1274)
 org.testng.TestNG.runSuitesLocally(TestNG.java:1208)
 org.testng.TestNG.runSuites(TestNG.java:1112)
 org.testng.TestNG.run(TestNG.java:1079)
 com.intellij.rt.testng.IDEARemoteTestNG.run(IDEARemoteTestNG.java:65)
 com.intellij.rt.testng.RemoteTestNGStarter.main(RemoteTestNGStarter.java:105)
[INFO ] 2024-05-17 15:31:43.786 [main] ReportManager -   [32mThen [0m[32mI should see  error message [0m[32m[1m"Wrong password."[0m [90m# org.example.StepDefinitions.InvalidPass.iShouldSeeErrorMessage(java.lang.String)[0m
[INFO ] 2024-05-17 15:31:43.787 [main] ReportManager - Scenario Hook: AFTER
[INFO ] 2024-05-17 15:31:43.935 [main] ReportManager - Successfully Closed Driver.
[ERROR] 2024-05-17 15:31:43.937 [main] AllureLifecycle - Could not add attachment: no test is running
[INFO ] 2024-05-17 15:31:43.938 [main] ReportManager - Successfully created attachment 'SHAFT Engine Logs - Current Method log: runScenario'
[INFO ] 2024-05-17 15:31:43.947 [main] ReportManager - @Smoke
[INFO ] 2024-05-17 15:31:43.947 [main] ReportManager - Scenario: Verify that two products are purchased successfully                      [90m# src/main/resources/Features/BuyProduct.feature:7[0m
[ERROR] 2024-05-17 15:31:43.949 [main] AllureLifecycle - Could not update test case: no test case running
[ERROR] 2024-05-17 15:31:43.949 [main] AllureLifecycle - Could not update test case: no test case running
[ERROR] 2024-05-17 15:31:43.949 [main] AllureLifecycle - Could not update test case: no test case running
[INFO ] 2024-05-17 15:31:43.949 [main] ReportManager - 
[0;7m------------------------------------------------------------------------------------------------------------------------------------------------
                                  Starting Execution: "4 out of 5" scenarios in the "Purchase Products" feature                                  
                                      Scenario Name: "Verify that two products are purchased successfully"                                      
                                                                 Scenario Steps:                                                                 
                                                     Given I click on Login button in Header                                                     
                                              When I fill in username  and password  in Login Form                                              
                                               And I validate that account is opened Successfully                                               
                                                And I click on Laptops in categories on home page                                                
                                                            And I choose product one                                                            
                                                And I click on Add to cart button for product one                                                
                                          And I validate that product one is successfully added to cart                                          
                                                            And I choose product two                                                            
                                                And I click on Add to cart button for product two                                                
                                          And I validate that product two is successfully added to cart                                          
                                                      And I click on Cart button in header                                                      
                                   Then I validate that both products are successfully added in products page                                   
                                          And I validate that the total amount is calculated correctly                                          
                                                        And I click on Place order button                                                        
                                And I validate that the total amount is calculated correctly in place order page                                
                                                         And I fill in  place order form                                                         
                                               And I click on Purchase button in place order Form                                               
                                        Then I validate that 'Thank you for your purchase!' is displayed                                        
------------------------------------------------------------------------------------------------------------------------------------------------
[0m
[INFO ] 2024-05-17 15:31:43.953 [main] ReportManager - Scenario Hook: BEFORE
[INFO ] 2024-05-17 15:31:43.954 [main] ReportManager - Loaded Test Data: "src/test/resources/DynamicData.json".
[INFO ] 2024-05-17 15:31:43.955 [main] ReportManager - Successfully created attachment 'Test Data - JSON'
[INFO ] 2024-05-17 15:31:43.957 [main] ReportManager - Setting "targetOperatingSystem" property with "windows".
[INFO ] 2024-05-17 15:31:43.958 [main] ReportManager - Capabilities {acceptInsecureCerts: true, browserName: chrome, goog:chromeOptions: {args: [--start-maximized], extensions: [], prefs: {download.default_directory: D:\JDK\project\Web-Automati..., download.prompt_for_download: false, profile.default_content_settings.popups: 0}}, pageLoadStrategy: normal, timeouts: {pageLoad: 60000, script: 60000}, unhandledPromptBehavior: ignore, webSocketUrl: true}
[INFO ] 2024-05-17 15:31:43.959 [main] ReportManager - Attempting to run locally on: "Windows | Chrome".
[INFO ] 2024-05-17 15:31:43.959 [main] ReportManager - Identifying OS/Driver combination. Please note that if a new browser/driver executable will be downloaded it may take some time depending on your connection...
[WARN ] 2024-05-17 15:31:45.351 [main] ReportManager - May 17, 2024 3:31:45 PM org.openqa.selenium.devtools.CdpVersionFinder findNearestMatch
[WARN ] 2024-05-17 15:31:45.351 [main] ReportManager - WARNING: Unable to find an exact match for CDP version 124, returning the closest version; found: 123; Please update to a Selenium version that supports CDP version 124
[INFO ] 2024-05-17 15:31:45.352 [main] ReportManager - Successfully Opened: "Windows | Chrome".
[INFO ] 2024-05-17 15:31:45.354 [main] ReportManager - Target URL: "https://www.demoblaze.com/index.html"
[INFO ] 2024-05-17 15:31:45.382 [main] ReportManager - Initial URL: "about:blank"
[INFO ] 2024-05-17 15:31:46.356 [main] ReportManager - Navigate to url "https://www.demoblaze.com/index.html".
[INFO ] 2024-05-17 15:31:46.380 [main] ReportManager - Expected "STORE", and actual "STORE"
[INFO ] 2024-05-17 15:31:46.901 [main] ReportManager - Successfully created attachment 'Screenshot - Verify_15-31-46-897_17052024'
[INFO ] 2024-05-17 15:31:46.901 [main] ReportManager - Verification passed
[INFO ] 2024-05-17 15:31:46.904 [main] ReportManager - Scenario Step: Given I click on Login button in Header
[INFO ] 2024-05-17 15:31:47.131 [main] ReportManager - Moved the mouse to the middle of the element.
[INFO ] 2024-05-17 15:31:47.234 [main] ReportManager - Click "Log in".
[INFO ] 2024-05-17 15:31:47.235 [main] ReportManager -   [32mGiven [0m[32mI click on Login button in Header[0m                                          [90m# org.example.StepDefinitions.BuyProduct.clickLoginButton()[0m
[INFO ] 2024-05-17 15:31:47.237 [main] ReportManager - Scenario Step: When I fill in username  and password  in Login Form
[DEBUG] 2024-05-17 15:31:47.570 [main] ReportManager - Text cleared Using Native Clear
[INFO ] 2024-05-17 15:31:47.627 [main] ReportManager - Type "Boyd Hermann" into "By.id: loginusername".
[DEBUG] 2024-05-17 15:31:47.714 [main] ReportManager - Text cleared Using Native Clear
[INFO ] 2024-05-17 15:31:47.749 [main] ReportManager - Type "i2xkrz79hidr5ce" into "By.id: loginpassword".
[INFO ] 2024-05-17 15:31:47.920 [main] ReportManager - Moved the mouse to the middle of the element.
[INFO ] 2024-05-17 15:31:47.965 [main] ReportManager - Click "Log in".
[INFO ] 2024-05-17 15:31:47.965 [main] ReportManager -   [32mWhen [0m[32mI fill in username  and password  in Login Form[0m                             [90m# org.example.StepDefinitions.BuyProduct.fillLoginForm()[0m
[INFO ] 2024-05-17 15:31:47.966 [main] ReportManager - Scenario Step: And I validate that account is opened Successfully
[INFO ] 2024-05-17 15:31:48.020 [main] ReportManager - Expected "true", and actual "true"
[INFO ] 2024-05-17 15:31:49.047 [main] ReportManager - Successfully created attachment 'Screenshot - Assert_15-31-49-044_17052024'
[INFO ] 2024-05-17 15:31:49.047 [main] ReportManager - Assertion passed
[INFO ] 2024-05-17 15:31:49.047 [main] ReportManager -   [32mAnd [0m[32mI validate that account is opened Successfully[0m                               [90m# org.example.StepDefinitions.BuyProduct.ValidateLogIn()[0m
[INFO ] 2024-05-17 15:31:49.048 [main] ReportManager - Scenario Step: And I click on Laptops in categories on home page
[INFO ] 2024-05-17 15:31:49.207 [main] ReportManager - Moved the mouse to the middle of the element.
[INFO ] 2024-05-17 15:31:49.251 [main] ReportManager - Click "Laptops".
[INFO ] 2024-05-17 15:31:49.251 [main] ReportManager -   [32mAnd [0m[32mI click on Laptops in categories on home page[0m                                [90m# org.example.StepDefinitions.BuyProduct.ClickOnLapTop()[0m
[INFO ] 2024-05-17 15:31:49.260 [main] ReportManager - Scenario Step: And I choose product one
[INFO ] 2024-05-17 15:31:49.457 [main] ReportManager - Moved the mouse to the middle of the element.
[INFO ] 2024-05-17 15:31:49.981 [main] ReportManager - Click "Sony vaio i5".
[INFO ] 2024-05-17 15:31:49.982 [main] ReportManager -   [32mAnd [0m[32mI choose product one[0m                                                         [90m# org.example.StepDefinitions.BuyProduct.ProductOne()[0m
[INFO ] 2024-05-17 15:31:49.984 [main] ReportManager - Scenario Step: And I click on Add to cart button for product one
[INFO ] 2024-05-17 15:31:50.647 [main] ReportManager - Moved the mouse to the middle of the element.
[INFO ] 2024-05-17 15:31:50.691 [main] ReportManager - Click "Add to cart".
[INFO ] 2024-05-17 15:31:50.693 [main] ReportManager -   [32mAnd [0m[32mI click on Add to cart button for product one[0m                                [90m# org.example.StepDefinitions.BuyProduct.AddToCartOne()[0m
[INFO ] 2024-05-17 15:31:50.695 [main] ReportManager - Scenario Step: And I validate that product one is successfully added to cart
[INFO ] 2024-05-17 15:31:50.743 [main] ReportManager - Alert action failed.
[ERROR] 2024-05-17 15:31:50.744 [main] ReportManager - java.lang.reflect.InvocationTargetException: null
 java.base/jdk.internal.reflect.DirectMethodHandleAccessor.invoke(DirectMethodHandleAccessor.java:118)
 java.base/java.lang.reflect.Method.invoke(Method.java:580)
 org.openqa.selenium.support.decorators.WebDriverDecorator.call(WebDriverDecorator.java:249)
 org.openqa.selenium.support.decorators.DefaultDecorated.call(DefaultDecorated.java:48)
 org.openqa.selenium.support.decorators.WebDriverDecorator.lambda$createProxy$2(WebDriverDecorator.java:321)
 net.bytebuddy.renamed.java.lang.Object$ByteBuddy$OYXR6YQM.alert(Unknown Source)
 coreElements.Alerts.lambda$AcceptAlert$0(Alerts.java:28)
 org.openqa.selenium.support.ui.FluentWait.until(FluentWait.java:203)
 coreElements.Alerts.AcceptAlert(Alerts.java:26)
 org.example.StepDefinitions.BuyProduct.ValidateAddToCart(BuyProduct.java:50)
 java.base/jdk.internal.reflect.DirectMethodHandleAccessor.invoke(DirectMethodHandleAccessor.java:103)
 java.base/java.lang.reflect.Method.invoke(Method.java:580)
 io.cucumber.java.Invoker.doInvoke(Invoker.java:66)
 io.cucumber.java.Invoker.invoke(Invoker.java:24)
 io.cucumber.java.AbstractGlueDefinition.invokeMethod(AbstractGlueDefinition.java:47)
 io.cucumber.java.JavaStepDefinition.execute(JavaStepDefinition.java:29)
 io.cucumber.core.runner.CoreStepDefinition.execute(CoreStepDefinition.java:66)
 io.cucumber.core.runner.PickleStepDefinitionMatch.runStep(PickleStepDefinitionMatch.java:63)
 io.cucumber.core.runner.ExecutionMode$1.execute(ExecutionMode.java:10)
 io.cucumber.core.runner.TestStep.executeStep(TestStep.java:81)
 io.cucumber.core.runner.TestStep.run(TestStep.java:53)
 io.cucumber.core.runner.PickleStepTestStep.run(PickleStepTestStep.java:51)
 io.cucumber.core.runner.TestCase.run(TestCase.java:84)
 io.cucumber.core.runner.Runner.runPickle(Runner.java:75)
 io.cucumber.testng.TestNGCucumberRunner.lambda$runScenario$1(TestNGCucumberRunner.java:132)
 io.cucumber.core.runtime.CucumberExecutionContext.lambda$runTestCase$5(CucumberExecutionContext.java:136)
 io.cucumber.core.runtime.RethrowingThrowableCollector.executeAndThrow(RethrowingThrowableCollector.java:23)
 io.cucumber.core.runtime.CucumberExecutionContext.runTestCase(CucumberExecutionContext.java:136)
 io.cucumber.testng.TestNGCucumberRunner.runScenario(TestNGCucumberRunner.java:129)
 io.cucumber.testng.AbstractTestNGCucumberTests.runScenario(AbstractTestNGCucumberTests.java:35)
 java.base/jdk.internal.reflect.DirectMethodHandleAccessor.invoke(DirectMethodHandleAccessor.java:103)
 java.base/java.lang.reflect.Method.invoke(Method.java:580)
 org.testng.internal.invokers.MethodInvocationHelper.invokeMethod(MethodInvocationHelper.java:141)
 org.testng.internal.invokers.TestInvoker.invokeMethod(TestInvoker.java:686)
 org.testng.internal.invokers.TestInvoker.invokeTestMethod(TestInvoker.java:230)
 org.testng.internal.invokers.MethodRunner.runInSequence(MethodRunner.java:63)
 org.testng.internal.invokers.TestInvoker$MethodInvocationAgent.invoke(TestInvoker.java:992)
 org.testng.internal.invokers.TestInvoker.invokeTestMethods(TestInvoker.java:203)
 org.testng.internal.invokers.TestMethodWorker.invokeTestMethods(TestMethodWorker.java:154)
 org.testng.internal.invokers.TestMethodWorker.run(TestMethodWorker.java:134)
 java.base/java.util.ArrayList.forEach(ArrayList.java:1597)
 org.testng.TestRunner.privateRun(TestRunner.java:739)
 org.testng.TestRunner.run(TestRunner.java:614)
 org.testng.SuiteRunner.runTest(SuiteRunner.java:421)
 org.testng.SuiteRunner.runSequentially(SuiteRunner.java:413)
 org.testng.SuiteRunner.privateRun(SuiteRunner.java:373)
 org.testng.SuiteRunner.run(SuiteRunner.java:312)
 org.testng.SuiteRunnerWorker.runSuite(SuiteRunnerWorker.java:52)
 org.testng.SuiteRunnerWorker.run(SuiteRunnerWorker.java:95)
 org.testng.TestNG.runSuitesSequentially(TestNG.java:1274)
 org.testng.TestNG.runSuitesLocally(TestNG.java:1208)
 org.testng.TestNG.runSuites(TestNG.java:1112)
 org.testng.TestNG.run(TestNG.java:1079)
 com.intellij.rt.testng.IDEARemoteTestNG.run(IDEARemoteTestNG.java:65)
 com.intellij.rt.testng.RemoteTestNGStarter.main(RemoteTestNGStarter.java:105)

Caused by: org.openqa.selenium.NoAlertPresentException: no such alert
  (Session info: chrome=124.0.6367.209)
Build info: version: '4.19.1', revision: 'abe0ee07dc'
System info: os.name: 'Windows 10', os.arch: 'amd64', os.version: '10.0', java.version: '22.0.1'
Driver info: org.openqa.selenium.chrome.ChromeDriver
Command: [7e892096f869f50147bbeff1f60d3249, getAlertText {}]
Capabilities {acceptInsecureCerts: true, browserName: chrome, browserVersion: 124.0.6367.209, chrome: {chromedriverVersion: 124.0.6367.207 (a9001a6e39f..., userDataDir: C:\Users\MED5B~1.TAH\AppDat...}, fedcm:accounts: true, goog:chromeOptions: {debuggerAddress: localhost:49354}, networkConnectionEnabled: false, pageLoadStrategy: normal, platformName: windows, proxy: Proxy(), se:cdp: ws://localhost:49354/devtoo..., se:cdpVersion: 124.0.6367.209, setWindowRect: true, strictFileInteractability: false, timeouts: {implicit: 0, pageLoad: 60000, script: 60000}, unhandledPromptBehavior: ignore, webSocketUrl: ws://localhost:16564/sessio..., webauthn:extension:credBlob: true, webauthn:extension:largeBlob: true, webauthn:extension:minPinLength: true, webauthn:extension:prf: true, webauthn:virtualAuthenticators: true}
Session ID: 7e892096f869f50147bbeff1f60d3249
 java.base/jdk.internal.reflect.DirectConstructorHandleAccessor.newInstance(DirectConstructorHandleAccessor.java:62)
 java.base/java.lang.reflect.Constructor.newInstanceWithCaller(Constructor.java:502)
 java.base/java.lang.reflect.Constructor.newInstance(Constructor.java:486)
 org.openqa.selenium.remote.ErrorCodec.decode(ErrorCodec.java:167)
 org.openqa.selenium.remote.codec.w3c.W3CHttpResponseCodec.decode(W3CHttpResponseCodec.java:138)
 org.openqa.selenium.remote.codec.w3c.W3CHttpResponseCodec.decode(W3CHttpResponseCodec.java:50)
 org.openqa.selenium.remote.HttpCommandExecutor.execute(HttpCommandExecutor.java:190)
 org.openqa.selenium.remote.service.DriverCommandExecutor.invokeExecute(DriverCommandExecutor.java:216)
 org.openqa.selenium.remote.service.DriverCommandExecutor.execute(DriverCommandExecutor.java:174)
 org.openqa.selenium.remote.RemoteWebDriver.execute(RemoteWebDriver.java:518)
 org.openqa.selenium.remote.RemoteWebDriver.execute(RemoteWebDriver.java:591)
 org.openqa.selenium.remote.RemoteWebDriver.execute(RemoteWebDriver.java:595)
 org.openqa.selenium.remote.RemoteWebDriver$RemoteTargetLocator.alert(RemoteWebDriver.java:1163)
 java.base/jdk.internal.reflect.DirectMethodHandleAccessor.invoke(DirectMethodHandleAccessor.java:103)
 java.base/java.lang.reflect.Method.invoke(Method.java:580)
 org.openqa.selenium.support.decorators.WebDriverDecorator.call(WebDriverDecorator.java:249)
 org.openqa.selenium.support.decorators.DefaultDecorated.call(DefaultDecorated.java:48)
 org.openqa.selenium.support.decorators.WebDriverDecorator.lambda$createProxy$2(WebDriverDecorator.java:321)
 net.bytebuddy.renamed.java.lang.Object$ByteBuddy$OYXR6YQM.alert(Unknown Source)
 coreElements.Alerts.lambda$AcceptAlert$0(Alerts.java:28)
 org.openqa.selenium.support.ui.FluentWait.until(FluentWait.java:203)
 coreElements.Alerts.AcceptAlert(Alerts.java:26)
 org.example.StepDefinitions.BuyProduct.ValidateAddToCart(BuyProduct.java:50)
 java.base/jdk.internal.reflect.DirectMethodHandleAccessor.invoke(DirectMethodHandleAccessor.java:103)
 java.base/java.lang.reflect.Method.invoke(Method.java:580)
 io.cucumber.java.Invoker.doInvoke(Invoker.java:66)
 io.cucumber.java.Invoker.invoke(Invoker.java:24)
 io.cucumber.java.AbstractGlueDefinition.invokeMethod(AbstractGlueDefinition.java:47)
 io.cucumber.java.JavaStepDefinition.execute(JavaStepDefinition.java:29)
 io.cucumber.core.runner.CoreStepDefinition.execute(CoreStepDefinition.java:66)
 io.cucumber.core.runner.PickleStepDefinitionMatch.runStep(PickleStepDefinitionMatch.java:63)
 io.cucumber.core.runner.ExecutionMode$1.execute(ExecutionMode.java:10)
 io.cucumber.core.runner.TestStep.executeStep(TestStep.java:81)
 io.cucumber.core.runner.TestStep.run(TestStep.java:53)
 io.cucumber.core.runner.PickleStepTestStep.run(PickleStepTestStep.java:51)
 io.cucumber.core.runner.TestCase.run(TestCase.java:84)
 io.cucumber.core.runner.Runner.runPickle(Runner.java:75)
 io.cucumber.testng.TestNGCucumberRunner.lambda$runScenario$1(TestNGCucumberRunner.java:132)
 io.cucumber.core.runtime.CucumberExecutionContext.lambda$runTestCase$5(CucumberExecutionContext.java:136)
 io.cucumber.core.runtime.RethrowingThrowableCollector.executeAndThrow(RethrowingThrowableCollector.java:23)
 io.cucumber.core.runtime.CucumberExecutionContext.runTestCase(CucumberExecutionContext.java:136)
 io.cucumber.testng.TestNGCucumberRunner.runScenario(TestNGCucumberRunner.java:129)
 io.cucumber.testng.AbstractTestNGCucumberTests.runScenario(AbstractTestNGCucumberTests.java:35)
 java.base/jdk.internal.reflect.DirectMethodHandleAccessor.invoke(DirectMethodHandleAccessor.java:103)
 java.base/java.lang.reflect.Method.invoke(Method.java:580)
 org.testng.internal.invokers.MethodInvocationHelper.invokeMethod(MethodInvocationHelper.java:141)
 org.testng.internal.invokers.TestInvoker.invokeMethod(TestInvoker.java:686)
 org.testng.internal.invokers.TestInvoker.invokeTestMethod(TestInvoker.java:230)
 org.testng.internal.invokers.MethodRunner.runInSequence(MethodRunner.java:63)
 org.testng.internal.invokers.TestInvoker$MethodInvocationAgent.invoke(TestInvoker.java:992)
 org.testng.internal.invokers.TestInvoker.invokeTestMethods(TestInvoker.java:203)
 org.testng.internal.invokers.TestMethodWorker.invokeTestMethods(TestMethodWorker.java:154)
 org.testng.internal.invokers.TestMethodWorker.run(TestMethodWorker.java:134)
 java.base/java.util.ArrayList.forEach(ArrayList.java:1597)
 org.testng.TestRunner.privateRun(TestRunner.java:739)
 org.testng.TestRunner.run(TestRunner.java:614)
 org.testng.SuiteRunner.runTest(SuiteRunner.java:421)
 org.testng.SuiteRunner.runSequentially(SuiteRunner.java:413)
 org.testng.SuiteRunner.privateRun(SuiteRunner.java:373)
 org.testng.SuiteRunner.run(SuiteRunner.java:312)
 org.testng.SuiteRunnerWorker.runSuite(SuiteRunnerWorker.java:52)
 org.testng.SuiteRunnerWorker.run(SuiteRunnerWorker.java:95)
 org.testng.TestNG.runSuitesSequentially(TestNG.java:1274)
 org.testng.TestNG.runSuitesLocally(TestNG.java:1208)
 org.testng.TestNG.runSuites(TestNG.java:1112)
 org.testng.TestNG.run(TestNG.java:1079)
 com.intellij.rt.testng.IDEARemoteTestNG.run(IDEARemoteTestNG.java:65)
 com.intellij.rt.testng.RemoteTestNGStarter.main(RemoteTestNGStarter.java:105)
[INFO ] 2024-05-17 15:31:51.085 [main] ReportManager - Alert action failed.
[ERROR] 2024-05-17 15:31:51.089 [main] ReportManager - java.lang.reflect.InvocationTargetException: null
 java.base/jdk.internal.reflect.DirectMethodHandleAccessor.invoke(DirectMethodHandleAccessor.java:118)
 java.base/java.lang.reflect.Method.invoke(Method.java:580)
 org.openqa.selenium.support.decorators.WebDriverDecorator.call(WebDriverDecorator.java:249)
 org.openqa.selenium.support.decorators.DefaultDecorated.call(DefaultDecorated.java:48)
 org.openqa.selenium.support.decorators.WebDriverDecorator.lambda$createProxy$2(WebDriverDecorator.java:321)
 net.bytebuddy.renamed.java.lang.Object$ByteBuddy$tz3Yo04E.alert(Unknown Source)
 coreElements.Alerts.lambda$AcceptAlert$0(Alerts.java:28)
 org.openqa.selenium.support.ui.FluentWait.until(FluentWait.java:203)
 coreElements.Alerts.AcceptAlert(Alerts.java:26)
 org.example.StepDefinitions.BuyProduct.ValidateAddToCart(BuyProduct.java:50)
 java.base/jdk.internal.reflect.DirectMethodHandleAccessor.invoke(DirectMethodHandleAccessor.java:103)
 java.base/java.lang.reflect.Method.invoke(Method.java:580)
 io.cucumber.java.Invoker.doInvoke(Invoker.java:66)
 io.cucumber.java.Invoker.invoke(Invoker.java:24)
 io.cucumber.java.AbstractGlueDefinition.invokeMethod(AbstractGlueDefinition.java:47)
 io.cucumber.java.JavaStepDefinition.execute(JavaStepDefinition.java:29)
 io.cucumber.core.runner.CoreStepDefinition.execute(CoreStepDefinition.java:66)
 io.cucumber.core.runner.PickleStepDefinitionMatch.runStep(PickleStepDefinitionMatch.java:63)
 io.cucumber.core.runner.ExecutionMode$1.execute(ExecutionMode.java:10)
 io.cucumber.core.runner.TestStep.executeStep(TestStep.java:81)
 io.cucumber.core.runner.TestStep.run(TestStep.java:53)
 io.cucumber.core.runner.PickleStepTestStep.run(PickleStepTestStep.java:51)
 io.cucumber.core.runner.TestCase.run(TestCase.java:84)
 io.cucumber.core.runner.Runner.runPickle(Runner.java:75)
 io.cucumber.testng.TestNGCucumberRunner.lambda$runScenario$1(TestNGCucumberRunner.java:132)
 io.cucumber.core.runtime.CucumberExecutionContext.lambda$runTestCase$5(CucumberExecutionContext.java:136)
 io.cucumber.core.runtime.RethrowingThrowableCollector.executeAndThrow(RethrowingThrowableCollector.java:23)
 io.cucumber.core.runtime.CucumberExecutionContext.runTestCase(CucumberExecutionContext.java:136)
 io.cucumber.testng.TestNGCucumberRunner.runScenario(TestNGCucumberRunner.java:129)
 io.cucumber.testng.AbstractTestNGCucumberTests.runScenario(AbstractTestNGCucumberTests.java:35)
 java.base/jdk.internal.reflect.DirectMethodHandleAccessor.invoke(DirectMethodHandleAccessor.java:103)
 java.base/java.lang.reflect.Method.invoke(Method.java:580)
 org.testng.internal.invokers.MethodInvocationHelper.invokeMethod(MethodInvocationHelper.java:141)
 org.testng.internal.invokers.TestInvoker.invokeMethod(TestInvoker.java:686)
 org.testng.internal.invokers.TestInvoker.invokeTestMethod(TestInvoker.java:230)
 org.testng.internal.invokers.MethodRunner.runInSequence(MethodRunner.java:63)
 org.testng.internal.invokers.TestInvoker$MethodInvocationAgent.invoke(TestInvoker.java:992)
 org.testng.internal.invokers.TestInvoker.invokeTestMethods(TestInvoker.java:203)
 org.testng.internal.invokers.TestMethodWorker.invokeTestMethods(TestMethodWorker.java:154)
 org.testng.internal.invokers.TestMethodWorker.run(TestMethodWorker.java:134)
 java.base/java.util.ArrayList.forEach(ArrayList.java:1597)
 org.testng.TestRunner.privateRun(TestRunner.java:739)
 org.testng.TestRunner.run(TestRunner.java:614)
 org.testng.SuiteRunner.runTest(SuiteRunner.java:421)
 org.testng.SuiteRunner.runSequentially(SuiteRunner.java:413)
 org.testng.SuiteRunner.privateRun(SuiteRunner.java:373)
 org.testng.SuiteRunner.run(SuiteRunner.java:312)
 org.testng.SuiteRunnerWorker.runSuite(SuiteRunnerWorker.java:52)
 org.testng.SuiteRunnerWorker.run(SuiteRunnerWorker.java:95)
 org.testng.TestNG.runSuitesSequentially(TestNG.java:1274)
 org.testng.TestNG.runSuitesLocally(TestNG.java:1208)
 org.testng.TestNG.runSuites(TestNG.java:1112)
 org.testng.TestNG.run(TestNG.java:1079)
 com.intellij.rt.testng.IDEARemoteTestNG.run(IDEARemoteTestNG.java:65)
 com.intellij.rt.testng.RemoteTestNGStarter.main(RemoteTestNGStarter.java:105)

Caused by: org.openqa.selenium.NoAlertPresentException: no such alert
  (Session info: chrome=124.0.6367.209)
Build info: version: '4.19.1', revision: 'abe0ee07dc'
System info: os.name: 'Windows 10', os.arch: 'amd64', os.version: '10.0', java.version: '22.0.1'
Driver info: org.openqa.selenium.chrome.ChromeDriver
Command: [7e892096f869f50147bbeff1f60d3249, getAlertText {}]
Capabilities {acceptInsecureCerts: true, browserName: chrome, browserVersion: 124.0.6367.209, chrome: {chromedriverVersion: 124.0.6367.207 (a9001a6e39f..., userDataDir: C:\Users\MED5B~1.TAH\AppDat...}, fedcm:accounts: true, goog:chromeOptions: {debuggerAddress: localhost:49354}, networkConnectionEnabled: false, pageLoadStrategy: normal, platformName: windows, proxy: Proxy(), se:cdp: ws://localhost:49354/devtoo..., se:cdpVersion: 124.0.6367.209, setWindowRect: true, strictFileInteractability: false, timeouts: {implicit: 0, pageLoad: 60000, script: 60000}, unhandledPromptBehavior: ignore, webSocketUrl: ws://localhost:16564/sessio..., webauthn:extension:credBlob: true, webauthn:extension:largeBlob: true, webauthn:extension:minPinLength: true, webauthn:extension:prf: true, webauthn:virtualAuthenticators: true}
Session ID: 7e892096f869f50147bbeff1f60d3249
 java.base/jdk.internal.reflect.DirectConstructorHandleAccessor.newInstance(DirectConstructorHandleAccessor.java:62)
 java.base/java.lang.reflect.Constructor.newInstanceWithCaller(Constructor.java:502)
 java.base/java.lang.reflect.Constructor.newInstance(Constructor.java:486)
 org.openqa.selenium.remote.ErrorCodec.decode(ErrorCodec.java:167)
 org.openqa.selenium.remote.codec.w3c.W3CHttpResponseCodec.decode(W3CHttpResponseCodec.java:138)
 org.openqa.selenium.remote.codec.w3c.W3CHttpResponseCodec.decode(W3CHttpResponseCodec.java:50)
 org.openqa.selenium.remote.HttpCommandExecutor.execute(HttpCommandExecutor.java:190)
 org.openqa.selenium.remote.service.DriverCommandExecutor.invokeExecute(DriverCommandExecutor.java:216)
 org.openqa.selenium.remote.service.DriverCommandExecutor.execute(DriverCommandExecutor.java:174)
 org.openqa.selenium.remote.RemoteWebDriver.execute(RemoteWebDriver.java:518)
 org.openqa.selenium.remote.RemoteWebDriver.execute(RemoteWebDriver.java:591)
 org.openqa.selenium.remote.RemoteWebDriver.execute(RemoteWebDriver.java:595)
 org.openqa.selenium.remote.RemoteWebDriver$RemoteTargetLocator.alert(RemoteWebDriver.java:1163)
 java.base/jdk.internal.reflect.DirectMethodHandleAccessor.invoke(DirectMethodHandleAccessor.java:103)
 java.base/java.lang.reflect.Method.invoke(Method.java:580)
 org.openqa.selenium.support.decorators.WebDriverDecorator.call(WebDriverDecorator.java:249)
 org.openqa.selenium.support.decorators.DefaultDecorated.call(DefaultDecorated.java:48)
 org.openqa.selenium.support.decorators.WebDriverDecorator.lambda$createProxy$2(WebDriverDecorator.java:321)
 net.bytebuddy.renamed.java.lang.Object$ByteBuddy$tz3Yo04E.alert(Unknown Source)
 coreElements.Alerts.lambda$AcceptAlert$0(Alerts.java:28)
 org.openqa.selenium.support.ui.FluentWait.until(FluentWait.java:203)
 coreElements.Alerts.AcceptAlert(Alerts.java:26)
 org.example.StepDefinitions.BuyProduct.ValidateAddToCart(BuyProduct.java:50)
 java.base/jdk.internal.reflect.DirectMethodHandleAccessor.invoke(DirectMethodHandleAccessor.java:103)
 java.base/java.lang.reflect.Method.invoke(Method.java:580)
 io.cucumber.java.Invoker.doInvoke(Invoker.java:66)
 io.cucumber.java.Invoker.invoke(Invoker.java:24)
 io.cucumber.java.AbstractGlueDefinition.invokeMethod(AbstractGlueDefinition.java:47)
 io.cucumber.java.JavaStepDefinition.execute(JavaStepDefinition.java:29)
 io.cucumber.core.runner.CoreStepDefinition.execute(CoreStepDefinition.java:66)
 io.cucumber.core.runner.PickleStepDefinitionMatch.runStep(PickleStepDefinitionMatch.java:63)
 io.cucumber.core.runner.ExecutionMode$1.execute(ExecutionMode.java:10)
 io.cucumber.core.runner.TestStep.executeStep(TestStep.java:81)
 io.cucumber.core.runner.TestStep.run(TestStep.java:53)
 io.cucumber.core.runner.PickleStepTestStep.run(PickleStepTestStep.java:51)
 io.cucumber.core.runner.TestCase.run(TestCase.java:84)
 io.cucumber.core.runner.Runner.runPickle(Runner.java:75)
 io.cucumber.testng.TestNGCucumberRunner.lambda$runScenario$1(TestNGCucumberRunner.java:132)
 io.cucumber.core.runtime.CucumberExecutionContext.lambda$runTestCase$5(CucumberExecutionContext.java:136)
 io.cucumber.core.runtime.RethrowingThrowableCollector.executeAndThrow(RethrowingThrowableCollector.java:23)
 io.cucumber.core.runtime.CucumberExecutionContext.runTestCase(CucumberExecutionContext.java:136)
 io.cucumber.testng.TestNGCucumberRunner.runScenario(TestNGCucumberRunner.java:129)
 io.cucumber.testng.AbstractTestNGCucumberTests.runScenario(AbstractTestNGCucumberTests.java:35)
 java.base/jdk.internal.reflect.DirectMethodHandleAccessor.invoke(DirectMethodHandleAccessor.java:103)
 java.base/java.lang.reflect.Method.invoke(Method.java:580)
 org.testng.internal.invokers.MethodInvocationHelper.invokeMethod(MethodInvocationHelper.java:141)
 org.testng.internal.invokers.TestInvoker.invokeMethod(TestInvoker.java:686)
 org.testng.internal.invokers.TestInvoker.invokeTestMethod(TestInvoker.java:230)
 org.testng.internal.invokers.MethodRunner.runInSequence(MethodRunner.java:63)
 org.testng.internal.invokers.TestInvoker$MethodInvocationAgent.invoke(TestInvoker.java:992)
 org.testng.internal.invokers.TestInvoker.invokeTestMethods(TestInvoker.java:203)
 org.testng.internal.invokers.TestMethodWorker.invokeTestMethods(TestMethodWorker.java:154)
 org.testng.internal.invokers.TestMethodWorker.run(TestMethodWorker.java:134)
 java.base/java.util.ArrayList.forEach(ArrayList.java:1597)
 org.testng.TestRunner.privateRun(TestRunner.java:739)
 org.testng.TestRunner.run(TestRunner.java:614)
 org.testng.SuiteRunner.runTest(SuiteRunner.java:421)
 org.testng.SuiteRunner.runSequentially(SuiteRunner.java:413)
 org.testng.SuiteRunner.privateRun(SuiteRunner.java:373)
 org.testng.SuiteRunner.run(SuiteRunner.java:312)
 org.testng.SuiteRunnerWorker.runSuite(SuiteRunnerWorker.java:52)
 org.testng.SuiteRunnerWorker.run(SuiteRunnerWorker.java:95)
 org.testng.TestNG.runSuitesSequentially(TestNG.java:1274)
 org.testng.TestNG.runSuitesLocally(TestNG.java:1208)
 org.testng.TestNG.runSuites(TestNG.java:1112)
 org.testng.TestNG.run(TestNG.java:1079)
 com.intellij.rt.testng.IDEARemoteTestNG.run(IDEARemoteTestNG.java:65)
 com.intellij.rt.testng.RemoteTestNGStarter.main(RemoteTestNGStarter.java:105)
[INFO ] 2024-05-17 15:31:51.484 [main] ReportManager -   [32mAnd [0m[32mI validate that product one is successfully added to cart[0m                    [90m# org.example.StepDefinitions.BuyProduct.ValidateAddToCart()[0m
[INFO ] 2024-05-17 15:31:51.486 [main] ReportManager - Scenario Step: And I choose product two
[INFO ] 2024-05-17 15:31:51.691 [main] ReportManager - Moved the mouse to the middle of the element.
[INFO ] 2024-05-17 15:31:51.820 [main] ReportManager - Click "Home (current)".
[INFO ] 2024-05-17 15:31:52.002 [main] ReportManager - Moved the mouse to the middle of the element.
[INFO ] 2024-05-17 15:31:52.108 [main] ReportManager - Click "Laptops".
[INFO ] 2024-05-17 15:31:52.281 [main] ReportManager - Moved the mouse to the middle of the element.
[INFO ] 2024-05-17 15:31:52.631 [main] ReportManager - Moved the mouse to the middle of the element.
[INFO ] 2024-05-17 15:31:52.966 [main] ReportManager - Click "Sony vaio i7".
[INFO ] 2024-05-17 15:31:52.967 [main] ReportManager -   [32mAnd [0m[32mI choose product two[0m                                                         [90m# org.example.StepDefinitions.BuyProduct.ProductTwo()[0m
[INFO ] 2024-05-17 15:31:52.968 [main] ReportManager - Scenario Step: And I click on Add to cart button for product two
[INFO ] 2024-05-17 15:31:53.392 [main] ReportManager - Moved the mouse to the middle of the element.
[INFO ] 2024-05-17 15:31:53.433 [main] ReportManager - Click "Add to cart".
[INFO ] 2024-05-17 15:31:53.434 [main] ReportManager -   [32mAnd [0m[32mI click on Add to cart button for product two[0m                                [90m# org.example.StepDefinitions.BuyProduct.AddToCartTwo()[0m
[INFO ] 2024-05-17 15:31:53.435 [main] ReportManager - Scenario Step: And I validate that product two is successfully added to cart
[INFO ] 2024-05-17 15:31:53.470 [main] ReportManager - Alert action failed.
[ERROR] 2024-05-17 15:31:53.470 [main] ReportManager - java.lang.reflect.InvocationTargetException: null
 java.base/jdk.internal.reflect.DirectMethodHandleAccessor.invoke(DirectMethodHandleAccessor.java:118)
 java.base/java.lang.reflect.Method.invoke(Method.java:580)
 org.openqa.selenium.support.decorators.WebDriverDecorator.call(WebDriverDecorator.java:249)
 org.openqa.selenium.support.decorators.DefaultDecorated.call(DefaultDecorated.java:48)
 org.openqa.selenium.support.decorators.WebDriverDecorator.lambda$createProxy$2(WebDriverDecorator.java:321)
 net.bytebuddy.renamed.java.lang.Object$ByteBuddy$B6Qy6A0z.alert(Unknown Source)
 coreElements.Alerts.lambda$AcceptAlert$0(Alerts.java:28)
 org.openqa.selenium.support.ui.FluentWait.until(FluentWait.java:203)
 coreElements.Alerts.AcceptAlert(Alerts.java:26)
 org.example.StepDefinitions.BuyProduct.ValidateAddToCart2(BuyProduct.java:64)
 java.base/jdk.internal.reflect.DirectMethodHandleAccessor.invoke(DirectMethodHandleAccessor.java:103)
 java.base/java.lang.reflect.Method.invoke(Method.java:580)
 io.cucumber.java.Invoker.doInvoke(Invoker.java:66)
 io.cucumber.java.Invoker.invoke(Invoker.java:24)
 io.cucumber.java.AbstractGlueDefinition.invokeMethod(AbstractGlueDefinition.java:47)
 io.cucumber.java.JavaStepDefinition.execute(JavaStepDefinition.java:29)
 io.cucumber.core.runner.CoreStepDefinition.execute(CoreStepDefinition.java:66)
 io.cucumber.core.runner.PickleStepDefinitionMatch.runStep(PickleStepDefinitionMatch.java:63)
 io.cucumber.core.runner.ExecutionMode$1.execute(ExecutionMode.java:10)
 io.cucumber.core.runner.TestStep.executeStep(TestStep.java:81)
 io.cucumber.core.runner.TestStep.run(TestStep.java:53)
 io.cucumber.core.runner.PickleStepTestStep.run(PickleStepTestStep.java:51)
 io.cucumber.core.runner.TestCase.run(TestCase.java:84)
 io.cucumber.core.runner.Runner.runPickle(Runner.java:75)
 io.cucumber.testng.TestNGCucumberRunner.lambda$runScenario$1(TestNGCucumberRunner.java:132)
 io.cucumber.core.runtime.CucumberExecutionContext.lambda$runTestCase$5(CucumberExecutionContext.java:136)
 io.cucumber.core.runtime.RethrowingThrowableCollector.executeAndThrow(RethrowingThrowableCollector.java:23)
 io.cucumber.core.runtime.CucumberExecutionContext.runTestCase(CucumberExecutionContext.java:136)
 io.cucumber.testng.TestNGCucumberRunner.runScenario(TestNGCucumberRunner.java:129)
 io.cucumber.testng.AbstractTestNGCucumberTests.runScenario(AbstractTestNGCucumberTests.java:35)
 java.base/jdk.internal.reflect.DirectMethodHandleAccessor.invoke(DirectMethodHandleAccessor.java:103)
 java.base/java.lang.reflect.Method.invoke(Method.java:580)
 org.testng.internal.invokers.MethodInvocationHelper.invokeMethod(MethodInvocationHelper.java:141)
 org.testng.internal.invokers.TestInvoker.invokeMethod(TestInvoker.java:686)
 org.testng.internal.invokers.TestInvoker.invokeTestMethod(TestInvoker.java:230)
 org.testng.internal.invokers.MethodRunner.runInSequence(MethodRunner.java:63)
 org.testng.internal.invokers.TestInvoker$MethodInvocationAgent.invoke(TestInvoker.java:992)
 org.testng.internal.invokers.TestInvoker.invokeTestMethods(TestInvoker.java:203)
 org.testng.internal.invokers.TestMethodWorker.invokeTestMethods(TestMethodWorker.java:154)
 org.testng.internal.invokers.TestMethodWorker.run(TestMethodWorker.java:134)
 java.base/java.util.ArrayList.forEach(ArrayList.java:1597)
 org.testng.TestRunner.privateRun(TestRunner.java:739)
 org.testng.TestRunner.run(TestRunner.java:614)
 org.testng.SuiteRunner.runTest(SuiteRunner.java:421)
 org.testng.SuiteRunner.runSequentially(SuiteRunner.java:413)
 org.testng.SuiteRunner.privateRun(SuiteRunner.java:373)
 org.testng.SuiteRunner.run(SuiteRunner.java:312)
 org.testng.SuiteRunnerWorker.runSuite(SuiteRunnerWorker.java:52)
 org.testng.SuiteRunnerWorker.run(SuiteRunnerWorker.java:95)
 org.testng.TestNG.runSuitesSequentially(TestNG.java:1274)
 org.testng.TestNG.runSuitesLocally(TestNG.java:1208)
 org.testng.TestNG.runSuites(TestNG.java:1112)
 org.testng.TestNG.run(TestNG.java:1079)
 com.intellij.rt.testng.IDEARemoteTestNG.run(IDEARemoteTestNG.java:65)
 com.intellij.rt.testng.RemoteTestNGStarter.main(RemoteTestNGStarter.java:105)

Caused by: org.openqa.selenium.NoAlertPresentException: no such alert
  (Session info: chrome=124.0.6367.209)
Build info: version: '4.19.1', revision: 'abe0ee07dc'
System info: os.name: 'Windows 10', os.arch: 'amd64', os.version: '10.0', java.version: '22.0.1'
Driver info: org.openqa.selenium.chrome.ChromeDriver
Command: [7e892096f869f50147bbeff1f60d3249, getAlertText {}]
Capabilities {acceptInsecureCerts: true, browserName: chrome, browserVersion: 124.0.6367.209, chrome: {chromedriverVersion: 124.0.6367.207 (a9001a6e39f..., userDataDir: C:\Users\MED5B~1.TAH\AppDat...}, fedcm:accounts: true, goog:chromeOptions: {debuggerAddress: localhost:49354}, networkConnectionEnabled: false, pageLoadStrategy: normal, platformName: windows, proxy: Proxy(), se:cdp: ws://localhost:49354/devtoo..., se:cdpVersion: 124.0.6367.209, setWindowRect: true, strictFileInteractability: false, timeouts: {implicit: 0, pageLoad: 60000, script: 60000}, unhandledPromptBehavior: ignore, webSocketUrl: ws://localhost:16564/sessio..., webauthn:extension:credBlob: true, webauthn:extension:largeBlob: true, webauthn:extension:minPinLength: true, webauthn:extension:prf: true, webauthn:virtualAuthenticators: true}
Session ID: 7e892096f869f50147bbeff1f60d3249
 java.base/jdk.internal.reflect.DirectConstructorHandleAccessor.newInstance(DirectConstructorHandleAccessor.java:62)
 java.base/java.lang.reflect.Constructor.newInstanceWithCaller(Constructor.java:502)
 java.base/java.lang.reflect.Constructor.newInstance(Constructor.java:486)
 org.openqa.selenium.remote.ErrorCodec.decode(ErrorCodec.java:167)
 org.openqa.selenium.remote.codec.w3c.W3CHttpResponseCodec.decode(W3CHttpResponseCodec.java:138)
 org.openqa.selenium.remote.codec.w3c.W3CHttpResponseCodec.decode(W3CHttpResponseCodec.java:50)
 org.openqa.selenium.remote.HttpCommandExecutor.execute(HttpCommandExecutor.java:190)
 org.openqa.selenium.remote.service.DriverCommandExecutor.invokeExecute(DriverCommandExecutor.java:216)
 org.openqa.selenium.remote.service.DriverCommandExecutor.execute(DriverCommandExecutor.java:174)
 org.openqa.selenium.remote.RemoteWebDriver.execute(RemoteWebDriver.java:518)
 org.openqa.selenium.remote.RemoteWebDriver.execute(RemoteWebDriver.java:591)
 org.openqa.selenium.remote.RemoteWebDriver.execute(RemoteWebDriver.java:595)
 org.openqa.selenium.remote.RemoteWebDriver$RemoteTargetLocator.alert(RemoteWebDriver.java:1163)
 java.base/jdk.internal.reflect.DirectMethodHandleAccessor.invoke(DirectMethodHandleAccessor.java:103)
 java.base/java.lang.reflect.Method.invoke(Method.java:580)
 org.openqa.selenium.support.decorators.WebDriverDecorator.call(WebDriverDecorator.java:249)
 org.openqa.selenium.support.decorators.DefaultDecorated.call(DefaultDecorated.java:48)
 org.openqa.selenium.support.decorators.WebDriverDecorator.lambda$createProxy$2(WebDriverDecorator.java:321)
 net.bytebuddy.renamed.java.lang.Object$ByteBuddy$B6Qy6A0z.alert(Unknown Source)
 coreElements.Alerts.lambda$AcceptAlert$0(Alerts.java:28)
 org.openqa.selenium.support.ui.FluentWait.until(FluentWait.java:203)
 coreElements.Alerts.AcceptAlert(Alerts.java:26)
 org.example.StepDefinitions.BuyProduct.ValidateAddToCart2(BuyProduct.java:64)
 java.base/jdk.internal.reflect.DirectMethodHandleAccessor.invoke(DirectMethodHandleAccessor.java:103)
 java.base/java.lang.reflect.Method.invoke(Method.java:580)
 io.cucumber.java.Invoker.doInvoke(Invoker.java:66)
 io.cucumber.java.Invoker.invoke(Invoker.java:24)
 io.cucumber.java.AbstractGlueDefinition.invokeMethod(AbstractGlueDefinition.java:47)
 io.cucumber.java.JavaStepDefinition.execute(JavaStepDefinition.java:29)
 io.cucumber.core.runner.CoreStepDefinition.execute(CoreStepDefinition.java:66)
 io.cucumber.core.runner.PickleStepDefinitionMatch.runStep(PickleStepDefinitionMatch.java:63)
 io.cucumber.core.runner.ExecutionMode$1.execute(ExecutionMode.java:10)
 io.cucumber.core.runner.TestStep.executeStep(TestStep.java:81)
 io.cucumber.core.runner.TestStep.run(TestStep.java:53)
 io.cucumber.core.runner.PickleStepTestStep.run(PickleStepTestStep.java:51)
 io.cucumber.core.runner.TestCase.run(TestCase.java:84)
 io.cucumber.core.runner.Runner.runPickle(Runner.java:75)
 io.cucumber.testng.TestNGCucumberRunner.lambda$runScenario$1(TestNGCucumberRunner.java:132)
 io.cucumber.core.runtime.CucumberExecutionContext.lambda$runTestCase$5(CucumberExecutionContext.java:136)
 io.cucumber.core.runtime.RethrowingThrowableCollector.executeAndThrow(RethrowingThrowableCollector.java:23)
 io.cucumber.core.runtime.CucumberExecutionContext.runTestCase(CucumberExecutionContext.java:136)
 io.cucumber.testng.TestNGCucumberRunner.runScenario(TestNGCucumberRunner.java:129)
 io.cucumber.testng.AbstractTestNGCucumberTests.runScenario(AbstractTestNGCucumberTests.java:35)
 java.base/jdk.internal.reflect.DirectMethodHandleAccessor.invoke(DirectMethodHandleAccessor.java:103)
 java.base/java.lang.reflect.Method.invoke(Method.java:580)
 org.testng.internal.invokers.MethodInvocationHelper.invokeMethod(MethodInvocationHelper.java:141)
 org.testng.internal.invokers.TestInvoker.invokeMethod(TestInvoker.java:686)
 org.testng.internal.invokers.TestInvoker.invokeTestMethod(TestInvoker.java:230)
 org.testng.internal.invokers.MethodRunner.runInSequence(MethodRunner.java:63)
 org.testng.internal.invokers.TestInvoker$MethodInvocationAgent.invoke(TestInvoker.java:992)
 org.testng.internal.invokers.TestInvoker.invokeTestMethods(TestInvoker.java:203)
 org.testng.internal.invokers.TestMethodWorker.invokeTestMethods(TestMethodWorker.java:154)
 org.testng.internal.invokers.TestMethodWorker.run(TestMethodWorker.java:134)
 java.base/java.util.ArrayList.forEach(ArrayList.java:1597)
 org.testng.TestRunner.privateRun(TestRunner.java:739)
 org.testng.TestRunner.run(TestRunner.java:614)
 org.testng.SuiteRunner.runTest(SuiteRunner.java:421)
 org.testng.SuiteRunner.runSequentially(SuiteRunner.java:413)
 org.testng.SuiteRunner.privateRun(SuiteRunner.java:373)
 org.testng.SuiteRunner.run(SuiteRunner.java:312)
 org.testng.SuiteRunnerWorker.runSuite(SuiteRunnerWorker.java:52)
 org.testng.SuiteRunnerWorker.run(SuiteRunnerWorker.java:95)
 org.testng.TestNG.runSuitesSequentially(TestNG.java:1274)
 org.testng.TestNG.runSuitesLocally(TestNG.java:1208)
 org.testng.TestNG.runSuites(TestNG.java:1112)
 org.testng.TestNG.run(TestNG.java:1079)
 com.intellij.rt.testng.IDEARemoteTestNG.run(IDEARemoteTestNG.java:65)
 com.intellij.rt.testng.RemoteTestNGStarter.main(RemoteTestNGStarter.java:105)
[INFO ] 2024-05-17 15:31:53.853 [main] ReportManager -   [32mAnd [0m[32mI validate that product two is successfully added to cart[0m                    [90m# org.example.StepDefinitions.BuyProduct.ValidateAddToCart2()[0m
[INFO ] 2024-05-17 15:31:53.854 [main] ReportManager - Scenario Step: And I click on Cart button in header
[INFO ] 2024-05-17 15:31:54.016 [main] ReportManager - Moved the mouse to the middle of the element.
[INFO ] 2024-05-17 15:31:54.511 [main] ReportManager - Click "Cart".
[INFO ] 2024-05-17 15:31:54.512 [main] ReportManager -   [32mAnd [0m[32mI click on Cart button in header[0m                                             [90m# org.example.StepDefinitions.BuyProduct.CartButton()[0m
[INFO ] 2024-05-17 15:31:54.517 [main] ReportManager - Scenario Step: Then I validate that both products are successfully added in products page
[INFO ] 2024-05-17 15:31:55.201 [main] ReportManager - Expected "true", and actual "true"
[INFO ] 2024-05-17 15:31:56.510 [main] ReportManager - Successfully created attachment 'Screenshot - Assert_15-31-56-506_17052024'
[INFO ] 2024-05-17 15:31:56.510 [main] ReportManager - Assertion passed
[INFO ] 2024-05-17 15:31:56.555 [main] ReportManager - Expected "true", and actual "true"
[INFO ] 2024-05-17 15:31:56.986 [main] ReportManager - Successfully created attachment 'Screenshot - Assert_15-31-56-983_17052024'
[INFO ] 2024-05-17 15:31:56.987 [main] ReportManager - Assertion passed
[INFO ] 2024-05-17 15:31:57.038 [main] ReportManager - Expected "true", and actual "true"
[INFO ] 2024-05-17 15:31:57.455 [main] ReportManager - Successfully created attachment 'Screenshot - Assert_15-31-57-453_17052024'
[INFO ] 2024-05-17 15:31:57.456 [main] ReportManager - Assertion passed
[INFO ] 2024-05-17 15:31:57.502 [main] ReportManager - Expected "true", and actual "true"
[INFO ] 2024-05-17 15:31:57.889 [main] ReportManager - Successfully created attachment 'Screenshot - Assert_15-31-57-887_17052024'
[INFO ] 2024-05-17 15:31:57.889 [main] ReportManager - Assertion passed
[INFO ] 2024-05-17 15:31:57.890 [main] ReportManager -   [32mThen [0m[32mI validate that both products are successfully added in products page[0m       [90m# org.example.StepDefinitions.BuyProduct.ValidateProducts()[0m
[INFO ] 2024-05-17 15:31:57.890 [main] ReportManager - Scenario Step: And I validate that the total amount is calculated correctly
[INFO ] 2024-05-17 15:31:57.925 [main] ReportManager - Get text "790" from "790".
[INFO ] 2024-05-17 15:31:57.968 [main] ReportManager - Get text "790" from "790".
[INFO ] 2024-05-17 15:31:58.041 [main] ReportManager - Expected "1580", and actual "1580"
[INFO ] 2024-05-17 15:31:58.432 [main] ReportManager - Successfully created attachment 'Screenshot - Assert_15-31-58-430_17052024'
[INFO ] 2024-05-17 15:31:58.433 [main] ReportManager - Assertion passed
[INFO ] 2024-05-17 15:31:58.433 [main] ReportManager -   [32mAnd [0m[32mI validate that the total amount is calculated correctly[0m                     [90m# org.example.StepDefinitions.BuyProduct.ValidateTotalPrice()[0m
[INFO ] 2024-05-17 15:31:58.434 [main] ReportManager - Scenario Step: And I click on Place order button
[INFO ] 2024-05-17 15:31:58.576 [main] ReportManager - Moved the mouse to the middle of the element.
[INFO ] 2024-05-17 15:31:58.604 [main] ReportManager - Click "Place Order".
[INFO ] 2024-05-17 15:31:58.604 [main] ReportManager -   [32mAnd [0m[32mI click on Place order button[0m                                                [90m# org.example.StepDefinitions.BuyProduct.PlaceOrder()[0m
[INFO ] 2024-05-17 15:31:58.606 [main] ReportManager - Scenario Step: And I validate that the total amount is calculated correctly in place order page
[INFO ] 2024-05-17 15:31:58.728 [main] ReportManager - Expected "1580", and actual "Total: 1580"
[INFO ] 2024-05-17 15:31:59.179 [main] ReportManager - Successfully created attachment 'Screenshot - Assert_15-31-59-174_17052024'
[INFO ] 2024-05-17 15:31:59.180 [main] ReportManager - Assertion passed
[INFO ] 2024-05-17 15:31:59.181 [main] ReportManager -   [32mAnd [0m[32mI validate that the total amount is calculated correctly in place order page[0m [90m# org.example.StepDefinitions.BuyProduct.PlaceOrderTotal()[0m
[INFO ] 2024-05-17 15:31:59.183 [main] ReportManager - Scenario Step: And I fill in  place order form
[DEBUG] 2024-05-17 15:31:59.288 [main] ReportManager - Text cleared Using Native Clear
[INFO ] 2024-05-17 15:31:59.324 [main] ReportManager - Type "Mohamed" into "Total: 1580 Name:".
[DEBUG] 2024-05-17 15:31:59.480 [main] ReportManager - Text cleared Using Native Clear
[INFO ] 2024-05-17 15:31:59.519 [main] ReportManager - Type "Egypt" into "Country:".
[DEBUG] 2024-05-17 15:31:59.633 [main] ReportManager - Text cleared Using Native Clear
[INFO ] 2024-05-17 15:31:59.671 [main] ReportManager - Type "Cairo" into "City:".
[DEBUG] 2024-05-17 15:31:59.768 [main] ReportManager - Text cleared Using Native Clear
[INFO ] 2024-05-17 15:31:59.810 [main] ReportManager - Type "4263090408056914" into "Credit card:".
[DEBUG] 2024-05-17 15:31:59.901 [main] ReportManager - Text cleared Using Native Clear
[INFO ] 2024-05-17 15:31:59.936 [main] ReportManager - Type "5" into "Month:".
[DEBUG] 2024-05-17 15:32:00.034 [main] ReportManager - Text cleared Using Native Clear
[INFO ] 2024-05-17 15:32:00.075 [main] ReportManager - Type "2024" into "Year:".
[INFO ] 2024-05-17 15:32:00.075 [main] ReportManager -   [32mAnd [0m[32mI fill in  place order form[0m                                                  [90m# org.example.StepDefinitions.BuyProduct.FillForm()[0m
[INFO ] 2024-05-17 15:32:00.076 [main] ReportManager - Scenario Step: And I click on Purchase button in place order Form
[INFO ] 2024-05-17 15:32:00.255 [main] ReportManager - Moved the mouse to the middle of the element.
[INFO ] 2024-05-17 15:32:00.345 [main] ReportManager - Click "Purchase".
[INFO ] 2024-05-17 15:32:00.346 [main] ReportManager -   [32mAnd [0m[32mI click on Purchase button in place order Form[0m                               [90m# org.example.StepDefinitions.BuyProduct.PlaceOrderButton()[0m
[INFO ] 2024-05-17 15:32:00.347 [main] ReportManager - Scenario Step: Then I validate that 'Thank you for your purchase!' is displayed
[INFO ] 2024-05-17 15:32:00.451 [main] ReportManager - Expected "Thank you for your purchase!", and actual "Thank you for your purchase!"
[INFO ] 2024-05-17 15:32:00.804 [main] ReportManager - Successfully created attachment 'Screenshot - Assert_15-32-00-803_17052024'
[INFO ] 2024-05-17 15:32:00.804 [main] ReportManager - Assertion passed
[INFO ] 2024-05-17 15:32:00.974 [main] ReportManager - Moved the mouse to the middle of the element.
[INFO ] 2024-05-17 15:32:01.717 [main] ReportManager - Click "OK".
[INFO ] 2024-05-17 15:32:01.717 [main] ReportManager -   [32mThen [0m[32mI validate that [0m[32m[1m'Thank you for your purchase!'[0m[32m is displayed[0m                 [90m# org.example.StepDefinitions.BuyProduct.validateTextDisplayed(java.lang.String)[0m
[INFO ] 2024-05-17 15:32:01.718 [main] ReportManager - Scenario Hook: AFTER
[INFO ] 2024-05-17 15:32:01.982 [main] ReportManager - Successfully Closed Driver.
[ERROR] 2024-05-17 15:32:01.990 [main] AllureLifecycle - Could not add attachment: no test is running
[INFO ] 2024-05-17 15:32:01.991 [main] ReportManager - Successfully created attachment 'SHAFT Engine Logs - Current Method log: runScenario'
[INFO ] 2024-05-17 15:32:02.009 [main] ReportManager - @Smoke
[INFO ] 2024-05-17 15:32:02.010 [main] ReportManager - Scenario: Verify That an Alert message Please fill out Name and Creditcard should appear [90m# src/main/resources/Features/BuyProduct.feature:27[0m
[ERROR] 2024-05-17 15:32:02.013 [main] AllureLifecycle - Could not update test case: no test case running
[ERROR] 2024-05-17 15:32:02.014 [main] AllureLifecycle - Could not update test case: no test case running
[ERROR] 2024-05-17 15:32:02.014 [main] AllureLifecycle - Could not update test case: no test case running
[INFO ] 2024-05-17 15:32:02.014 [main] ReportManager - 
[0;7m------------------------------------------------------------------------------------------------------------------------------------------------
                                  Starting Execution: "5 out of 5" scenarios in the "Purchase Products" feature                                  
                         Scenario Name: "Verify That an Alert message Please fill out Name and Creditcard should appear"                         
                                                                 Scenario Steps:                                                                 
                                                     Given I click on Login button in Header                                                     
                                              When I fill in username  and password  in Login Form                                              
                                               And I validate that account is opened Successfully                                               
                                                And I click on Laptops in categories on home page                                                
                                                            And I choose product one                                                            
                                                And I click on Add to cart button for product one                                                
                                          And I validate that product one is successfully added to cart                                          
                                                      And I click on Cart button in header                                                      
                                                        And I click on Place order button                                                        
                                         And I fill in  place order without UserName and CreditCard form                                         
                                               And I click on Purchase button in place order Form                                               
                                 Then I validate that 'Please fill out Name and Creditcard.' Alert is displayed                                 
------------------------------------------------------------------------------------------------------------------------------------------------
[0m
[INFO ] 2024-05-17 15:32:02.017 [main] ReportManager - Scenario Hook: BEFORE
[INFO ] 2024-05-17 15:32:02.019 [main] ReportManager - Loaded Test Data: "src/test/resources/DynamicData.json".
[INFO ] 2024-05-17 15:32:02.019 [main] ReportManager - Successfully created attachment 'Test Data - JSON'
[INFO ] 2024-05-17 15:32:02.023 [main] ReportManager - Setting "targetOperatingSystem" property with "windows".
[INFO ] 2024-05-17 15:32:02.025 [main] ReportManager - Capabilities {acceptInsecureCerts: true, browserName: chrome, goog:chromeOptions: {args: [--start-maximized], extensions: [], prefs: {download.default_directory: D:\JDK\project\Web-Automati..., download.prompt_for_download: false, profile.default_content_settings.popups: 0}}, pageLoadStrategy: normal, timeouts: {pageLoad: 60000, script: 60000}, unhandledPromptBehavior: ignore, webSocketUrl: true}
[INFO ] 2024-05-17 15:32:02.026 [main] ReportManager - Attempting to run locally on: "Windows | Chrome".
[INFO ] 2024-05-17 15:32:02.026 [main] ReportManager - Identifying OS/Driver combination. Please note that if a new browser/driver executable will be downloaded it may take some time depending on your connection...
[WARN ] 2024-05-17 15:32:03.551 [main] ReportManager - May 17, 2024 3:32:03 PM org.openqa.selenium.devtools.CdpVersionFinder findNearestMatch
[WARN ] 2024-05-17 15:32:03.552 [main] ReportManager - WARNING: Unable to find an exact match for CDP version 124, returning the closest version; found: 123; Please update to a Selenium version that supports CDP version 124
[INFO ] 2024-05-17 15:32:03.552 [main] ReportManager - Successfully Opened: "Windows | Chrome".
[INFO ] 2024-05-17 15:32:03.554 [main] ReportManager - Target URL: "https://www.demoblaze.com/index.html"
[INFO ] 2024-05-17 15:32:03.589 [main] ReportManager - Initial URL: "about:blank"
[INFO ] 2024-05-17 15:32:04.500 [main] ReportManager - Navigate to url "https://www.demoblaze.com/index.html".
[INFO ] 2024-05-17 15:32:04.523 [main] ReportManager - Expected "STORE", and actual "STORE"
[INFO ] 2024-05-17 15:32:05.095 [main] ReportManager - Successfully created attachment 'Screenshot - Verify_15-32-05-090_17052024'
[INFO ] 2024-05-17 15:32:05.096 [main] ReportManager - Verification passed
[INFO ] 2024-05-17 15:32:05.097 [main] ReportManager - Scenario Step: Given I click on Login button in Header
[INFO ] 2024-05-17 15:32:05.594 [main] ReportManager - Moved the mouse to the middle of the element.
[INFO ] 2024-05-17 15:32:05.695 [main] ReportManager - Click "Log in".
[INFO ] 2024-05-17 15:32:05.695 [main] ReportManager -   [32mGiven [0m[32mI click on Login button in Header[0m                                                [90m# org.example.StepDefinitions.BuyProduct.clickLoginButton()[0m
[INFO ] 2024-05-17 15:32:05.696 [main] ReportManager - Scenario Step: When I fill in username  and password  in Login Form
[DEBUG] 2024-05-17 15:32:06.021 [main] ReportManager - Text cleared Using Native Clear
[INFO ] 2024-05-17 15:32:06.072 [main] ReportManager - Type "Boyd Hermann" into "By.id: loginusername".
[DEBUG] 2024-05-17 15:32:06.159 [main] ReportManager - Text cleared Using Native Clear
[INFO ] 2024-05-17 15:32:06.199 [main] ReportManager - Type "i2xkrz79hidr5ce" into "By.id: loginpassword".
[INFO ] 2024-05-17 15:32:06.373 [main] ReportManager - Moved the mouse to the middle of the element.
[INFO ] 2024-05-17 15:32:06.403 [main] ReportManager - Click "Log in".
[INFO ] 2024-05-17 15:32:06.403 [main] ReportManager -   [32mWhen [0m[32mI fill in username  and password  in Login Form[0m                                   [90m# org.example.StepDefinitions.BuyProduct.fillLoginForm()[0m
[INFO ] 2024-05-17 15:32:06.403 [main] ReportManager - Scenario Step: And I validate that account is opened Successfully
[INFO ] 2024-05-17 15:32:06.449 [main] ReportManager - Expected "true", and actual "true"
[INFO ] 2024-05-17 15:32:07.330 [main] ReportManager - Successfully created attachment 'Screenshot - Assert_15-32-07-327_17052024'
[INFO ] 2024-05-17 15:32:07.330 [main] ReportManager - Assertion passed
[INFO ] 2024-05-17 15:32:07.330 [main] ReportManager -   [32mAnd [0m[32mI validate that account is opened Successfully[0m                                     [90m# org.example.StepDefinitions.BuyProduct.ValidateLogIn()[0m
[INFO ] 2024-05-17 15:32:07.330 [main] ReportManager - Scenario Step: And I click on Laptops in categories on home page
[INFO ] 2024-05-17 15:32:07.486 [main] ReportManager - Moved the mouse to the middle of the element.
[INFO ] 2024-05-17 15:32:07.549 [main] ReportManager - Click "Laptops".
[INFO ] 2024-05-17 15:32:07.550 [main] ReportManager -   [32mAnd [0m[32mI click on Laptops in categories on home page[0m                                      [90m# org.example.StepDefinitions.BuyProduct.ClickOnLapTop()[0m
[INFO ] 2024-05-17 15:32:07.551 [main] ReportManager - Scenario Step: And I choose product one
[INFO ] 2024-05-17 15:32:07.720 [main] ReportManager - Moved the mouse to the middle of the element.
[INFO ] 2024-05-17 15:32:08.162 [main] ReportManager - Click "Sony vaio i5".
[INFO ] 2024-05-17 15:32:08.162 [main] ReportManager -   [32mAnd [0m[32mI choose product one[0m                                                               [90m# org.example.StepDefinitions.BuyProduct.ProductOne()[0m
[INFO ] 2024-05-17 15:32:08.163 [main] ReportManager - Scenario Step: And I click on Add to cart button for product one
[INFO ] 2024-05-17 15:32:08.692 [main] ReportManager - Moved the mouse to the middle of the element.
[INFO ] 2024-05-17 15:32:08.731 [main] ReportManager - Click "Add to cart".
[INFO ] 2024-05-17 15:32:08.732 [main] ReportManager -   [32mAnd [0m[32mI click on Add to cart button for product one[0m                                      [90m# org.example.StepDefinitions.BuyProduct.AddToCartOne()[0m
[INFO ] 2024-05-17 15:32:08.733 [main] ReportManager - Scenario Step: And I validate that product one is successfully added to cart
[INFO ] 2024-05-17 15:32:08.788 [main] ReportManager - Alert action failed.
[ERROR] 2024-05-17 15:32:08.789 [main] ReportManager - java.lang.reflect.InvocationTargetException: null
 java.base/jdk.internal.reflect.DirectMethodHandleAccessor.invoke(DirectMethodHandleAccessor.java:118)
 java.base/java.lang.reflect.Method.invoke(Method.java:580)
 org.openqa.selenium.support.decorators.WebDriverDecorator.call(WebDriverDecorator.java:249)
 org.openqa.selenium.support.decorators.DefaultDecorated.call(DefaultDecorated.java:48)
 org.openqa.selenium.support.decorators.WebDriverDecorator.lambda$createProxy$2(WebDriverDecorator.java:321)
 net.bytebuddy.renamed.java.lang.Object$ByteBuddy$Ft7bNuin.alert(Unknown Source)
 coreElements.Alerts.lambda$AcceptAlert$0(Alerts.java:28)
 org.openqa.selenium.support.ui.FluentWait.until(FluentWait.java:203)
 coreElements.Alerts.AcceptAlert(Alerts.java:26)
 org.example.StepDefinitions.BuyProduct.ValidateAddToCart(BuyProduct.java:50)
 java.base/jdk.internal.reflect.DirectMethodHandleAccessor.invoke(DirectMethodHandleAccessor.java:103)
 java.base/java.lang.reflect.Method.invoke(Method.java:580)
 io.cucumber.java.Invoker.doInvoke(Invoker.java:66)
 io.cucumber.java.Invoker.invoke(Invoker.java:24)
 io.cucumber.java.AbstractGlueDefinition.invokeMethod(AbstractGlueDefinition.java:47)
 io.cucumber.java.JavaStepDefinition.execute(JavaStepDefinition.java:29)
 io.cucumber.core.runner.CoreStepDefinition.execute(CoreStepDefinition.java:66)
 io.cucumber.core.runner.PickleStepDefinitionMatch.runStep(PickleStepDefinitionMatch.java:63)
 io.cucumber.core.runner.ExecutionMode$1.execute(ExecutionMode.java:10)
 io.cucumber.core.runner.TestStep.executeStep(TestStep.java:81)
 io.cucumber.core.runner.TestStep.run(TestStep.java:53)
 io.cucumber.core.runner.PickleStepTestStep.run(PickleStepTestStep.java:51)
 io.cucumber.core.runner.TestCase.run(TestCase.java:84)
 io.cucumber.core.runner.Runner.runPickle(Runner.java:75)
 io.cucumber.testng.TestNGCucumberRunner.lambda$runScenario$1(TestNGCucumberRunner.java:132)
 io.cucumber.core.runtime.CucumberExecutionContext.lambda$runTestCase$5(CucumberExecutionContext.java:136)
 io.cucumber.core.runtime.RethrowingThrowableCollector.executeAndThrow(RethrowingThrowableCollector.java:23)
 io.cucumber.core.runtime.CucumberExecutionContext.runTestCase(CucumberExecutionContext.java:136)
 io.cucumber.testng.TestNGCucumberRunner.runScenario(TestNGCucumberRunner.java:129)
 io.cucumber.testng.AbstractTestNGCucumberTests.runScenario(AbstractTestNGCucumberTests.java:35)
 java.base/jdk.internal.reflect.DirectMethodHandleAccessor.invoke(DirectMethodHandleAccessor.java:103)
 java.base/java.lang.reflect.Method.invoke(Method.java:580)
 org.testng.internal.invokers.MethodInvocationHelper.invokeMethod(MethodInvocationHelper.java:141)
 org.testng.internal.invokers.TestInvoker.invokeMethod(TestInvoker.java:686)
 org.testng.internal.invokers.TestInvoker.invokeTestMethod(TestInvoker.java:230)
 org.testng.internal.invokers.MethodRunner.runInSequence(MethodRunner.java:63)
 org.testng.internal.invokers.TestInvoker$MethodInvocationAgent.invoke(TestInvoker.java:992)
 org.testng.internal.invokers.TestInvoker.invokeTestMethods(TestInvoker.java:203)
 org.testng.internal.invokers.TestMethodWorker.invokeTestMethods(TestMethodWorker.java:154)
 org.testng.internal.invokers.TestMethodWorker.run(TestMethodWorker.java:134)
 java.base/java.util.ArrayList.forEach(ArrayList.java:1597)
 org.testng.TestRunner.privateRun(TestRunner.java:739)
 org.testng.TestRunner.run(TestRunner.java:614)
 org.testng.SuiteRunner.runTest(SuiteRunner.java:421)
 org.testng.SuiteRunner.runSequentially(SuiteRunner.java:413)
 org.testng.SuiteRunner.privateRun(SuiteRunner.java:373)
 org.testng.SuiteRunner.run(SuiteRunner.java:312)
 org.testng.SuiteRunnerWorker.runSuite(SuiteRunnerWorker.java:52)
 org.testng.SuiteRunnerWorker.run(SuiteRunnerWorker.java:95)
 org.testng.TestNG.runSuitesSequentially(TestNG.java:1274)
 org.testng.TestNG.runSuitesLocally(TestNG.java:1208)
 org.testng.TestNG.runSuites(TestNG.java:1112)
 org.testng.TestNG.run(TestNG.java:1079)
 com.intellij.rt.testng.IDEARemoteTestNG.run(IDEARemoteTestNG.java:65)
 com.intellij.rt.testng.RemoteTestNGStarter.main(RemoteTestNGStarter.java:105)

Caused by: org.openqa.selenium.NoAlertPresentException: no such alert
  (Session info: chrome=124.0.6367.209)
Build info: version: '4.19.1', revision: 'abe0ee07dc'
System info: os.name: 'Windows 10', os.arch: 'amd64', os.version: '10.0', java.version: '22.0.1'
Driver info: org.openqa.selenium.chrome.ChromeDriver
Command: [b7a4abf5a733ea804ca62090caaa349c, getAlertText {}]
Capabilities {acceptInsecureCerts: true, browserName: chrome, browserVersion: 124.0.6367.209, chrome: {chromedriverVersion: 124.0.6367.207 (a9001a6e39f..., userDataDir: C:\Users\MED5B~1.TAH\AppDat...}, fedcm:accounts: true, goog:chromeOptions: {debuggerAddress: localhost:49419}, networkConnectionEnabled: false, pageLoadStrategy: normal, platformName: windows, proxy: Proxy(), se:cdp: ws://localhost:49419/devtoo..., se:cdpVersion: 124.0.6367.209, setWindowRect: true, strictFileInteractability: false, timeouts: {implicit: 0, pageLoad: 60000, script: 60000}, unhandledPromptBehavior: ignore, webSocketUrl: ws://localhost:17689/sessio..., webauthn:extension:credBlob: true, webauthn:extension:largeBlob: true, webauthn:extension:minPinLength: true, webauthn:extension:prf: true, webauthn:virtualAuthenticators: true}
Session ID: b7a4abf5a733ea804ca62090caaa349c
 java.base/jdk.internal.reflect.DirectConstructorHandleAccessor.newInstance(DirectConstructorHandleAccessor.java:62)
 java.base/java.lang.reflect.Constructor.newInstanceWithCaller(Constructor.java:502)
 java.base/java.lang.reflect.Constructor.newInstance(Constructor.java:486)
 org.openqa.selenium.remote.ErrorCodec.decode(ErrorCodec.java:167)
 org.openqa.selenium.remote.codec.w3c.W3CHttpResponseCodec.decode(W3CHttpResponseCodec.java:138)
 org.openqa.selenium.remote.codec.w3c.W3CHttpResponseCodec.decode(W3CHttpResponseCodec.java:50)
 org.openqa.selenium.remote.HttpCommandExecutor.execute(HttpCommandExecutor.java:190)
 org.openqa.selenium.remote.service.DriverCommandExecutor.invokeExecute(DriverCommandExecutor.java:216)
 org.openqa.selenium.remote.service.DriverCommandExecutor.execute(DriverCommandExecutor.java:174)
 org.openqa.selenium.remote.RemoteWebDriver.execute(RemoteWebDriver.java:518)
 org.openqa.selenium.remote.RemoteWebDriver.execute(RemoteWebDriver.java:591)
 org.openqa.selenium.remote.RemoteWebDriver.execute(RemoteWebDriver.java:595)
 org.openqa.selenium.remote.RemoteWebDriver$RemoteTargetLocator.alert(RemoteWebDriver.java:1163)
 java.base/jdk.internal.reflect.DirectMethodHandleAccessor.invoke(DirectMethodHandleAccessor.java:103)
 java.base/java.lang.reflect.Method.invoke(Method.java:580)
 org.openqa.selenium.support.decorators.WebDriverDecorator.call(WebDriverDecorator.java:249)
 org.openqa.selenium.support.decorators.DefaultDecorated.call(DefaultDecorated.java:48)
 org.openqa.selenium.support.decorators.WebDriverDecorator.lambda$createProxy$2(WebDriverDecorator.java:321)
 net.bytebuddy.renamed.java.lang.Object$ByteBuddy$Ft7bNuin.alert(Unknown Source)
 coreElements.Alerts.lambda$AcceptAlert$0(Alerts.java:28)
 org.openqa.selenium.support.ui.FluentWait.until(FluentWait.java:203)
 coreElements.Alerts.AcceptAlert(Alerts.java:26)
 org.example.StepDefinitions.BuyProduct.ValidateAddToCart(BuyProduct.java:50)
 java.base/jdk.internal.reflect.DirectMethodHandleAccessor.invoke(DirectMethodHandleAccessor.java:103)
 java.base/java.lang.reflect.Method.invoke(Method.java:580)
 io.cucumber.java.Invoker.doInvoke(Invoker.java:66)
 io.cucumber.java.Invoker.invoke(Invoker.java:24)
 io.cucumber.java.AbstractGlueDefinition.invokeMethod(AbstractGlueDefinition.java:47)
 io.cucumber.java.JavaStepDefinition.execute(JavaStepDefinition.java:29)
 io.cucumber.core.runner.CoreStepDefinition.execute(CoreStepDefinition.java:66)
 io.cucumber.core.runner.PickleStepDefinitionMatch.runStep(PickleStepDefinitionMatch.java:63)
 io.cucumber.core.runner.ExecutionMode$1.execute(ExecutionMode.java:10)
 io.cucumber.core.runner.TestStep.executeStep(TestStep.java:81)
 io.cucumber.core.runner.TestStep.run(TestStep.java:53)
 io.cucumber.core.runner.PickleStepTestStep.run(PickleStepTestStep.java:51)
 io.cucumber.core.runner.TestCase.run(TestCase.java:84)
 io.cucumber.core.runner.Runner.runPickle(Runner.java:75)
 io.cucumber.testng.TestNGCucumberRunner.lambda$runScenario$1(TestNGCucumberRunner.java:132)
 io.cucumber.core.runtime.CucumberExecutionContext.lambda$runTestCase$5(CucumberExecutionContext.java:136)
 io.cucumber.core.runtime.RethrowingThrowableCollector.executeAndThrow(RethrowingThrowableCollector.java:23)
 io.cucumber.core.runtime.CucumberExecutionContext.runTestCase(CucumberExecutionContext.java:136)
 io.cucumber.testng.TestNGCucumberRunner.runScenario(TestNGCucumberRunner.java:129)
 io.cucumber.testng.AbstractTestNGCucumberTests.runScenario(AbstractTestNGCucumberTests.java:35)
 java.base/jdk.internal.reflect.DirectMethodHandleAccessor.invoke(DirectMethodHandleAccessor.java:103)
 java.base/java.lang.reflect.Method.invoke(Method.java:580)
 org.testng.internal.invokers.MethodInvocationHelper.invokeMethod(MethodInvocationHelper.java:141)
 org.testng.internal.invokers.TestInvoker.invokeMethod(TestInvoker.java:686)
 org.testng.internal.invokers.TestInvoker.invokeTestMethod(TestInvoker.java:230)
 org.testng.internal.invokers.MethodRunner.runInSequence(MethodRunner.java:63)
 org.testng.internal.invokers.TestInvoker$MethodInvocationAgent.invoke(TestInvoker.java:992)
 org.testng.internal.invokers.TestInvoker.invokeTestMethods(TestInvoker.java:203)
 org.testng.internal.invokers.TestMethodWorker.invokeTestMethods(TestMethodWorker.java:154)
 org.testng.internal.invokers.TestMethodWorker.run(TestMethodWorker.java:134)
 java.base/java.util.ArrayList.forEach(ArrayList.java:1597)
 org.testng.TestRunner.privateRun(TestRunner.java:739)
 org.testng.TestRunner.run(TestRunner.java:614)
 org.testng.SuiteRunner.runTest(SuiteRunner.java:421)
 org.testng.SuiteRunner.runSequentially(SuiteRunner.java:413)
 org.testng.SuiteRunner.privateRun(SuiteRunner.java:373)
 org.testng.SuiteRunner.run(SuiteRunner.java:312)
 org.testng.SuiteRunnerWorker.runSuite(SuiteRunnerWorker.java:52)
 org.testng.SuiteRunnerWorker.run(SuiteRunnerWorker.java:95)
 org.testng.TestNG.runSuitesSequentially(TestNG.java:1274)
 org.testng.TestNG.runSuitesLocally(TestNG.java:1208)
 org.testng.TestNG.runSuites(TestNG.java:1112)
 org.testng.TestNG.run(TestNG.java:1079)
 com.intellij.rt.testng.IDEARemoteTestNG.run(IDEARemoteTestNG.java:65)
 com.intellij.rt.testng.RemoteTestNGStarter.main(RemoteTestNGStarter.java:105)
[INFO ] 2024-05-17 15:32:09.119 [main] ReportManager - Alert action failed.
[ERROR] 2024-05-17 15:32:09.120 [main] ReportManager - java.lang.reflect.InvocationTargetException: null
 java.base/jdk.internal.reflect.DirectMethodHandleAccessor.invoke(DirectMethodHandleAccessor.java:118)
 java.base/java.lang.reflect.Method.invoke(Method.java:580)
 org.openqa.selenium.support.decorators.WebDriverDecorator.call(WebDriverDecorator.java:249)
 org.openqa.selenium.support.decorators.DefaultDecorated.call(DefaultDecorated.java:48)
 org.openqa.selenium.support.decorators.WebDriverDecorator.lambda$createProxy$2(WebDriverDecorator.java:321)
 net.bytebuddy.renamed.java.lang.Object$ByteBuddy$3u33RgVz.alert(Unknown Source)
 coreElements.Alerts.lambda$AcceptAlert$0(Alerts.java:28)
 org.openqa.selenium.support.ui.FluentWait.until(FluentWait.java:203)
 coreElements.Alerts.AcceptAlert(Alerts.java:26)
 org.example.StepDefinitions.BuyProduct.ValidateAddToCart(BuyProduct.java:50)
 java.base/jdk.internal.reflect.DirectMethodHandleAccessor.invoke(DirectMethodHandleAccessor.java:103)
 java.base/java.lang.reflect.Method.invoke(Method.java:580)
 io.cucumber.java.Invoker.doInvoke(Invoker.java:66)
 io.cucumber.java.Invoker.invoke(Invoker.java:24)
 io.cucumber.java.AbstractGlueDefinition.invokeMethod(AbstractGlueDefinition.java:47)
 io.cucumber.java.JavaStepDefinition.execute(JavaStepDefinition.java:29)
 io.cucumber.core.runner.CoreStepDefinition.execute(CoreStepDefinition.java:66)
 io.cucumber.core.runner.PickleStepDefinitionMatch.runStep(PickleStepDefinitionMatch.java:63)
 io.cucumber.core.runner.ExecutionMode$1.execute(ExecutionMode.java:10)
 io.cucumber.core.runner.TestStep.executeStep(TestStep.java:81)
 io.cucumber.core.runner.TestStep.run(TestStep.java:53)
 io.cucumber.core.runner.PickleStepTestStep.run(PickleStepTestStep.java:51)
 io.cucumber.core.runner.TestCase.run(TestCase.java:84)
 io.cucumber.core.runner.Runner.runPickle(Runner.java:75)
 io.cucumber.testng.TestNGCucumberRunner.lambda$runScenario$1(TestNGCucumberRunner.java:132)
 io.cucumber.core.runtime.CucumberExecutionContext.lambda$runTestCase$5(CucumberExecutionContext.java:136)
 io.cucumber.core.runtime.RethrowingThrowableCollector.executeAndThrow(RethrowingThrowableCollector.java:23)
 io.cucumber.core.runtime.CucumberExecutionContext.runTestCase(CucumberExecutionContext.java:136)
 io.cucumber.testng.TestNGCucumberRunner.runScenario(TestNGCucumberRunner.java:129)
 io.cucumber.testng.AbstractTestNGCucumberTests.runScenario(AbstractTestNGCucumberTests.java:35)
 java.base/jdk.internal.reflect.DirectMethodHandleAccessor.invoke(DirectMethodHandleAccessor.java:103)
 java.base/java.lang.reflect.Method.invoke(Method.java:580)
 org.testng.internal.invokers.MethodInvocationHelper.invokeMethod(MethodInvocationHelper.java:141)
 org.testng.internal.invokers.TestInvoker.invokeMethod(TestInvoker.java:686)
 org.testng.internal.invokers.TestInvoker.invokeTestMethod(TestInvoker.java:230)
 org.testng.internal.invokers.MethodRunner.runInSequence(MethodRunner.java:63)
 org.testng.internal.invokers.TestInvoker$MethodInvocationAgent.invoke(TestInvoker.java:992)
 org.testng.internal.invokers.TestInvoker.invokeTestMethods(TestInvoker.java:203)
 org.testng.internal.invokers.TestMethodWorker.invokeTestMethods(TestMethodWorker.java:154)
 org.testng.internal.invokers.TestMethodWorker.run(TestMethodWorker.java:134)
 java.base/java.util.ArrayList.forEach(ArrayList.java:1597)
 org.testng.TestRunner.privateRun(TestRunner.java:739)
 org.testng.TestRunner.run(TestRunner.java:614)
 org.testng.SuiteRunner.runTest(SuiteRunner.java:421)
 org.testng.SuiteRunner.runSequentially(SuiteRunner.java:413)
 org.testng.SuiteRunner.privateRun(SuiteRunner.java:373)
 org.testng.SuiteRunner.run(SuiteRunner.java:312)
 org.testng.SuiteRunnerWorker.runSuite(SuiteRunnerWorker.java:52)
 org.testng.SuiteRunnerWorker.run(SuiteRunnerWorker.java:95)
 org.testng.TestNG.runSuitesSequentially(TestNG.java:1274)
 org.testng.TestNG.runSuitesLocally(TestNG.java:1208)
 org.testng.TestNG.runSuites(TestNG.java:1112)
 org.testng.TestNG.run(TestNG.java:1079)
 com.intellij.rt.testng.IDEARemoteTestNG.run(IDEARemoteTestNG.java:65)
 com.intellij.rt.testng.RemoteTestNGStarter.main(RemoteTestNGStarter.java:105)

Caused by: org.openqa.selenium.NoAlertPresentException: no such alert
  (Session info: chrome=124.0.6367.209)
Build info: version: '4.19.1', revision: 'abe0ee07dc'
System info: os.name: 'Windows 10', os.arch: 'amd64', os.version: '10.0', java.version: '22.0.1'
Driver info: org.openqa.selenium.chrome.ChromeDriver
Command: [b7a4abf5a733ea804ca62090caaa349c, getAlertText {}]
Capabilities {acceptInsecureCerts: true, browserName: chrome, browserVersion: 124.0.6367.209, chrome: {chromedriverVersion: 124.0.6367.207 (a9001a6e39f..., userDataDir: C:\Users\MED5B~1.TAH\AppDat...}, fedcm:accounts: true, goog:chromeOptions: {debuggerAddress: localhost:49419}, networkConnectionEnabled: false, pageLoadStrategy: normal, platformName: windows, proxy: Proxy(), se:cdp: ws://localhost:49419/devtoo..., se:cdpVersion: 124.0.6367.209, setWindowRect: true, strictFileInteractability: false, timeouts: {implicit: 0, pageLoad: 60000, script: 60000}, unhandledPromptBehavior: ignore, webSocketUrl: ws://localhost:17689/sessio..., webauthn:extension:credBlob: true, webauthn:extension:largeBlob: true, webauthn:extension:minPinLength: true, webauthn:extension:prf: true, webauthn:virtualAuthenticators: true}
Session ID: b7a4abf5a733ea804ca62090caaa349c
 java.base/jdk.internal.reflect.DirectConstructorHandleAccessor.newInstance(DirectConstructorHandleAccessor.java:62)
 java.base/java.lang.reflect.Constructor.newInstanceWithCaller(Constructor.java:502)
 java.base/java.lang.reflect.Constructor.newInstance(Constructor.java:486)
 org.openqa.selenium.remote.ErrorCodec.decode(ErrorCodec.java:167)
 org.openqa.selenium.remote.codec.w3c.W3CHttpResponseCodec.decode(W3CHttpResponseCodec.java:138)
 org.openqa.selenium.remote.codec.w3c.W3CHttpResponseCodec.decode(W3CHttpResponseCodec.java:50)
 org.openqa.selenium.remote.HttpCommandExecutor.execute(HttpCommandExecutor.java:190)
 org.openqa.selenium.remote.service.DriverCommandExecutor.invokeExecute(DriverCommandExecutor.java:216)
 org.openqa.selenium.remote.service.DriverCommandExecutor.execute(DriverCommandExecutor.java:174)
 org.openqa.selenium.remote.RemoteWebDriver.execute(RemoteWebDriver.java:518)
 org.openqa.selenium.remote.RemoteWebDriver.execute(RemoteWebDriver.java:591)
 org.openqa.selenium.remote.RemoteWebDriver.execute(RemoteWebDriver.java:595)
 org.openqa.selenium.remote.RemoteWebDriver$RemoteTargetLocator.alert(RemoteWebDriver.java:1163)
 java.base/jdk.internal.reflect.DirectMethodHandleAccessor.invoke(DirectMethodHandleAccessor.java:103)
 java.base/java.lang.reflect.Method.invoke(Method.java:580)
 org.openqa.selenium.support.decorators.WebDriverDecorator.call(WebDriverDecorator.java:249)
 org.openqa.selenium.support.decorators.DefaultDecorated.call(DefaultDecorated.java:48)
 org.openqa.selenium.support.decorators.WebDriverDecorator.lambda$createProxy$2(WebDriverDecorator.java:321)
 net.bytebuddy.renamed.java.lang.Object$ByteBuddy$3u33RgVz.alert(Unknown Source)
 coreElements.Alerts.lambda$AcceptAlert$0(Alerts.java:28)
 org.openqa.selenium.support.ui.FluentWait.until(FluentWait.java:203)
 coreElements.Alerts.AcceptAlert(Alerts.java:26)
 org.example.StepDefinitions.BuyProduct.ValidateAddToCart(BuyProduct.java:50)
 java.base/jdk.internal.reflect.DirectMethodHandleAccessor.invoke(DirectMethodHandleAccessor.java:103)
 java.base/java.lang.reflect.Method.invoke(Method.java:580)
 io.cucumber.java.Invoker.doInvoke(Invoker.java:66)
 io.cucumber.java.Invoker.invoke(Invoker.java:24)
 io.cucumber.java.AbstractGlueDefinition.invokeMethod(AbstractGlueDefinition.java:47)
 io.cucumber.java.JavaStepDefinition.execute(JavaStepDefinition.java:29)
 io.cucumber.core.runner.CoreStepDefinition.execute(CoreStepDefinition.java:66)
 io.cucumber.core.runner.PickleStepDefinitionMatch.runStep(PickleStepDefinitionMatch.java:63)
 io.cucumber.core.runner.ExecutionMode$1.execute(ExecutionMode.java:10)
 io.cucumber.core.runner.TestStep.executeStep(TestStep.java:81)
 io.cucumber.core.runner.TestStep.run(TestStep.java:53)
 io.cucumber.core.runner.PickleStepTestStep.run(PickleStepTestStep.java:51)
 io.cucumber.core.runner.TestCase.run(TestCase.java:84)
 io.cucumber.core.runner.Runner.runPickle(Runner.java:75)
 io.cucumber.testng.TestNGCucumberRunner.lambda$runScenario$1(TestNGCucumberRunner.java:132)
 io.cucumber.core.runtime.CucumberExecutionContext.lambda$runTestCase$5(CucumberExecutionContext.java:136)
 io.cucumber.core.runtime.RethrowingThrowableCollector.executeAndThrow(RethrowingThrowableCollector.java:23)
 io.cucumber.core.runtime.CucumberExecutionContext.runTestCase(CucumberExecutionContext.java:136)
 io.cucumber.testng.TestNGCucumberRunner.runScenario(TestNGCucumberRunner.java:129)
 io.cucumber.testng.AbstractTestNGCucumberTests.runScenario(AbstractTestNGCucumberTests.java:35)
 java.base/jdk.internal.reflect.DirectMethodHandleAccessor.invoke(DirectMethodHandleAccessor.java:103)
 java.base/java.lang.reflect.Method.invoke(Method.java:580)
 org.testng.internal.invokers.MethodInvocationHelper.invokeMethod(MethodInvocationHelper.java:141)
 org.testng.internal.invokers.TestInvoker.invokeMethod(TestInvoker.java:686)
 org.testng.internal.invokers.TestInvoker.invokeTestMethod(TestInvoker.java:230)
 org.testng.internal.invokers.MethodRunner.runInSequence(MethodRunner.java:63)
 org.testng.internal.invokers.TestInvoker$MethodInvocationAgent.invoke(TestInvoker.java:992)
 org.testng.internal.invokers.TestInvoker.invokeTestMethods(TestInvoker.java:203)
 org.testng.internal.invokers.TestMethodWorker.invokeTestMethods(TestMethodWorker.java:154)
 org.testng.internal.invokers.TestMethodWorker.run(TestMethodWorker.java:134)
 java.base/java.util.ArrayList.forEach(ArrayList.java:1597)
 org.testng.TestRunner.privateRun(TestRunner.java:739)
 org.testng.TestRunner.run(TestRunner.java:614)
 org.testng.SuiteRunner.runTest(SuiteRunner.java:421)
 org.testng.SuiteRunner.runSequentially(SuiteRunner.java:413)
 org.testng.SuiteRunner.privateRun(SuiteRunner.java:373)
 org.testng.SuiteRunner.run(SuiteRunner.java:312)
 org.testng.SuiteRunnerWorker.runSuite(SuiteRunnerWorker.java:52)
 org.testng.SuiteRunnerWorker.run(SuiteRunnerWorker.java:95)
 org.testng.TestNG.runSuitesSequentially(TestNG.java:1274)
 org.testng.TestNG.runSuitesLocally(TestNG.java:1208)
 org.testng.TestNG.runSuites(TestNG.java:1112)
 org.testng.TestNG.run(TestNG.java:1079)
 com.intellij.rt.testng.IDEARemoteTestNG.run(IDEARemoteTestNG.java:65)
 com.intellij.rt.testng.RemoteTestNGStarter.main(RemoteTestNGStarter.java:105)
[INFO ] 2024-05-17 15:32:09.485 [main] ReportManager -   [32mAnd [0m[32mI validate that product one is successfully added to cart[0m                          [90m# org.example.StepDefinitions.BuyProduct.ValidateAddToCart()[0m
[INFO ] 2024-05-17 15:32:09.486 [main] ReportManager - Scenario Step: And I click on Cart button in header
[INFO ] 2024-05-17 15:32:09.659 [main] ReportManager - Moved the mouse to the middle of the element.
[INFO ] 2024-05-17 15:32:10.104 [main] ReportManager - Click "Cart".
[INFO ] 2024-05-17 15:32:10.106 [main] ReportManager -   [32mAnd [0m[32mI click on Cart button in header[0m                                                   [90m# org.example.StepDefinitions.BuyProduct.CartButton()[0m
[INFO ] 2024-05-17 15:32:10.108 [main] ReportManager - Scenario Step: And I click on Place order button
[INFO ] 2024-05-17 15:32:10.310 [main] ReportManager - Moved the mouse to the middle of the element.
[INFO ] 2024-05-17 15:32:10.337 [main] ReportManager - Click "Place Order".
[INFO ] 2024-05-17 15:32:10.337 [main] ReportManager -   [32mAnd [0m[32mI click on Place order button[0m                                                      [90m# org.example.StepDefinitions.BuyProduct.PlaceOrder()[0m
[INFO ] 2024-05-17 15:32:10.338 [main] ReportManager - Scenario Step: And I fill in  place order without UserName and CreditCard form
[DEBUG] 2024-05-17 15:32:10.649 [main] ReportManager - Text cleared Using Native Clear
[INFO ] 2024-05-17 15:32:10.716 [main] ReportManager - Type "Egypt" into "By.xpath: //input[@id='country']".
[DEBUG] 2024-05-17 15:32:10.836 [main] ReportManager - Text cleared Using Native Clear
[INFO ] 2024-05-17 15:32:10.870 [main] ReportManager - Type "Cairo" into "City:".
[DEBUG] 2024-05-17 15:32:10.966 [main] ReportManager - Text cleared Using Native Clear
[INFO ] 2024-05-17 15:32:11.000 [main] ReportManager - Type "5" into "Month:".
[DEBUG] 2024-05-17 15:32:11.086 [main] ReportManager - Text cleared Using Native Clear
[INFO ] 2024-05-17 15:32:11.125 [main] ReportManager - Type "2024" into "Year:".
[INFO ] 2024-05-17 15:32:11.125 [main] ReportManager -   [32mAnd [0m[32mI fill in  place order without UserName and CreditCard form[0m                        [90m# org.example.StepDefinitions.MandatoryFields.FillForm()[0m
[INFO ] 2024-05-17 15:32:11.125 [main] ReportManager - Scenario Step: And I click on Purchase button in place order Form
[INFO ] 2024-05-17 15:32:11.288 [main] ReportManager - Moved the mouse to the middle of the element.
[INFO ] 2024-05-17 15:32:11.326 [main] ReportManager - Click "Purchase".
[INFO ] 2024-05-17 15:32:11.327 [main] ReportManager -   [32mAnd [0m[32mI click on Purchase button in place order Form[0m                                     [90m# org.example.StepDefinitions.BuyProduct.PlaceOrderButton()[0m
[INFO ] 2024-05-17 15:32:11.327 [main] ReportManager - Scenario Step: Then I validate that 'Please fill out Name and Creditcard.' Alert is displayed
[INFO ] 2024-05-17 15:32:11.477 [main] ReportManager -   [32mThen [0m[32mI validate that [0m[32m[1m'Please fill out Name and Creditcard.'[0m[32m Alert is displayed[0m         [90m# org.example.StepDefinitions.MandatoryFields.validateTextDisplayed(java.lang.String)[0m
[INFO ] 2024-05-17 15:32:11.478 [main] ReportManager - Scenario Hook: AFTER
[INFO ] 2024-05-17 15:32:11.735 [main] ReportManager - Successfully Closed Driver.
[ERROR] 2024-05-17 15:32:11.746 [main] AllureLifecycle - Could not add attachment: no test is running
[INFO ] 2024-05-17 15:32:11.748 [main] ReportManager - Successfully created attachment 'SHAFT Engine Logs - Current Method log: runScenario'
[INFO ] 2024-05-17 15:32:11.862 [main] ReportManager - 
[0;7m------------------------------------------------------------------------------------------------------------------------------------------------
                                           Starting execution of engine tear down configuration method                                           
                                        'com.shaft.listeners.internal.ConfigurationHelper.engineTearDown'                                        
------------------------------------------------------------------------------------------------------------------------------------------------
[0m
[INFO ] 2024-05-17 15:32:11.865 [main] ReportManager - Successfully created attachment 'SHAFT Engine Logs - Execution log'
